INFO	2020-05-19 19:01:32	AddOrReplaceReadGroups	

********** NOTE: Picard's command line syntax is changing.
**********
********** For more information, please see:
********** https://github.com/broadinstitute/picard/wiki/Command-Line-Syntax-Transition-For-Users-(Pre-Transition)
**********
********** The command line looks like this in the new syntax:
**********
**********    AddOrReplaceReadGroups -RGID RNA2A -RGLB RNA2A -RGPL RNA2A -RGPU RNA2A -RGSM RNA2A -VALIDATION_STRINGENCY LENIENT -I outs/STAR/bams/RNA2A.Aligned.sortedByCoord.out.bam -O outs/STAR/bams/RNA2A.Aligned.sortedByCoord.out.rgAligned.bam
**********


19:01:32.709 INFO  NativeLibraryLoader - Loading libgkl_compression.so from jar:file:/data/exploratory/Users/jeff.alvarez/omics-pipeline/.snakemake/conda/fbcb7705/share/picard-2.22.1-0/picard.jar!/com/intel/gkl/native/libgkl_compression.so
[Tue May 19 19:01:32 EDT 2020] AddOrReplaceReadGroups INPUT=outs/STAR/bams/RNA2A.Aligned.sortedByCoord.out.bam OUTPUT=outs/STAR/bams/RNA2A.Aligned.sortedByCoord.out.rgAligned.bam RGID=RNA2A RGLB=RNA2A RGPL=RNA2A RGPU=RNA2A RGSM=RNA2A VALIDATION_STRINGENCY=LENIENT    VERBOSITY=INFO QUIET=false COMPRESSION_LEVEL=5 MAX_RECORDS_IN_RAM=500000 CREATE_INDEX=false CREATE_MD5_FILE=false GA4GH_CLIENT_SECRETS=client_secrets.json USE_JDK_DEFLATER=false USE_JDK_INFLATER=false
[Tue May 19 19:01:32 EDT 2020] Executing as jeff.alvarez@BOS-RDS-P009.agios.local on Linux 4.15.0-99-generic amd64; OpenJDK 64-Bit Server VM 11.0.1-internal+0-adhoc..src; Deflater: Intel; Inflater: Intel; Provider GCS is not available; Picard version: 2.22.1
Ignoring SAM validation error: ERROR::HEADER_RECORD_MISSING_REQUIRED_TAG:File /data/exploratory/Users/jeff.alvarez/omics-pipeline/outs/STAR/bams/RNA2A.Aligned.sortedByCoord.out.bam, Error parsing SAM header. @RG line missing SM tag. Line:
@RG	ID:RNA2A
INFO	2020-05-19 19:01:32	AddOrReplaceReadGroups	Created read-group ID=RNA2A PL=RNA2A LB=RNA2A SM=RNA2A

INFO	2020-05-19 19:01:45	AddOrReplaceReadGroups	Processed     1,000,000 records.  Elapsed time: 00:00:12s.  Time for last 1,000,000:   12s.  Last read position: 1:24,613,383
INFO	2020-05-19 19:01:54	AddOrReplaceReadGroups	Processed     2,000,000 records.  Elapsed time: 00:00:21s.  Time for last 1,000,000:    9s.  Last read position: 1:30,805,791
INFO	2020-05-19 19:02:04	AddOrReplaceReadGroups	Processed     3,000,000 records.  Elapsed time: 00:00:32s.  Time for last 1,000,000:   10s.  Last read position: 1:43,050,573
INFO	2020-05-19 19:02:14	AddOrReplaceReadGroups	Processed     4,000,000 records.  Elapsed time: 00:00:42s.  Time for last 1,000,000:   10s.  Last read position: 1:55,084,746
INFO	2020-05-19 19:02:24	AddOrReplaceReadGroups	Processed     5,000,000 records.  Elapsed time: 00:00:52s.  Time for last 1,000,000:    9s.  Last read position: 1:63,179,080
INFO	2020-05-19 19:02:36	AddOrReplaceReadGroups	Processed     6,000,000 records.  Elapsed time: 00:01:03s.  Time for last 1,000,000:   11s.  Last read position: 1:78,476,231
INFO	2020-05-19 19:02:46	AddOrReplaceReadGroups	Processed     7,000,000 records.  Elapsed time: 00:01:13s.  Time for last 1,000,000:   10s.  Last read position: 1:87,946,287
INFO	2020-05-19 19:02:56	AddOrReplaceReadGroups	Processed     8,000,000 records.  Elapsed time: 00:01:23s.  Time for last 1,000,000:   10s.  Last read position: 1:117,707,884
INFO	2020-05-19 19:03:07	AddOrReplaceReadGroups	Processed     9,000,000 records.  Elapsed time: 00:01:34s.  Time for last 1,000,000:   10s.  Last read position: 1:133,131,894
INFO	2020-05-19 19:03:17	AddOrReplaceReadGroups	Processed    10,000,000 records.  Elapsed time: 00:01:44s.  Time for last 1,000,000:   10s.  Last read position: 1:152,774,844
INFO	2020-05-19 19:03:28	AddOrReplaceReadGroups	Processed    11,000,000 records.  Elapsed time: 00:01:55s.  Time for last 1,000,000:   10s.  Last read position: 1:167,330,286
INFO	2020-05-19 19:03:41	AddOrReplaceReadGroups	Processed    12,000,000 records.  Elapsed time: 00:02:08s.  Time for last 1,000,000:   13s.  Last read position: 1:179,626,729
INFO	2020-05-19 19:03:52	AddOrReplaceReadGroups	Processed    13,000,000 records.  Elapsed time: 00:02:19s.  Time for last 1,000,000:   10s.  Last read position: 1:190,820,973
INFO	2020-05-19 19:04:02	AddOrReplaceReadGroups	Processed    14,000,000 records.  Elapsed time: 00:02:29s.  Time for last 1,000,000:   10s.  Last read position: 10:20,340,697
INFO	2020-05-19 19:04:12	AddOrReplaceReadGroups	Processed    15,000,000 records.  Elapsed time: 00:02:39s.  Time for last 1,000,000:   10s.  Last read position: 10:42,683,194
INFO	2020-05-19 19:04:24	AddOrReplaceReadGroups	Processed    16,000,000 records.  Elapsed time: 00:02:51s.  Time for last 1,000,000:   11s.  Last read position: 10:63,322,265
INFO	2020-05-19 19:04:34	AddOrReplaceReadGroups	Processed    17,000,000 records.  Elapsed time: 00:03:01s.  Time for last 1,000,000:   10s.  Last read position: 10:79,710,841
INFO	2020-05-19 19:04:44	AddOrReplaceReadGroups	Processed    18,000,000 records.  Elapsed time: 00:03:11s.  Time for last 1,000,000:    9s.  Last read position: 10:81,178,160
INFO	2020-05-19 19:04:55	AddOrReplaceReadGroups	Processed    19,000,000 records.  Elapsed time: 00:03:22s.  Time for last 1,000,000:   10s.  Last read position: 10:83,602,867
INFO	2020-05-19 19:05:05	AddOrReplaceReadGroups	Processed    20,000,000 records.  Elapsed time: 00:03:32s.  Time for last 1,000,000:   10s.  Last read position: 10:95,490,339
INFO	2020-05-19 19:05:15	AddOrReplaceReadGroups	Processed    21,000,000 records.  Elapsed time: 00:03:42s.  Time for last 1,000,000:   10s.  Last read position: 10:123,125,508
INFO	2020-05-19 19:05:26	AddOrReplaceReadGroups	Processed    22,000,000 records.  Elapsed time: 00:03:53s.  Time for last 1,000,000:   10s.  Last read position: 10:128,359,168
INFO	2020-05-19 19:05:35	AddOrReplaceReadGroups	Processed    23,000,000 records.  Elapsed time: 00:04:02s.  Time for last 1,000,000:    9s.  Last read position: 10:128,716,468
INFO	2020-05-19 19:05:45	AddOrReplaceReadGroups	Processed    24,000,000 records.  Elapsed time: 00:04:12s.  Time for last 1,000,000:    9s.  Last read position: 11:5,521,997
INFO	2020-05-19 19:05:56	AddOrReplaceReadGroups	Processed    25,000,000 records.  Elapsed time: 00:04:23s.  Time for last 1,000,000:   10s.  Last read position: 11:20,094,357
INFO	2020-05-19 19:06:06	AddOrReplaceReadGroups	Processed    26,000,000 records.  Elapsed time: 00:04:33s.  Time for last 1,000,000:    9s.  Last read position: 11:31,932,724
INFO	2020-05-19 19:06:15	AddOrReplaceReadGroups	Processed    27,000,000 records.  Elapsed time: 00:04:43s.  Time for last 1,000,000:    9s.  Last read position: 11:48,804,257
INFO	2020-05-19 19:06:26	AddOrReplaceReadGroups	Processed    28,000,000 records.  Elapsed time: 00:04:53s.  Time for last 1,000,000:   10s.  Last read position: 11:51,601,278
INFO	2020-05-19 19:06:36	AddOrReplaceReadGroups	Processed    29,000,000 records.  Elapsed time: 00:05:03s.  Time for last 1,000,000:   10s.  Last read position: 11:54,772,276
INFO	2020-05-19 19:06:46	AddOrReplaceReadGroups	Processed    30,000,000 records.  Elapsed time: 00:05:13s.  Time for last 1,000,000:    9s.  Last read position: 11:59,775,845
INFO	2020-05-19 19:06:56	AddOrReplaceReadGroups	Processed    31,000,000 records.  Elapsed time: 00:05:24s.  Time for last 1,000,000:   10s.  Last read position: 11:62,552,655
INFO	2020-05-19 19:07:06	AddOrReplaceReadGroups	Processed    32,000,000 records.  Elapsed time: 00:05:33s.  Time for last 1,000,000:    9s.  Last read position: 11:69,917,223
INFO	2020-05-19 19:07:17	AddOrReplaceReadGroups	Processed    33,000,000 records.  Elapsed time: 00:05:44s.  Time for last 1,000,000:   10s.  Last read position: 11:75,487,627
INFO	2020-05-19 19:07:28	AddOrReplaceReadGroups	Processed    34,000,000 records.  Elapsed time: 00:05:55s.  Time for last 1,000,000:   11s.  Last read position: 11:78,232,536
INFO	2020-05-19 19:07:39	AddOrReplaceReadGroups	Processed    35,000,000 records.  Elapsed time: 00:06:06s.  Time for last 1,000,000:   10s.  Last read position: 11:86,203,926
INFO	2020-05-19 19:07:49	AddOrReplaceReadGroups	Processed    36,000,000 records.  Elapsed time: 00:06:16s.  Time for last 1,000,000:    9s.  Last read position: 11:93,866,561
INFO	2020-05-19 19:07:59	AddOrReplaceReadGroups	Processed    37,000,000 records.  Elapsed time: 00:06:26s.  Time for last 1,000,000:    9s.  Last read position: 11:97,781,388
INFO	2020-05-19 19:08:10	AddOrReplaceReadGroups	Processed    38,000,000 records.  Elapsed time: 00:06:37s.  Time for last 1,000,000:   11s.  Last read position: 11:100,783,121
INFO	2020-05-19 19:08:20	AddOrReplaceReadGroups	Processed    39,000,000 records.  Elapsed time: 00:06:47s.  Time for last 1,000,000:    9s.  Last read position: 11:102,839,437
INFO	2020-05-19 19:08:30	AddOrReplaceReadGroups	Processed    40,000,000 records.  Elapsed time: 00:06:57s.  Time for last 1,000,000:    9s.  Last read position: 11:107,076,553
INFO	2020-05-19 19:08:41	AddOrReplaceReadGroups	Processed    41,000,000 records.  Elapsed time: 00:07:08s.  Time for last 1,000,000:   11s.  Last read position: 11:116,082,274
INFO	2020-05-19 19:08:52	AddOrReplaceReadGroups	Processed    42,000,000 records.  Elapsed time: 00:07:19s.  Time for last 1,000,000:   10s.  Last read position: 11:119,440,433
INFO	2020-05-19 19:09:01	AddOrReplaceReadGroups	Processed    43,000,000 records.  Elapsed time: 00:07:28s.  Time for last 1,000,000:    9s.  Last read position: 11:120,560,815
INFO	2020-05-19 19:09:12	AddOrReplaceReadGroups	Processed    44,000,000 records.  Elapsed time: 00:07:39s.  Time for last 1,000,000:   10s.  Last read position: 12:3,910,486
INFO	2020-05-19 19:09:23	AddOrReplaceReadGroups	Processed    45,000,000 records.  Elapsed time: 00:07:50s.  Time for last 1,000,000:   11s.  Last read position: 12:21,113,904
INFO	2020-05-19 19:09:33	AddOrReplaceReadGroups	Processed    46,000,000 records.  Elapsed time: 00:08:00s.  Time for last 1,000,000:   10s.  Last read position: 12:40,204,402
INFO	2020-05-19 19:09:43	AddOrReplaceReadGroups	Processed    47,000,000 records.  Elapsed time: 00:08:10s.  Time for last 1,000,000:   10s.  Last read position: 12:65,161,876
INFO	2020-05-19 19:09:54	AddOrReplaceReadGroups	Processed    48,000,000 records.  Elapsed time: 00:08:21s.  Time for last 1,000,000:   11s.  Last read position: 12:69,159,319
INFO	2020-05-19 19:10:04	AddOrReplaceReadGroups	Processed    49,000,000 records.  Elapsed time: 00:08:31s.  Time for last 1,000,000:    9s.  Last read position: 12:69,159,365
INFO	2020-05-19 19:10:13	AddOrReplaceReadGroups	Processed    50,000,000 records.  Elapsed time: 00:08:40s.  Time for last 1,000,000:    9s.  Last read position: 12:69,159,396
INFO	2020-05-19 19:10:24	AddOrReplaceReadGroups	Processed    51,000,000 records.  Elapsed time: 00:08:52s.  Time for last 1,000,000:   11s.  Last read position: 12:69,159,449
INFO	2020-05-19 19:10:33	AddOrReplaceReadGroups	Processed    52,000,000 records.  Elapsed time: 00:09:00s.  Time for last 1,000,000:    8s.  Last read position: 12:69,159,474
INFO	2020-05-19 19:10:43	AddOrReplaceReadGroups	Processed    53,000,000 records.  Elapsed time: 00:09:10s.  Time for last 1,000,000:    9s.  Last read position: 12:69,361,207
INFO	2020-05-19 19:10:51	AddOrReplaceReadGroups	Processed    54,000,000 records.  Elapsed time: 00:09:18s.  Time for last 1,000,000:    8s.  Last read position: 12:69,361,231
INFO	2020-05-19 19:11:00	AddOrReplaceReadGroups	Processed    55,000,000 records.  Elapsed time: 00:09:28s.  Time for last 1,000,000:    9s.  Last read position: 12:69,361,284
INFO	2020-05-19 19:11:09	AddOrReplaceReadGroups	Processed    56,000,000 records.  Elapsed time: 00:09:36s.  Time for last 1,000,000:    8s.  Last read position: 12:69,361,313
INFO	2020-05-19 19:11:19	AddOrReplaceReadGroups	Processed    57,000,000 records.  Elapsed time: 00:09:46s.  Time for last 1,000,000:    9s.  Last read position: 12:69,361,361
INFO	2020-05-19 19:11:29	AddOrReplaceReadGroups	Processed    58,000,000 records.  Elapsed time: 00:09:56s.  Time for last 1,000,000:   10s.  Last read position: 12:70,825,563
INFO	2020-05-19 19:11:40	AddOrReplaceReadGroups	Processed    59,000,000 records.  Elapsed time: 00:10:08s.  Time for last 1,000,000:   11s.  Last read position: 12:80,972,507
INFO	2020-05-19 19:11:51	AddOrReplaceReadGroups	Processed    60,000,000 records.  Elapsed time: 00:10:18s.  Time for last 1,000,000:   10s.  Last read position: 12:100,119,985
INFO	2020-05-19 19:12:01	AddOrReplaceReadGroups	Processed    61,000,000 records.  Elapsed time: 00:10:28s.  Time for last 1,000,000:    9s.  Last read position: 12:110,618,090
INFO	2020-05-19 19:12:11	AddOrReplaceReadGroups	Processed    62,000,000 records.  Elapsed time: 00:10:38s.  Time for last 1,000,000:   10s.  Last read position: 12:111,709,923
INFO	2020-05-19 19:12:22	AddOrReplaceReadGroups	Processed    63,000,000 records.  Elapsed time: 00:10:49s.  Time for last 1,000,000:   10s.  Last read position: 13:13,357,633
INFO	2020-05-19 19:12:31	AddOrReplaceReadGroups	Processed    64,000,000 records.  Elapsed time: 00:10:58s.  Time for last 1,000,000:    9s.  Last read position: 13:22,043,392
INFO	2020-05-19 19:12:41	AddOrReplaceReadGroups	Processed    65,000,000 records.  Elapsed time: 00:11:08s.  Time for last 1,000,000:    9s.  Last read position: 13:23,571,684
INFO	2020-05-19 19:12:50	AddOrReplaceReadGroups	Processed    66,000,000 records.  Elapsed time: 00:11:17s.  Time for last 1,000,000:    9s.  Last read position: 13:23,746,864
INFO	2020-05-19 19:12:59	AddOrReplaceReadGroups	Processed    67,000,000 records.  Elapsed time: 00:11:26s.  Time for last 1,000,000:    9s.  Last read position: 13:38,627,970
INFO	2020-05-19 19:13:11	AddOrReplaceReadGroups	Processed    68,000,000 records.  Elapsed time: 00:11:38s.  Time for last 1,000,000:   11s.  Last read position: 13:55,325,434
INFO	2020-05-19 19:13:21	AddOrReplaceReadGroups	Processed    69,000,000 records.  Elapsed time: 00:11:48s.  Time for last 1,000,000:   10s.  Last read position: 13:73,515,977
INFO	2020-05-19 19:13:31	AddOrReplaceReadGroups	Processed    70,000,000 records.  Elapsed time: 00:11:58s.  Time for last 1,000,000:   10s.  Last read position: 13:95,337,556
INFO	2020-05-19 19:13:42	AddOrReplaceReadGroups	Processed    71,000,000 records.  Elapsed time: 00:12:09s.  Time for last 1,000,000:   11s.  Last read position: 13:112,594,421
INFO	2020-05-19 19:13:52	AddOrReplaceReadGroups	Processed    72,000,000 records.  Elapsed time: 00:12:19s.  Time for last 1,000,000:   10s.  Last read position: 14:21,831,900
INFO	2020-05-19 19:14:02	AddOrReplaceReadGroups	Processed    73,000,000 records.  Elapsed time: 00:12:30s.  Time for last 1,000,000:   10s.  Last read position: 14:43,121,282
INFO	2020-05-19 19:14:13	AddOrReplaceReadGroups	Processed    74,000,000 records.  Elapsed time: 00:12:40s.  Time for last 1,000,000:   10s.  Last read position: 14:50,807,646
INFO	2020-05-19 19:14:23	AddOrReplaceReadGroups	Processed    75,000,000 records.  Elapsed time: 00:12:50s.  Time for last 1,000,000:   10s.  Last read position: 14:57,798,510
INFO	2020-05-19 19:14:33	AddOrReplaceReadGroups	Processed    76,000,000 records.  Elapsed time: 00:13:00s.  Time for last 1,000,000:   10s.  Last read position: 14:75,846,281
INFO	2020-05-19 19:14:44	AddOrReplaceReadGroups	Processed    77,000,000 records.  Elapsed time: 00:13:11s.  Time for last 1,000,000:   10s.  Last read position: 14:118,043,285
INFO	2020-05-19 19:14:54	AddOrReplaceReadGroups	Processed    78,000,000 records.  Elapsed time: 00:13:21s.  Time for last 1,000,000:   10s.  Last read position: 15:10,599,763
INFO	2020-05-19 19:15:04	AddOrReplaceReadGroups	Processed    79,000,000 records.  Elapsed time: 00:13:31s.  Time for last 1,000,000:   10s.  Last read position: 15:35,008,180
INFO	2020-05-19 19:15:15	AddOrReplaceReadGroups	Processed    80,000,000 records.  Elapsed time: 00:13:42s.  Time for last 1,000,000:   11s.  Last read position: 15:55,574,464
INFO	2020-05-19 19:15:25	AddOrReplaceReadGroups	Processed    81,000,000 records.  Elapsed time: 00:13:53s.  Time for last 1,000,000:   10s.  Last read position: 15:75,895,861
INFO	2020-05-19 19:15:36	AddOrReplaceReadGroups	Processed    82,000,000 records.  Elapsed time: 00:14:03s.  Time for last 1,000,000:   10s.  Last read position: 15:77,735,885
INFO	2020-05-19 19:15:47	AddOrReplaceReadGroups	Processed    83,000,000 records.  Elapsed time: 00:14:14s.  Time for last 1,000,000:   11s.  Last read position: 15:80,080,817
INFO	2020-05-19 19:15:57	AddOrReplaceReadGroups	Processed    84,000,000 records.  Elapsed time: 00:14:24s.  Time for last 1,000,000:    9s.  Last read position: 15:83,116,857
INFO	2020-05-19 19:16:07	AddOrReplaceReadGroups	Processed    85,000,000 records.  Elapsed time: 00:14:34s.  Time for last 1,000,000:   10s.  Last read position: 15:93,234,372
INFO	2020-05-19 19:16:17	AddOrReplaceReadGroups	Processed    86,000,000 records.  Elapsed time: 00:14:44s.  Time for last 1,000,000:    9s.  Last read position: 15:93,234,490
INFO	2020-05-19 19:16:26	AddOrReplaceReadGroups	Processed    87,000,000 records.  Elapsed time: 00:14:54s.  Time for last 1,000,000:    9s.  Last read position: 15:98,932,289
INFO	2020-05-19 19:16:36	AddOrReplaceReadGroups	Processed    88,000,000 records.  Elapsed time: 00:15:03s.  Time for last 1,000,000:    9s.  Last read position: 15:100,012,973
INFO	2020-05-19 19:16:47	AddOrReplaceReadGroups	Processed    89,000,000 records.  Elapsed time: 00:15:14s.  Time for last 1,000,000:   10s.  Last read position: 16:4,706,735
INFO	2020-05-19 19:16:57	AddOrReplaceReadGroups	Processed    90,000,000 records.  Elapsed time: 00:15:24s.  Time for last 1,000,000:   10s.  Last read position: 16:17,282,025
INFO	2020-05-19 19:17:07	AddOrReplaceReadGroups	Processed    91,000,000 records.  Elapsed time: 00:15:34s.  Time for last 1,000,000:   10s.  Last read position: 16:22,865,485
INFO	2020-05-19 19:17:19	AddOrReplaceReadGroups	Processed    92,000,000 records.  Elapsed time: 00:15:46s.  Time for last 1,000,000:   11s.  Last read position: 16:35,971,932
INFO	2020-05-19 19:17:29	AddOrReplaceReadGroups	Processed    93,000,000 records.  Elapsed time: 00:15:56s.  Time for last 1,000,000:   10s.  Last read position: 16:57,391,434
INFO	2020-05-19 19:17:39	AddOrReplaceReadGroups	Processed    94,000,000 records.  Elapsed time: 00:16:06s.  Time for last 1,000,000:   10s.  Last read position: 16:91,625,419
INFO	2020-05-19 19:17:50	AddOrReplaceReadGroups	Processed    95,000,000 records.  Elapsed time: 00:16:17s.  Time for last 1,000,000:   10s.  Last read position: 17:6,132,458
INFO	2020-05-19 19:18:00	AddOrReplaceReadGroups	Processed    96,000,000 records.  Elapsed time: 00:16:27s.  Time for last 1,000,000:   10s.  Last read position: 17:20,957,035
INFO	2020-05-19 19:18:10	AddOrReplaceReadGroups	Processed    97,000,000 records.  Elapsed time: 00:16:37s.  Time for last 1,000,000:    9s.  Last read position: 17:25,100,107
INFO	2020-05-19 19:18:21	AddOrReplaceReadGroups	Processed    98,000,000 records.  Elapsed time: 00:16:48s.  Time for last 1,000,000:   10s.  Last read position: 17:29,000,023
INFO	2020-05-19 19:18:31	AddOrReplaceReadGroups	Processed    99,000,000 records.  Elapsed time: 00:16:58s.  Time for last 1,000,000:   10s.  Last read position: 17:34,065,497
INFO	2020-05-19 19:18:41	AddOrReplaceReadGroups	Processed   100,000,000 records.  Elapsed time: 00:17:08s.  Time for last 1,000,000:    9s.  Last read position: 17:35,836,194
INFO	2020-05-19 19:18:50	AddOrReplaceReadGroups	Processed   101,000,000 records.  Elapsed time: 00:17:18s.  Time for last 1,000,000:    9s.  Last read position: 17:39,843,316
INFO	2020-05-19 19:19:01	AddOrReplaceReadGroups	Processed   102,000,000 records.  Elapsed time: 00:17:28s.  Time for last 1,000,000:   10s.  Last read position: 17:39,843,762
INFO	2020-05-19 19:19:10	AddOrReplaceReadGroups	Processed   103,000,000 records.  Elapsed time: 00:17:37s.  Time for last 1,000,000:    9s.  Last read position: 17:39,844,707
INFO	2020-05-19 19:19:19	AddOrReplaceReadGroups	Processed   104,000,000 records.  Elapsed time: 00:17:46s.  Time for last 1,000,000:    9s.  Last read position: 17:39,847,784
INFO	2020-05-19 19:19:29	AddOrReplaceReadGroups	Processed   105,000,000 records.  Elapsed time: 00:17:57s.  Time for last 1,000,000:   10s.  Last read position: 17:45,569,004
INFO	2020-05-19 19:19:39	AddOrReplaceReadGroups	Processed   106,000,000 records.  Elapsed time: 00:18:07s.  Time for last 1,000,000:   10s.  Last read position: 17:47,621,770
INFO	2020-05-19 19:19:50	AddOrReplaceReadGroups	Processed   107,000,000 records.  Elapsed time: 00:18:17s.  Time for last 1,000,000:   10s.  Last read position: 17:65,580,352
INFO	2020-05-19 19:20:01	AddOrReplaceReadGroups	Processed   108,000,000 records.  Elapsed time: 00:18:28s.  Time for last 1,000,000:   11s.  Last read position: 17:83,215,988
INFO	2020-05-19 19:20:11	AddOrReplaceReadGroups	Processed   109,000,000 records.  Elapsed time: 00:18:38s.  Time for last 1,000,000:   10s.  Last read position: 18:20,828,581
INFO	2020-05-19 19:20:21	AddOrReplaceReadGroups	Processed   110,000,000 records.  Elapsed time: 00:18:48s.  Time for last 1,000,000:   10s.  Last read position: 18:36,766,398
INFO	2020-05-19 19:20:32	AddOrReplaceReadGroups	Processed   111,000,000 records.  Elapsed time: 00:18:59s.  Time for last 1,000,000:   11s.  Last read position: 18:60,777,079
INFO	2020-05-19 19:20:42	AddOrReplaceReadGroups	Processed   112,000,000 records.  Elapsed time: 00:19:09s.  Time for last 1,000,000:   10s.  Last read position: 18:77,781,258
INFO	2020-05-19 19:20:52	AddOrReplaceReadGroups	Processed   113,000,000 records.  Elapsed time: 00:19:19s.  Time for last 1,000,000:   10s.  Last read position: 19:5,091,606
INFO	2020-05-19 19:21:04	AddOrReplaceReadGroups	Processed   114,000,000 records.  Elapsed time: 00:19:31s.  Time for last 1,000,000:   11s.  Last read position: 19:6,365,860
INFO	2020-05-19 19:21:14	AddOrReplaceReadGroups	Processed   115,000,000 records.  Elapsed time: 00:19:41s.  Time for last 1,000,000:    9s.  Last read position: 19:10,606,871
INFO	2020-05-19 19:21:24	AddOrReplaceReadGroups	Processed   116,000,000 records.  Elapsed time: 00:19:51s.  Time for last 1,000,000:    9s.  Last read position: 19:29,787,885
INFO	2020-05-19 19:21:35	AddOrReplaceReadGroups	Processed   117,000,000 records.  Elapsed time: 00:20:02s.  Time for last 1,000,000:   11s.  Last read position: 19:40,349,192
INFO	2020-05-19 19:21:45	AddOrReplaceReadGroups	Processed   118,000,000 records.  Elapsed time: 00:20:12s.  Time for last 1,000,000:    9s.  Last read position: 19:44,974,030
INFO	2020-05-19 19:21:55	AddOrReplaceReadGroups	Processed   119,000,000 records.  Elapsed time: 00:20:22s.  Time for last 1,000,000:   10s.  Last read position: 19:60,765,639
INFO	2020-05-19 19:22:06	AddOrReplaceReadGroups	Processed   120,000,000 records.  Elapsed time: 00:20:33s.  Time for last 1,000,000:   10s.  Last read position: 2:7,076,254
INFO	2020-05-19 19:22:15	AddOrReplaceReadGroups	Processed   121,000,000 records.  Elapsed time: 00:20:42s.  Time for last 1,000,000:    9s.  Last read position: 2:13,579,475
INFO	2020-05-19 19:22:25	AddOrReplaceReadGroups	Processed   122,000,000 records.  Elapsed time: 00:20:52s.  Time for last 1,000,000:    9s.  Last read position: 2:26,340,466
INFO	2020-05-19 19:22:36	AddOrReplaceReadGroups	Processed   123,000,000 records.  Elapsed time: 00:21:04s.  Time for last 1,000,000:   11s.  Last read position: 2:30,030,175
INFO	2020-05-19 19:22:47	AddOrReplaceReadGroups	Processed   124,000,000 records.  Elapsed time: 00:21:14s.  Time for last 1,000,000:   10s.  Last read position: 2:34,729,129
INFO	2020-05-19 19:22:57	AddOrReplaceReadGroups	Processed   125,000,000 records.  Elapsed time: 00:21:24s.  Time for last 1,000,000:    9s.  Last read position: 2:50,292,242
INFO	2020-05-19 19:23:08	AddOrReplaceReadGroups	Processed   126,000,000 records.  Elapsed time: 00:21:35s.  Time for last 1,000,000:   11s.  Last read position: 2:73,908,677
INFO	2020-05-19 19:23:18	AddOrReplaceReadGroups	Processed   127,000,000 records.  Elapsed time: 00:21:45s.  Time for last 1,000,000:    9s.  Last read position: 2:84,694,634
INFO	2020-05-19 19:23:28	AddOrReplaceReadGroups	Processed   128,000,000 records.  Elapsed time: 00:21:56s.  Time for last 1,000,000:   10s.  Last read position: 2:103,768,263
INFO	2020-05-19 19:23:39	AddOrReplaceReadGroups	Processed   129,000,000 records.  Elapsed time: 00:22:06s.  Time for last 1,000,000:   10s.  Last read position: 2:120,531,749
INFO	2020-05-19 19:23:49	AddOrReplaceReadGroups	Processed   130,000,000 records.  Elapsed time: 00:22:17s.  Time for last 1,000,000:   10s.  Last read position: 2:127,297,424
INFO	2020-05-19 19:24:00	AddOrReplaceReadGroups	Processed   131,000,000 records.  Elapsed time: 00:22:27s.  Time for last 1,000,000:   10s.  Last read position: 2:144,269,862
INFO	2020-05-19 19:24:10	AddOrReplaceReadGroups	Processed   132,000,000 records.  Elapsed time: 00:22:37s.  Time for last 1,000,000:   10s.  Last read position: 2:155,197,045
INFO	2020-05-19 19:24:20	AddOrReplaceReadGroups	Processed   133,000,000 records.  Elapsed time: 00:22:47s.  Time for last 1,000,000:   10s.  Last read position: 2:164,054,416
INFO	2020-05-19 19:24:30	AddOrReplaceReadGroups	Processed   134,000,000 records.  Elapsed time: 00:22:58s.  Time for last 1,000,000:   10s.  Last read position: 2:174,429,163
INFO	2020-05-19 19:24:41	AddOrReplaceReadGroups	Processed   135,000,000 records.  Elapsed time: 00:23:08s.  Time for last 1,000,000:   10s.  Last read position: 3:5,860,601
INFO	2020-05-19 19:24:51	AddOrReplaceReadGroups	Processed   136,000,000 records.  Elapsed time: 00:23:18s.  Time for last 1,000,000:   10s.  Last read position: 3:33,803,142
INFO	2020-05-19 19:25:01	AddOrReplaceReadGroups	Processed   137,000,000 records.  Elapsed time: 00:23:28s.  Time for last 1,000,000:   10s.  Last read position: 3:58,104,191
INFO	2020-05-19 19:25:11	AddOrReplaceReadGroups	Processed   138,000,000 records.  Elapsed time: 00:23:38s.  Time for last 1,000,000:    9s.  Last read position: 3:79,280,531
INFO	2020-05-19 19:25:21	AddOrReplaceReadGroups	Processed   139,000,000 records.  Elapsed time: 00:23:49s.  Time for last 1,000,000:   10s.  Last read position: 3:88,299,351
INFO	2020-05-19 19:25:31	AddOrReplaceReadGroups	Processed   140,000,000 records.  Elapsed time: 00:23:58s.  Time for last 1,000,000:    9s.  Last read position: 3:89,751,910
INFO	2020-05-19 19:25:42	AddOrReplaceReadGroups	Processed   141,000,000 records.  Elapsed time: 00:24:09s.  Time for last 1,000,000:   10s.  Last read position: 3:95,868,843
INFO	2020-05-19 19:25:52	AddOrReplaceReadGroups	Processed   142,000,000 records.  Elapsed time: 00:24:19s.  Time for last 1,000,000:    9s.  Last read position: 3:96,245,845
INFO	2020-05-19 19:26:01	AddOrReplaceReadGroups	Processed   143,000,000 records.  Elapsed time: 00:24:28s.  Time for last 1,000,000:    8s.  Last read position: 3:98,314,401
INFO	2020-05-19 19:26:10	AddOrReplaceReadGroups	Processed   144,000,000 records.  Elapsed time: 00:24:38s.  Time for last 1,000,000:    9s.  Last read position: 3:105,731,965
INFO	2020-05-19 19:26:22	AddOrReplaceReadGroups	Processed   145,000,000 records.  Elapsed time: 00:24:49s.  Time for last 1,000,000:   11s.  Last read position: 3:122,278,455
INFO	2020-05-19 19:26:32	AddOrReplaceReadGroups	Processed   146,000,000 records.  Elapsed time: 00:24:59s.  Time for last 1,000,000:   10s.  Last read position: 3:142,566,507
INFO	2020-05-19 19:26:42	AddOrReplaceReadGroups	Processed   147,000,000 records.  Elapsed time: 00:25:09s.  Time for last 1,000,000:   10s.  Last read position: 4:8,535,733
INFO	2020-05-19 19:26:53	AddOrReplaceReadGroups	Processed   148,000,000 records.  Elapsed time: 00:25:20s.  Time for last 1,000,000:   10s.  Last read position: 4:41,115,238
INFO	2020-05-19 19:27:02	AddOrReplaceReadGroups	Processed   149,000,000 records.  Elapsed time: 00:25:29s.  Time for last 1,000,000:    9s.  Last read position: 4:43,555,120
INFO	2020-05-19 19:27:12	AddOrReplaceReadGroups	Processed   150,000,000 records.  Elapsed time: 00:25:40s.  Time for last 1,000,000:   10s.  Last read position: 4:57,710,930
INFO	2020-05-19 19:27:23	AddOrReplaceReadGroups	Processed   151,000,000 records.  Elapsed time: 00:25:50s.  Time for last 1,000,000:   10s.  Last read position: 4:80,837,585
INFO	2020-05-19 19:27:32	AddOrReplaceReadGroups	Processed   152,000,000 records.  Elapsed time: 00:25:59s.  Time for last 1,000,000:    9s.  Last read position: 4:86,854,825
INFO	2020-05-19 19:27:43	AddOrReplaceReadGroups	Processed   153,000,000 records.  Elapsed time: 00:26:10s.  Time for last 1,000,000:   10s.  Last read position: 4:106,848,515
INFO	2020-05-19 19:27:53	AddOrReplaceReadGroups	Processed   154,000,000 records.  Elapsed time: 00:26:21s.  Time for last 1,000,000:   10s.  Last read position: 4:117,190,483
INFO	2020-05-19 19:28:03	AddOrReplaceReadGroups	Processed   155,000,000 records.  Elapsed time: 00:26:31s.  Time for last 1,000,000:   10s.  Last read position: 4:126,744,773
INFO	2020-05-19 19:28:14	AddOrReplaceReadGroups	Processed   156,000,000 records.  Elapsed time: 00:26:41s.  Time for last 1,000,000:   10s.  Last read position: 4:134,804,161
INFO	2020-05-19 19:28:24	AddOrReplaceReadGroups	Processed   157,000,000 records.  Elapsed time: 00:26:52s.  Time for last 1,000,000:   10s.  Last read position: 4:140,996,706
INFO	2020-05-19 19:28:35	AddOrReplaceReadGroups	Processed   158,000,000 records.  Elapsed time: 00:27:02s.  Time for last 1,000,000:   10s.  Last read position: 4:150,242,127
INFO	2020-05-19 19:28:44	AddOrReplaceReadGroups	Processed   159,000,000 records.  Elapsed time: 00:27:12s.  Time for last 1,000,000:    9s.  Last read position: 4:154,320,694
INFO	2020-05-19 19:28:55	AddOrReplaceReadGroups	Processed   160,000,000 records.  Elapsed time: 00:27:22s.  Time for last 1,000,000:   10s.  Last read position: 5:19,277,799
INFO	2020-05-19 19:29:05	AddOrReplaceReadGroups	Processed   161,000,000 records.  Elapsed time: 00:27:32s.  Time for last 1,000,000:   10s.  Last read position: 5:30,959,273
INFO	2020-05-19 19:29:16	AddOrReplaceReadGroups	Processed   162,000,000 records.  Elapsed time: 00:27:43s.  Time for last 1,000,000:   10s.  Last read position: 5:38,201,108
INFO	2020-05-19 19:29:26	AddOrReplaceReadGroups	Processed   163,000,000 records.  Elapsed time: 00:27:54s.  Time for last 1,000,000:   10s.  Last read position: 5:73,021,409
INFO	2020-05-19 19:29:37	AddOrReplaceReadGroups	Processed   164,000,000 records.  Elapsed time: 00:28:04s.  Time for last 1,000,000:   10s.  Last read position: 5:104,018,248
INFO	2020-05-19 19:29:47	AddOrReplaceReadGroups	Processed   165,000,000 records.  Elapsed time: 00:28:14s.  Time for last 1,000,000:   10s.  Last read position: 5:115,559,823
INFO	2020-05-19 19:29:57	AddOrReplaceReadGroups	Processed   166,000,000 records.  Elapsed time: 00:28:25s.  Time for last 1,000,000:   10s.  Last read position: 5:121,206,799
INFO	2020-05-19 19:30:08	AddOrReplaceReadGroups	Processed   167,000,000 records.  Elapsed time: 00:28:35s.  Time for last 1,000,000:   10s.  Last read position: 5:124,712,332
INFO	2020-05-19 19:30:16	AddOrReplaceReadGroups	Processed   168,000,000 records.  Elapsed time: 00:28:43s.  Time for last 1,000,000:    8s.  Last read position: 5:129,787,528
INFO	2020-05-19 19:30:27	AddOrReplaceReadGroups	Processed   169,000,000 records.  Elapsed time: 00:28:54s.  Time for last 1,000,000:   10s.  Last read position: 5:137,297,121
INFO	2020-05-19 19:30:37	AddOrReplaceReadGroups	Processed   170,000,000 records.  Elapsed time: 00:29:04s.  Time for last 1,000,000:    9s.  Last read position: 5:142,904,091
INFO	2020-05-19 19:30:46	AddOrReplaceReadGroups	Processed   171,000,000 records.  Elapsed time: 00:29:13s.  Time for last 1,000,000:    9s.  Last read position: 5:145,128,042
INFO	2020-05-19 19:30:57	AddOrReplaceReadGroups	Processed   172,000,000 records.  Elapsed time: 00:29:24s.  Time for last 1,000,000:   10s.  Last read position: 6:6,399,247
INFO	2020-05-19 19:31:07	AddOrReplaceReadGroups	Processed   173,000,000 records.  Elapsed time: 00:29:35s.  Time for last 1,000,000:   10s.  Last read position: 6:28,888,610
INFO	2020-05-19 19:31:18	AddOrReplaceReadGroups	Processed   174,000,000 records.  Elapsed time: 00:29:45s.  Time for last 1,000,000:   10s.  Last read position: 6:37,328,898
INFO	2020-05-19 19:31:29	AddOrReplaceReadGroups	Processed   175,000,000 records.  Elapsed time: 00:29:56s.  Time for last 1,000,000:   10s.  Last read position: 6:49,045,424
INFO	2020-05-19 19:31:38	AddOrReplaceReadGroups	Processed   176,000,000 records.  Elapsed time: 00:30:06s.  Time for last 1,000,000:    9s.  Last read position: 6:52,546,628
INFO	2020-05-19 19:31:48	AddOrReplaceReadGroups	Processed   177,000,000 records.  Elapsed time: 00:30:16s.  Time for last 1,000,000:   10s.  Last read position: 6:69,516,399
INFO	2020-05-19 19:31:58	AddOrReplaceReadGroups	Processed   178,000,000 records.  Elapsed time: 00:30:25s.  Time for last 1,000,000:    9s.  Last read position: 6:72,434,167
INFO	2020-05-19 19:32:08	AddOrReplaceReadGroups	Processed   179,000,000 records.  Elapsed time: 00:30:35s.  Time for last 1,000,000:   10s.  Last read position: 6:85,467,723
INFO	2020-05-19 19:32:18	AddOrReplaceReadGroups	Processed   180,000,000 records.  Elapsed time: 00:30:45s.  Time for last 1,000,000:    9s.  Last read position: 6:88,887,765
INFO	2020-05-19 19:32:29	AddOrReplaceReadGroups	Processed   181,000,000 records.  Elapsed time: 00:30:56s.  Time for last 1,000,000:   10s.  Last read position: 6:108,113,502
INFO	2020-05-19 19:32:39	AddOrReplaceReadGroups	Processed   182,000,000 records.  Elapsed time: 00:31:06s.  Time for last 1,000,000:   10s.  Last read position: 6:117,862,975
INFO	2020-05-19 19:32:49	AddOrReplaceReadGroups	Processed   183,000,000 records.  Elapsed time: 00:31:16s.  Time for last 1,000,000:    9s.  Last read position: 6:124,817,942
INFO	2020-05-19 19:32:59	AddOrReplaceReadGroups	Processed   184,000,000 records.  Elapsed time: 00:31:26s.  Time for last 1,000,000:    9s.  Last read position: 6:126,824,657
INFO	2020-05-19 19:33:09	AddOrReplaceReadGroups	Processed   185,000,000 records.  Elapsed time: 00:31:37s.  Time for last 1,000,000:   10s.  Last read position: 6:137,750,665
INFO	2020-05-19 19:33:20	AddOrReplaceReadGroups	Processed   186,000,000 records.  Elapsed time: 00:31:47s.  Time for last 1,000,000:   10s.  Last read position: 7:4,793,334
INFO	2020-05-19 19:33:30	AddOrReplaceReadGroups	Processed   187,000,000 records.  Elapsed time: 00:31:57s.  Time for last 1,000,000:   10s.  Last read position: 7:18,509,601
INFO	2020-05-19 19:33:41	AddOrReplaceReadGroups	Processed   188,000,000 records.  Elapsed time: 00:32:08s.  Time for last 1,000,000:   10s.  Last read position: 7:27,638,873
INFO	2020-05-19 19:33:51	AddOrReplaceReadGroups	Processed   189,000,000 records.  Elapsed time: 00:32:18s.  Time for last 1,000,000:   10s.  Last read position: 7:34,205,847
INFO	2020-05-19 19:34:01	AddOrReplaceReadGroups	Processed   190,000,000 records.  Elapsed time: 00:32:28s.  Time for last 1,000,000:   10s.  Last read position: 7:45,457,963
INFO	2020-05-19 19:34:11	AddOrReplaceReadGroups	Processed   191,000,000 records.  Elapsed time: 00:32:38s.  Time for last 1,000,000:    9s.  Last read position: 7:45,719,599
INFO	2020-05-19 19:34:21	AddOrReplaceReadGroups	Processed   192,000,000 records.  Elapsed time: 00:32:48s.  Time for last 1,000,000:    9s.  Last read position: 7:66,285,340
INFO	2020-05-19 19:34:31	AddOrReplaceReadGroups	Processed   193,000,000 records.  Elapsed time: 00:32:58s.  Time for last 1,000,000:   10s.  Last read position: 7:88,507,785
INFO	2020-05-19 19:34:42	AddOrReplaceReadGroups	Processed   194,000,000 records.  Elapsed time: 00:33:09s.  Time for last 1,000,000:   10s.  Last read position: 7:100,095,812
INFO	2020-05-19 19:34:52	AddOrReplaceReadGroups	Processed   195,000,000 records.  Elapsed time: 00:33:19s.  Time for last 1,000,000:   10s.  Last read position: 7:110,139,687
INFO	2020-05-19 19:35:02	AddOrReplaceReadGroups	Processed   196,000,000 records.  Elapsed time: 00:33:29s.  Time for last 1,000,000:    9s.  Last read position: 7:118,489,550
INFO	2020-05-19 19:35:12	AddOrReplaceReadGroups	Processed   197,000,000 records.  Elapsed time: 00:33:40s.  Time for last 1,000,000:   10s.  Last read position: 7:126,796,866
INFO	2020-05-19 19:35:23	AddOrReplaceReadGroups	Processed   198,000,000 records.  Elapsed time: 00:33:50s.  Time for last 1,000,000:   10s.  Last read position: 7:133,704,729
INFO	2020-05-19 19:35:33	AddOrReplaceReadGroups	Processed   199,000,000 records.  Elapsed time: 00:34:00s.  Time for last 1,000,000:   10s.  Last read position: 7:142,385,576
INFO	2020-05-19 19:35:44	AddOrReplaceReadGroups	Processed   200,000,000 records.  Elapsed time: 00:34:11s.  Time for last 1,000,000:   11s.  Last read position: 8:13,762,994
INFO	2020-05-19 19:35:54	AddOrReplaceReadGroups	Processed   201,000,000 records.  Elapsed time: 00:34:21s.  Time for last 1,000,000:   10s.  Last read position: 8:33,669,169
INFO	2020-05-19 19:36:05	AddOrReplaceReadGroups	Processed   202,000,000 records.  Elapsed time: 00:34:32s.  Time for last 1,000,000:   10s.  Last read position: 8:66,483,243
INFO	2020-05-19 19:36:16	AddOrReplaceReadGroups	Processed   203,000,000 records.  Elapsed time: 00:34:43s.  Time for last 1,000,000:   11s.  Last read position: 8:71,545,622
INFO	2020-05-19 19:36:26	AddOrReplaceReadGroups	Processed   204,000,000 records.  Elapsed time: 00:34:53s.  Time for last 1,000,000:   10s.  Last read position: 8:84,838,509
INFO	2020-05-19 19:36:36	AddOrReplaceReadGroups	Processed   205,000,000 records.  Elapsed time: 00:35:03s.  Time for last 1,000,000:   10s.  Last read position: 8:94,295,102
INFO	2020-05-19 19:36:47	AddOrReplaceReadGroups	Processed   206,000,000 records.  Elapsed time: 00:35:14s.  Time for last 1,000,000:   10s.  Last read position: 8:107,150,651
INFO	2020-05-19 19:36:57	AddOrReplaceReadGroups	Processed   207,000,000 records.  Elapsed time: 00:35:24s.  Time for last 1,000,000:   10s.  Last read position: 8:120,668,301
INFO	2020-05-19 19:37:07	AddOrReplaceReadGroups	Processed   208,000,000 records.  Elapsed time: 00:35:34s.  Time for last 1,000,000:    9s.  Last read position: 8:123,427,044
INFO	2020-05-19 19:37:18	AddOrReplaceReadGroups	Processed   209,000,000 records.  Elapsed time: 00:35:45s.  Time for last 1,000,000:   10s.  Last read position: 8:124,880,146
INFO	2020-05-19 19:37:28	AddOrReplaceReadGroups	Processed   210,000,000 records.  Elapsed time: 00:35:55s.  Time for last 1,000,000:   10s.  Last read position: 9:19,648,133
INFO	2020-05-19 19:37:38	AddOrReplaceReadGroups	Processed   211,000,000 records.  Elapsed time: 00:36:06s.  Time for last 1,000,000:   10s.  Last read position: 9:32,700,330
INFO	2020-05-19 19:37:48	AddOrReplaceReadGroups	Processed   212,000,000 records.  Elapsed time: 00:36:16s.  Time for last 1,000,000:   10s.  Last read position: 9:40,803,926
INFO	2020-05-19 19:37:58	AddOrReplaceReadGroups	Processed   213,000,000 records.  Elapsed time: 00:36:25s.  Time for last 1,000,000:    9s.  Last read position: 9:45,968,606
INFO	2020-05-19 19:38:09	AddOrReplaceReadGroups	Processed   214,000,000 records.  Elapsed time: 00:36:36s.  Time for last 1,000,000:   10s.  Last read position: 9:57,484,306
INFO	2020-05-19 19:38:19	AddOrReplaceReadGroups	Processed   215,000,000 records.  Elapsed time: 00:36:46s.  Time for last 1,000,000:   10s.  Last read position: 9:61,913,370
INFO	2020-05-19 19:38:29	AddOrReplaceReadGroups	Processed   216,000,000 records.  Elapsed time: 00:36:56s.  Time for last 1,000,000:    9s.  Last read position: 9:66,450,739
INFO	2020-05-19 19:38:39	AddOrReplaceReadGroups	Processed   217,000,000 records.  Elapsed time: 00:37:06s.  Time for last 1,000,000:   10s.  Last read position: 9:75,180,081
INFO	2020-05-19 19:38:48	AddOrReplaceReadGroups	Processed   218,000,000 records.  Elapsed time: 00:37:15s.  Time for last 1,000,000:    9s.  Last read position: 9:78,175,401
INFO	2020-05-19 19:38:57	AddOrReplaceReadGroups	Processed   219,000,000 records.  Elapsed time: 00:37:24s.  Time for last 1,000,000:    8s.  Last read position: 9:78,175,496
INFO	2020-05-19 19:39:06	AddOrReplaceReadGroups	Processed   220,000,000 records.  Elapsed time: 00:37:34s.  Time for last 1,000,000:    9s.  Last read position: 9:78,479,172
INFO	2020-05-19 19:39:16	AddOrReplaceReadGroups	Processed   221,000,000 records.  Elapsed time: 00:37:44s.  Time for last 1,000,000:    9s.  Last read position: 9:79,793,020
INFO	2020-05-19 19:39:27	AddOrReplaceReadGroups	Processed   222,000,000 records.  Elapsed time: 00:37:54s.  Time for last 1,000,000:   10s.  Last read position: 9:100,848,723
INFO	2020-05-19 19:39:37	AddOrReplaceReadGroups	Processed   223,000,000 records.  Elapsed time: 00:38:04s.  Time for last 1,000,000:   10s.  Last read position: 9:108,070,004
INFO	2020-05-19 19:39:48	AddOrReplaceReadGroups	Processed   224,000,000 records.  Elapsed time: 00:38:15s.  Time for last 1,000,000:   10s.  Last read position: 9:115,280,487
INFO	2020-05-19 19:39:58	AddOrReplaceReadGroups	Processed   225,000,000 records.  Elapsed time: 00:38:25s.  Time for last 1,000,000:    9s.  Last read position: 9:122,380,990
INFO	2020-05-19 19:40:08	AddOrReplaceReadGroups	Processed   226,000,000 records.  Elapsed time: 00:38:35s.  Time for last 1,000,000:    9s.  Last read position: MT:5,199
INFO	2020-05-19 19:40:17	AddOrReplaceReadGroups	Processed   227,000,000 records.  Elapsed time: 00:38:44s.  Time for last 1,000,000:    9s.  Last read position: MT:6,622
INFO	2020-05-19 19:40:26	AddOrReplaceReadGroups	Processed   228,000,000 records.  Elapsed time: 00:38:53s.  Time for last 1,000,000:    9s.  Last read position: MT:14,358
INFO	2020-05-19 19:40:36	AddOrReplaceReadGroups	Processed   229,000,000 records.  Elapsed time: 00:39:03s.  Time for last 1,000,000:   10s.  Last read position: X:33,508,822
INFO	2020-05-19 19:40:46	AddOrReplaceReadGroups	Processed   230,000,000 records.  Elapsed time: 00:39:14s.  Time for last 1,000,000:   10s.  Last read position: X:74,228,141
INFO	2020-05-19 19:40:57	AddOrReplaceReadGroups	Processed   231,000,000 records.  Elapsed time: 00:39:24s.  Time for last 1,000,000:   10s.  Last read position: X:100,622,214
INFO	2020-05-19 19:41:07	AddOrReplaceReadGroups	Processed   232,000,000 records.  Elapsed time: 00:39:34s.  Time for last 1,000,000:   10s.  Last read position: X:106,199,739
INFO	2020-05-19 19:41:17	AddOrReplaceReadGroups	Processed   233,000,000 records.  Elapsed time: 00:39:45s.  Time for last 1,000,000:   10s.  Last read position: X:152,797,779
[Tue May 19 19:41:26 EDT 2020] picard.sam.AddOrReplaceReadGroups done. Elapsed time: 39.89 minutes.
Runtime.totalMemory()=536870912
