INFO	2020-05-19 19:01:32	AddOrReplaceReadGroups	

********** NOTE: Picard's command line syntax is changing.
**********
********** For more information, please see:
********** https://github.com/broadinstitute/picard/wiki/Command-Line-Syntax-Transition-For-Users-(Pre-Transition)
**********
********** The command line looks like this in the new syntax:
**********
**********    AddOrReplaceReadGroups -RGID RNA4A -RGLB RNA4A -RGPL RNA4A -RGPU RNA4A -RGSM RNA4A -VALIDATION_STRINGENCY LENIENT -I outs/STAR/bams/RNA4A.Aligned.sortedByCoord.out.bam -O outs/STAR/bams/RNA4A.Aligned.sortedByCoord.out.rgAligned.bam
**********


19:01:32.824 INFO  NativeLibraryLoader - Loading libgkl_compression.so from jar:file:/data/exploratory/Users/jeff.alvarez/omics-pipeline/.snakemake/conda/fbcb7705/share/picard-2.22.1-0/picard.jar!/com/intel/gkl/native/libgkl_compression.so
[Tue May 19 19:01:32 EDT 2020] AddOrReplaceReadGroups INPUT=outs/STAR/bams/RNA4A.Aligned.sortedByCoord.out.bam OUTPUT=outs/STAR/bams/RNA4A.Aligned.sortedByCoord.out.rgAligned.bam RGID=RNA4A RGLB=RNA4A RGPL=RNA4A RGPU=RNA4A RGSM=RNA4A VALIDATION_STRINGENCY=LENIENT    VERBOSITY=INFO QUIET=false COMPRESSION_LEVEL=5 MAX_RECORDS_IN_RAM=500000 CREATE_INDEX=false CREATE_MD5_FILE=false GA4GH_CLIENT_SECRETS=client_secrets.json USE_JDK_DEFLATER=false USE_JDK_INFLATER=false
[Tue May 19 19:01:32 EDT 2020] Executing as jeff.alvarez@BOS-RDS-P009.agios.local on Linux 4.15.0-99-generic amd64; OpenJDK 64-Bit Server VM 11.0.1-internal+0-adhoc..src; Deflater: Intel; Inflater: Intel; Provider GCS is not available; Picard version: 2.22.1
Ignoring SAM validation error: ERROR::HEADER_RECORD_MISSING_REQUIRED_TAG:File /data/exploratory/Users/jeff.alvarez/omics-pipeline/outs/STAR/bams/RNA4A.Aligned.sortedByCoord.out.bam, Error parsing SAM header. @RG line missing SM tag. Line:
@RG	ID:RNA4A
INFO	2020-05-19 19:01:32	AddOrReplaceReadGroups	Created read-group ID=RNA4A PL=RNA4A LB=RNA4A SM=RNA4A

INFO	2020-05-19 19:01:44	AddOrReplaceReadGroups	Processed     1,000,000 records.  Elapsed time: 00:00:11s.  Time for last 1,000,000:   11s.  Last read position: 1:24,613,861
INFO	2020-05-19 19:01:53	AddOrReplaceReadGroups	Processed     2,000,000 records.  Elapsed time: 00:00:20s.  Time for last 1,000,000:    8s.  Last read position: 1:34,815,488
INFO	2020-05-19 19:02:04	AddOrReplaceReadGroups	Processed     3,000,000 records.  Elapsed time: 00:00:31s.  Time for last 1,000,000:   10s.  Last read position: 1:53,346,661
INFO	2020-05-19 19:02:14	AddOrReplaceReadGroups	Processed     4,000,000 records.  Elapsed time: 00:00:41s.  Time for last 1,000,000:    9s.  Last read position: 1:71,557,532
INFO	2020-05-19 19:02:23	AddOrReplaceReadGroups	Processed     5,000,000 records.  Elapsed time: 00:00:50s.  Time for last 1,000,000:    9s.  Last read position: 1:85,026,455
INFO	2020-05-19 19:02:33	AddOrReplaceReadGroups	Processed     6,000,000 records.  Elapsed time: 00:01:00s.  Time for last 1,000,000:   10s.  Last read position: 1:93,625,592
INFO	2020-05-19 19:02:44	AddOrReplaceReadGroups	Processed     7,000,000 records.  Elapsed time: 00:01:11s.  Time for last 1,000,000:   10s.  Last read position: 1:133,620,237
INFO	2020-05-19 19:02:54	AddOrReplaceReadGroups	Processed     8,000,000 records.  Elapsed time: 00:01:21s.  Time for last 1,000,000:    9s.  Last read position: 1:156,052,093
INFO	2020-05-19 19:03:04	AddOrReplaceReadGroups	Processed     9,000,000 records.  Elapsed time: 00:01:31s.  Time for last 1,000,000:    9s.  Last read position: 1:172,111,891
INFO	2020-05-19 19:03:15	AddOrReplaceReadGroups	Processed    10,000,000 records.  Elapsed time: 00:01:42s.  Time for last 1,000,000:   10s.  Last read position: 1:185,421,408
INFO	2020-05-19 19:03:24	AddOrReplaceReadGroups	Processed    11,000,000 records.  Elapsed time: 00:01:51s.  Time for last 1,000,000:    9s.  Last read position: 10:23,785,913
INFO	2020-05-19 19:03:34	AddOrReplaceReadGroups	Processed    12,000,000 records.  Elapsed time: 00:02:01s.  Time for last 1,000,000:    9s.  Last read position: 10:61,099,533
INFO	2020-05-19 19:03:46	AddOrReplaceReadGroups	Processed    13,000,000 records.  Elapsed time: 00:02:13s.  Time for last 1,000,000:   12s.  Last read position: 10:78,437,995
INFO	2020-05-19 19:03:56	AddOrReplaceReadGroups	Processed    14,000,000 records.  Elapsed time: 00:02:23s.  Time for last 1,000,000:    9s.  Last read position: 10:80,828,870
INFO	2020-05-19 19:04:05	AddOrReplaceReadGroups	Processed    15,000,000 records.  Elapsed time: 00:02:32s.  Time for last 1,000,000:    9s.  Last read position: 10:81,180,612
INFO	2020-05-19 19:04:15	AddOrReplaceReadGroups	Processed    16,000,000 records.  Elapsed time: 00:02:42s.  Time for last 1,000,000:    9s.  Last read position: 10:85,888,634
INFO	2020-05-19 19:04:27	AddOrReplaceReadGroups	Processed    17,000,000 records.  Elapsed time: 00:02:54s.  Time for last 1,000,000:   12s.  Last read position: 10:118,998,837
INFO	2020-05-19 19:04:37	AddOrReplaceReadGroups	Processed    18,000,000 records.  Elapsed time: 00:03:04s.  Time for last 1,000,000:    9s.  Last read position: 10:128,085,462
INFO	2020-05-19 19:04:46	AddOrReplaceReadGroups	Processed    19,000,000 records.  Elapsed time: 00:03:13s.  Time for last 1,000,000:    9s.  Last read position: 10:128,715,353
INFO	2020-05-19 19:04:56	AddOrReplaceReadGroups	Processed    20,000,000 records.  Elapsed time: 00:03:23s.  Time for last 1,000,000:    9s.  Last read position: 11:3,977,753
INFO	2020-05-19 19:05:05	AddOrReplaceReadGroups	Processed    21,000,000 records.  Elapsed time: 00:03:32s.  Time for last 1,000,000:    9s.  Last read position: 11:6,419,579
INFO	2020-05-19 19:05:15	AddOrReplaceReadGroups	Processed    22,000,000 records.  Elapsed time: 00:03:42s.  Time for last 1,000,000:    9s.  Last read position: 11:33,161,557
INFO	2020-05-19 19:05:24	AddOrReplaceReadGroups	Processed    23,000,000 records.  Elapsed time: 00:03:51s.  Time for last 1,000,000:    9s.  Last read position: 11:49,096,795
INFO	2020-05-19 19:05:34	AddOrReplaceReadGroups	Processed    24,000,000 records.  Elapsed time: 00:04:01s.  Time for last 1,000,000:    9s.  Last read position: 11:51,606,705
INFO	2020-05-19 19:05:43	AddOrReplaceReadGroups	Processed    25,000,000 records.  Elapsed time: 00:04:11s.  Time for last 1,000,000:    9s.  Last read position: 11:58,155,670
INFO	2020-05-19 19:05:53	AddOrReplaceReadGroups	Processed    26,000,000 records.  Elapsed time: 00:04:20s.  Time for last 1,000,000:    9s.  Last read position: 11:60,935,369
INFO	2020-05-19 19:06:02	AddOrReplaceReadGroups	Processed    27,000,000 records.  Elapsed time: 00:04:29s.  Time for last 1,000,000:    9s.  Last read position: 11:62,552,755
INFO	2020-05-19 19:06:12	AddOrReplaceReadGroups	Processed    28,000,000 records.  Elapsed time: 00:04:39s.  Time for last 1,000,000:    9s.  Last read position: 11:69,916,923
INFO	2020-05-19 19:06:21	AddOrReplaceReadGroups	Processed    29,000,000 records.  Elapsed time: 00:04:48s.  Time for last 1,000,000:    9s.  Last read position: 11:75,307,283
INFO	2020-05-19 19:06:31	AddOrReplaceReadGroups	Processed    30,000,000 records.  Elapsed time: 00:04:58s.  Time for last 1,000,000:   10s.  Last read position: 11:78,971,418
INFO	2020-05-19 19:06:41	AddOrReplaceReadGroups	Processed    31,000,000 records.  Elapsed time: 00:05:08s.  Time for last 1,000,000:    9s.  Last read position: 11:87,987,364
INFO	2020-05-19 19:06:50	AddOrReplaceReadGroups	Processed    32,000,000 records.  Elapsed time: 00:05:17s.  Time for last 1,000,000:    9s.  Last read position: 11:97,394,288
INFO	2020-05-19 19:07:00	AddOrReplaceReadGroups	Processed    33,000,000 records.  Elapsed time: 00:05:27s.  Time for last 1,000,000:    9s.  Last read position: 11:100,716,051
INFO	2020-05-19 19:07:09	AddOrReplaceReadGroups	Processed    34,000,000 records.  Elapsed time: 00:05:36s.  Time for last 1,000,000:    9s.  Last read position: 11:102,306,717
INFO	2020-05-19 19:07:19	AddOrReplaceReadGroups	Processed    35,000,000 records.  Elapsed time: 00:05:46s.  Time for last 1,000,000:    9s.  Last read position: 11:108,333,758
INFO	2020-05-19 19:07:28	AddOrReplaceReadGroups	Processed    36,000,000 records.  Elapsed time: 00:05:55s.  Time for last 1,000,000:    9s.  Last read position: 11:116,674,038
INFO	2020-05-19 19:07:38	AddOrReplaceReadGroups	Processed    37,000,000 records.  Elapsed time: 00:06:06s.  Time for last 1,000,000:   10s.  Last read position: 11:119,466,051
INFO	2020-05-19 19:07:48	AddOrReplaceReadGroups	Processed    38,000,000 records.  Elapsed time: 00:06:15s.  Time for last 1,000,000:    9s.  Last read position: 11:120,579,734
INFO	2020-05-19 19:07:57	AddOrReplaceReadGroups	Processed    39,000,000 records.  Elapsed time: 00:06:24s.  Time for last 1,000,000:    9s.  Last read position: 12:12,023,318
INFO	2020-05-19 19:08:08	AddOrReplaceReadGroups	Processed    40,000,000 records.  Elapsed time: 00:06:35s.  Time for last 1,000,000:   10s.  Last read position: 12:32,850,749
INFO	2020-05-19 19:08:17	AddOrReplaceReadGroups	Processed    41,000,000 records.  Elapsed time: 00:06:44s.  Time for last 1,000,000:    9s.  Last read position: 12:69,159,305
INFO	2020-05-19 19:08:27	AddOrReplaceReadGroups	Processed    42,000,000 records.  Elapsed time: 00:06:54s.  Time for last 1,000,000:    9s.  Last read position: 12:69,159,309
INFO	2020-05-19 19:08:36	AddOrReplaceReadGroups	Processed    43,000,000 records.  Elapsed time: 00:07:03s.  Time for last 1,000,000:    9s.  Last read position: 12:69,159,334
INFO	2020-05-19 19:08:46	AddOrReplaceReadGroups	Processed    44,000,000 records.  Elapsed time: 00:07:13s.  Time for last 1,000,000:   10s.  Last read position: 12:69,159,357
INFO	2020-05-19 19:08:54	AddOrReplaceReadGroups	Processed    45,000,000 records.  Elapsed time: 00:07:21s.  Time for last 1,000,000:    8s.  Last read position: 12:69,159,369
INFO	2020-05-19 19:09:03	AddOrReplaceReadGroups	Processed    46,000,000 records.  Elapsed time: 00:07:30s.  Time for last 1,000,000:    8s.  Last read position: 12:69,159,385
INFO	2020-05-19 19:09:12	AddOrReplaceReadGroups	Processed    47,000,000 records.  Elapsed time: 00:07:39s.  Time for last 1,000,000:    8s.  Last read position: 12:69,159,410
INFO	2020-05-19 19:09:21	AddOrReplaceReadGroups	Processed    48,000,000 records.  Elapsed time: 00:07:48s.  Time for last 1,000,000:    9s.  Last read position: 12:69,159,441
INFO	2020-05-19 19:09:29	AddOrReplaceReadGroups	Processed    49,000,000 records.  Elapsed time: 00:07:56s.  Time for last 1,000,000:    8s.  Last read position: 12:69,159,466
INFO	2020-05-19 19:09:37	AddOrReplaceReadGroups	Processed    50,000,000 records.  Elapsed time: 00:08:04s.  Time for last 1,000,000:    7s.  Last read position: 12:69,159,470
INFO	2020-05-19 19:09:45	AddOrReplaceReadGroups	Processed    51,000,000 records.  Elapsed time: 00:08:12s.  Time for last 1,000,000:    7s.  Last read position: 12:69,159,488
INFO	2020-05-19 19:09:54	AddOrReplaceReadGroups	Processed    52,000,000 records.  Elapsed time: 00:08:21s.  Time for last 1,000,000:    8s.  Last read position: 12:69,361,200
INFO	2020-05-19 19:10:01	AddOrReplaceReadGroups	Processed    53,000,000 records.  Elapsed time: 00:08:29s.  Time for last 1,000,000:    7s.  Last read position: 12:69,361,210
INFO	2020-05-19 19:10:09	AddOrReplaceReadGroups	Processed    54,000,000 records.  Elapsed time: 00:08:37s.  Time for last 1,000,000:    7s.  Last read position: 12:69,361,228
INFO	2020-05-19 19:10:18	AddOrReplaceReadGroups	Processed    55,000,000 records.  Elapsed time: 00:08:45s.  Time for last 1,000,000:    8s.  Last read position: 12:69,361,260
INFO	2020-05-19 19:10:28	AddOrReplaceReadGroups	Processed    56,000,000 records.  Elapsed time: 00:08:55s.  Time for last 1,000,000:    9s.  Last read position: 12:69,361,282
INFO	2020-05-19 19:10:36	AddOrReplaceReadGroups	Processed    57,000,000 records.  Elapsed time: 00:09:03s.  Time for last 1,000,000:    8s.  Last read position: 12:69,361,302
INFO	2020-05-19 19:10:44	AddOrReplaceReadGroups	Processed    58,000,000 records.  Elapsed time: 00:09:11s.  Time for last 1,000,000:    8s.  Last read position: 12:69,361,313
INFO	2020-05-19 19:10:53	AddOrReplaceReadGroups	Processed    59,000,000 records.  Elapsed time: 00:09:21s.  Time for last 1,000,000:    9s.  Last read position: 12:69,361,331
INFO	2020-05-19 19:11:04	AddOrReplaceReadGroups	Processed    60,000,000 records.  Elapsed time: 00:09:31s.  Time for last 1,000,000:   10s.  Last read position: 12:69,361,363
INFO	2020-05-19 19:11:13	AddOrReplaceReadGroups	Processed    61,000,000 records.  Elapsed time: 00:09:40s.  Time for last 1,000,000:    9s.  Last read position: 12:69,361,370
INFO	2020-05-19 19:11:23	AddOrReplaceReadGroups	Processed    62,000,000 records.  Elapsed time: 00:09:50s.  Time for last 1,000,000:    9s.  Last read position: 12:76,036,292
INFO	2020-05-19 19:11:33	AddOrReplaceReadGroups	Processed    63,000,000 records.  Elapsed time: 00:10:00s.  Time for last 1,000,000:   10s.  Last read position: 12:87,362,212
INFO	2020-05-19 19:11:43	AddOrReplaceReadGroups	Processed    64,000,000 records.  Elapsed time: 00:10:10s.  Time for last 1,000,000:    9s.  Last read position: 12:108,860,083
INFO	2020-05-19 19:11:52	AddOrReplaceReadGroups	Processed    65,000,000 records.  Elapsed time: 00:10:19s.  Time for last 1,000,000:    9s.  Last read position: 12:112,736,502
INFO	2020-05-19 19:12:02	AddOrReplaceReadGroups	Processed    66,000,000 records.  Elapsed time: 00:10:29s.  Time for last 1,000,000:    9s.  Last read position: 13:21,750,281
INFO	2020-05-19 19:12:10	AddOrReplaceReadGroups	Processed    67,000,000 records.  Elapsed time: 00:10:37s.  Time for last 1,000,000:    8s.  Last read position: 13:23,543,083
INFO	2020-05-19 19:12:19	AddOrReplaceReadGroups	Processed    68,000,000 records.  Elapsed time: 00:10:46s.  Time for last 1,000,000:    8s.  Last read position: 13:23,574,599
INFO	2020-05-19 19:12:27	AddOrReplaceReadGroups	Processed    69,000,000 records.  Elapsed time: 00:10:54s.  Time for last 1,000,000:    8s.  Last read position: 13:23,698,252
INFO	2020-05-19 19:12:36	AddOrReplaceReadGroups	Processed    70,000,000 records.  Elapsed time: 00:11:03s.  Time for last 1,000,000:    8s.  Last read position: 13:23,760,959
INFO	2020-05-19 19:12:45	AddOrReplaceReadGroups	Processed    71,000,000 records.  Elapsed time: 00:11:13s.  Time for last 1,000,000:    9s.  Last read position: 13:51,682,106
INFO	2020-05-19 19:12:55	AddOrReplaceReadGroups	Processed    72,000,000 records.  Elapsed time: 00:11:22s.  Time for last 1,000,000:    9s.  Last read position: 13:72,454,955
INFO	2020-05-19 19:13:05	AddOrReplaceReadGroups	Processed    73,000,000 records.  Elapsed time: 00:11:32s.  Time for last 1,000,000:    9s.  Last read position: 13:99,432,717
INFO	2020-05-19 19:13:15	AddOrReplaceReadGroups	Processed    74,000,000 records.  Elapsed time: 00:11:42s.  Time for last 1,000,000:    9s.  Last read position: 14:20,766,192
INFO	2020-05-19 19:13:24	AddOrReplaceReadGroups	Processed    75,000,000 records.  Elapsed time: 00:11:51s.  Time for last 1,000,000:    9s.  Last read position: 14:46,084,685
INFO	2020-05-19 19:13:33	AddOrReplaceReadGroups	Processed    76,000,000 records.  Elapsed time: 00:12:00s.  Time for last 1,000,000:    8s.  Last read position: 14:50,807,540
INFO	2020-05-19 19:13:42	AddOrReplaceReadGroups	Processed    77,000,000 records.  Elapsed time: 00:12:09s.  Time for last 1,000,000:    9s.  Last read position: 14:52,285,666
INFO	2020-05-19 19:13:52	AddOrReplaceReadGroups	Processed    78,000,000 records.  Elapsed time: 00:12:19s.  Time for last 1,000,000:    9s.  Last read position: 14:65,560,129
INFO	2020-05-19 19:14:01	AddOrReplaceReadGroups	Processed    79,000,000 records.  Elapsed time: 00:12:28s.  Time for last 1,000,000:    9s.  Last read position: 14:118,018,740
INFO	2020-05-19 19:14:11	AddOrReplaceReadGroups	Processed    80,000,000 records.  Elapsed time: 00:12:38s.  Time for last 1,000,000:    9s.  Last read position: 15:25,459,494
INFO	2020-05-19 19:14:21	AddOrReplaceReadGroups	Processed    81,000,000 records.  Elapsed time: 00:12:48s.  Time for last 1,000,000:    9s.  Last read position: 15:51,796,452
INFO	2020-05-19 19:14:31	AddOrReplaceReadGroups	Processed    82,000,000 records.  Elapsed time: 00:12:58s.  Time for last 1,000,000:    9s.  Last read position: 15:76,071,756
INFO	2020-05-19 19:14:41	AddOrReplaceReadGroups	Processed    83,000,000 records.  Elapsed time: 00:13:08s.  Time for last 1,000,000:    9s.  Last read position: 15:76,905,951
INFO	2020-05-19 19:14:50	AddOrReplaceReadGroups	Processed    84,000,000 records.  Elapsed time: 00:13:17s.  Time for last 1,000,000:    9s.  Last read position: 15:79,146,112
INFO	2020-05-19 19:14:59	AddOrReplaceReadGroups	Processed    85,000,000 records.  Elapsed time: 00:13:26s.  Time for last 1,000,000:    9s.  Last read position: 15:81,329,156
INFO	2020-05-19 19:15:09	AddOrReplaceReadGroups	Processed    86,000,000 records.  Elapsed time: 00:13:36s.  Time for last 1,000,000:    9s.  Last read position: 15:85,376,665
INFO	2020-05-19 19:15:19	AddOrReplaceReadGroups	Processed    87,000,000 records.  Elapsed time: 00:13:46s.  Time for last 1,000,000:    9s.  Last read position: 15:93,234,378
INFO	2020-05-19 19:15:27	AddOrReplaceReadGroups	Processed    88,000,000 records.  Elapsed time: 00:13:54s.  Time for last 1,000,000:    8s.  Last read position: 15:93,234,416
INFO	2020-05-19 19:15:35	AddOrReplaceReadGroups	Processed    89,000,000 records.  Elapsed time: 00:14:02s.  Time for last 1,000,000:    8s.  Last read position: 15:93,234,457
INFO	2020-05-19 19:15:43	AddOrReplaceReadGroups	Processed    90,000,000 records.  Elapsed time: 00:14:10s.  Time for last 1,000,000:    8s.  Last read position: 15:93,234,504
INFO	2020-05-19 19:15:53	AddOrReplaceReadGroups	Processed    91,000,000 records.  Elapsed time: 00:14:20s.  Time for last 1,000,000:    9s.  Last read position: 15:99,077,592
INFO	2020-05-19 19:16:03	AddOrReplaceReadGroups	Processed    92,000,000 records.  Elapsed time: 00:14:30s.  Time for last 1,000,000:    9s.  Last read position: 16:4,043,964
INFO	2020-05-19 19:16:12	AddOrReplaceReadGroups	Processed    93,000,000 records.  Elapsed time: 00:14:40s.  Time for last 1,000,000:    9s.  Last read position: 16:17,653,240
INFO	2020-05-19 19:16:22	AddOrReplaceReadGroups	Processed    94,000,000 records.  Elapsed time: 00:14:49s.  Time for last 1,000,000:    9s.  Last read position: 16:30,571,503
INFO	2020-05-19 19:16:32	AddOrReplaceReadGroups	Processed    95,000,000 records.  Elapsed time: 00:14:59s.  Time for last 1,000,000:    9s.  Last read position: 16:55,974,313
INFO	2020-05-19 19:16:42	AddOrReplaceReadGroups	Processed    96,000,000 records.  Elapsed time: 00:15:09s.  Time for last 1,000,000:    9s.  Last read position: 16:94,288,201
INFO	2020-05-19 19:16:51	AddOrReplaceReadGroups	Processed    97,000,000 records.  Elapsed time: 00:15:18s.  Time for last 1,000,000:    9s.  Last read position: 17:6,607,909
INFO	2020-05-19 19:17:00	AddOrReplaceReadGroups	Processed    98,000,000 records.  Elapsed time: 00:15:28s.  Time for last 1,000,000:    9s.  Last read position: 17:24,409,669
INFO	2020-05-19 19:17:10	AddOrReplaceReadGroups	Processed    99,000,000 records.  Elapsed time: 00:15:37s.  Time for last 1,000,000:    9s.  Last read position: 17:25,832,152
INFO	2020-05-19 19:17:20	AddOrReplaceReadGroups	Processed   100,000,000 records.  Elapsed time: 00:15:47s.  Time for last 1,000,000:    9s.  Last read position: 17:29,137,074
INFO	2020-05-19 19:17:29	AddOrReplaceReadGroups	Processed   101,000,000 records.  Elapsed time: 00:15:56s.  Time for last 1,000,000:    9s.  Last read position: 17:34,023,292
INFO	2020-05-19 19:17:39	AddOrReplaceReadGroups	Processed   102,000,000 records.  Elapsed time: 00:16:06s.  Time for last 1,000,000:    9s.  Last read position: 17:35,252,755
INFO	2020-05-19 19:17:48	AddOrReplaceReadGroups	Processed   103,000,000 records.  Elapsed time: 00:16:15s.  Time for last 1,000,000:    9s.  Last read position: 17:39,843,061
INFO	2020-05-19 19:17:57	AddOrReplaceReadGroups	Processed   104,000,000 records.  Elapsed time: 00:16:24s.  Time for last 1,000,000:    8s.  Last read position: 17:39,843,323
INFO	2020-05-19 19:18:06	AddOrReplaceReadGroups	Processed   105,000,000 records.  Elapsed time: 00:16:34s.  Time for last 1,000,000:    9s.  Last read position: 17:39,843,588
INFO	2020-05-19 19:18:15	AddOrReplaceReadGroups	Processed   106,000,000 records.  Elapsed time: 00:16:42s.  Time for last 1,000,000:    8s.  Last read position: 17:39,843,918
INFO	2020-05-19 19:18:24	AddOrReplaceReadGroups	Processed   107,000,000 records.  Elapsed time: 00:16:51s.  Time for last 1,000,000:    9s.  Last read position: 17:39,844,567
INFO	2020-05-19 19:18:33	AddOrReplaceReadGroups	Processed   108,000,000 records.  Elapsed time: 00:17:00s.  Time for last 1,000,000:    9s.  Last read position: 17:39,845,700
INFO	2020-05-19 19:18:43	AddOrReplaceReadGroups	Processed   109,000,000 records.  Elapsed time: 00:17:10s.  Time for last 1,000,000:    9s.  Last read position: 17:45,567,876
INFO	2020-05-19 19:18:52	AddOrReplaceReadGroups	Processed   110,000,000 records.  Elapsed time: 00:17:19s.  Time for last 1,000,000:    9s.  Last read position: 17:46,954,013
INFO	2020-05-19 19:19:02	AddOrReplaceReadGroups	Processed   111,000,000 records.  Elapsed time: 00:17:29s.  Time for last 1,000,000:    9s.  Last read position: 17:57,003,985
INFO	2020-05-19 19:19:12	AddOrReplaceReadGroups	Processed   112,000,000 records.  Elapsed time: 00:17:39s.  Time for last 1,000,000:    9s.  Last read position: 18:3,267,755
INFO	2020-05-19 19:19:22	AddOrReplaceReadGroups	Processed   113,000,000 records.  Elapsed time: 00:17:49s.  Time for last 1,000,000:    9s.  Last read position: 18:36,668,779
INFO	2020-05-19 19:19:31	AddOrReplaceReadGroups	Processed   114,000,000 records.  Elapsed time: 00:17:58s.  Time for last 1,000,000:    9s.  Last read position: 18:61,978,056
INFO	2020-05-19 19:19:41	AddOrReplaceReadGroups	Processed   115,000,000 records.  Elapsed time: 00:18:08s.  Time for last 1,000,000:    9s.  Last read position: 19:3,896,176
INFO	2020-05-19 19:19:51	AddOrReplaceReadGroups	Processed   116,000,000 records.  Elapsed time: 00:18:18s.  Time for last 1,000,000:    9s.  Last read position: 19:5,797,350
INFO	2020-05-19 19:20:00	AddOrReplaceReadGroups	Processed   117,000,000 records.  Elapsed time: 00:18:28s.  Time for last 1,000,000:    9s.  Last read position: 19:8,920,588
INFO	2020-05-19 19:20:10	AddOrReplaceReadGroups	Processed   118,000,000 records.  Elapsed time: 00:18:37s.  Time for last 1,000,000:    9s.  Last read position: 19:24,269,147
INFO	2020-05-19 19:20:19	AddOrReplaceReadGroups	Processed   119,000,000 records.  Elapsed time: 00:18:46s.  Time for last 1,000,000:    9s.  Last read position: 19:40,574,273
INFO	2020-05-19 19:20:30	AddOrReplaceReadGroups	Processed   120,000,000 records.  Elapsed time: 00:18:57s.  Time for last 1,000,000:   10s.  Last read position: 19:46,488,697
INFO	2020-05-19 19:20:39	AddOrReplaceReadGroups	Processed   121,000,000 records.  Elapsed time: 00:19:06s.  Time for last 1,000,000:    9s.  Last read position: 2:7,076,188
INFO	2020-05-19 19:20:47	AddOrReplaceReadGroups	Processed   122,000,000 records.  Elapsed time: 00:19:14s.  Time for last 1,000,000:    7s.  Last read position: 2:7,076,236
INFO	2020-05-19 19:20:56	AddOrReplaceReadGroups	Processed   123,000,000 records.  Elapsed time: 00:19:23s.  Time for last 1,000,000:    9s.  Last read position: 2:7,076,278
INFO	2020-05-19 19:21:05	AddOrReplaceReadGroups	Processed   124,000,000 records.  Elapsed time: 00:19:32s.  Time for last 1,000,000:    8s.  Last read position: 2:7,076,306
INFO	2020-05-19 19:21:14	AddOrReplaceReadGroups	Processed   125,000,000 records.  Elapsed time: 00:19:42s.  Time for last 1,000,000:    9s.  Last read position: 2:25,518,674
INFO	2020-05-19 19:21:24	AddOrReplaceReadGroups	Processed   126,000,000 records.  Elapsed time: 00:19:51s.  Time for last 1,000,000:    9s.  Last read position: 2:29,986,816
INFO	2020-05-19 19:21:34	AddOrReplaceReadGroups	Processed   127,000,000 records.  Elapsed time: 00:20:01s.  Time for last 1,000,000:    9s.  Last read position: 2:32,963,788
INFO	2020-05-19 19:21:44	AddOrReplaceReadGroups	Processed   128,000,000 records.  Elapsed time: 00:20:11s.  Time for last 1,000,000:    9s.  Last read position: 2:66,201,576
INFO	2020-05-19 19:21:53	AddOrReplaceReadGroups	Processed   129,000,000 records.  Elapsed time: 00:20:21s.  Time for last 1,000,000:    9s.  Last read position: 2:90,572,529
INFO	2020-05-19 19:22:05	AddOrReplaceReadGroups	Processed   130,000,000 records.  Elapsed time: 00:20:32s.  Time for last 1,000,000:   11s.  Last read position: 2:115,921,250
INFO	2020-05-19 19:22:14	AddOrReplaceReadGroups	Processed   131,000,000 records.  Elapsed time: 00:20:41s.  Time for last 1,000,000:    9s.  Last read position: 2:127,248,159
INFO	2020-05-19 19:22:24	AddOrReplaceReadGroups	Processed   132,000,000 records.  Elapsed time: 00:20:51s.  Time for last 1,000,000:    9s.  Last read position: 2:150,604,205
INFO	2020-05-19 19:22:34	AddOrReplaceReadGroups	Processed   133,000,000 records.  Elapsed time: 00:21:01s.  Time for last 1,000,000:    9s.  Last read position: 2:156,312,101
INFO	2020-05-19 19:22:43	AddOrReplaceReadGroups	Processed   134,000,000 records.  Elapsed time: 00:21:10s.  Time for last 1,000,000:    9s.  Last read position: 2:167,042,165
INFO	2020-05-19 19:22:53	AddOrReplaceReadGroups	Processed   135,000,000 records.  Elapsed time: 00:21:20s.  Time for last 1,000,000:    9s.  Last read position: 2:180,595,608
INFO	2020-05-19 19:23:03	AddOrReplaceReadGroups	Processed   136,000,000 records.  Elapsed time: 00:21:30s.  Time for last 1,000,000:    9s.  Last read position: 3:36,091,758
INFO	2020-05-19 19:23:13	AddOrReplaceReadGroups	Processed   137,000,000 records.  Elapsed time: 00:21:40s.  Time for last 1,000,000:    9s.  Last read position: 3:69,085,319
INFO	2020-05-19 19:23:22	AddOrReplaceReadGroups	Processed   138,000,000 records.  Elapsed time: 00:21:49s.  Time for last 1,000,000:    9s.  Last read position: 3:88,320,575
INFO	2020-05-19 19:23:32	AddOrReplaceReadGroups	Processed   139,000,000 records.  Elapsed time: 00:21:59s.  Time for last 1,000,000:    9s.  Last read position: 3:89,773,895
INFO	2020-05-19 19:23:42	AddOrReplaceReadGroups	Processed   140,000,000 records.  Elapsed time: 00:22:09s.  Time for last 1,000,000:    9s.  Last read position: 3:95,937,028
INFO	2020-05-19 19:23:51	AddOrReplaceReadGroups	Processed   141,000,000 records.  Elapsed time: 00:22:18s.  Time for last 1,000,000:    8s.  Last read position: 3:96,245,865
INFO	2020-05-19 19:23:59	AddOrReplaceReadGroups	Processed   142,000,000 records.  Elapsed time: 00:22:26s.  Time for last 1,000,000:    8s.  Last read position: 3:96,328,461
INFO	2020-05-19 19:24:08	AddOrReplaceReadGroups	Processed   143,000,000 records.  Elapsed time: 00:22:35s.  Time for last 1,000,000:    9s.  Last read position: 3:103,171,747
INFO	2020-05-19 19:24:18	AddOrReplaceReadGroups	Processed   144,000,000 records.  Elapsed time: 00:22:45s.  Time for last 1,000,000:    9s.  Last read position: 3:116,494,120
INFO	2020-05-19 19:24:28	AddOrReplaceReadGroups	Processed   145,000,000 records.  Elapsed time: 00:22:55s.  Time for last 1,000,000:    9s.  Last read position: 3:152,210,575
INFO	2020-05-19 19:24:38	AddOrReplaceReadGroups	Processed   146,000,000 records.  Elapsed time: 00:23:05s.  Time for last 1,000,000:   10s.  Last read position: 4:40,737,216
INFO	2020-05-19 19:24:46	AddOrReplaceReadGroups	Processed   147,000,000 records.  Elapsed time: 00:23:13s.  Time for last 1,000,000:    8s.  Last read position: 4:43,492,867
INFO	2020-05-19 19:24:55	AddOrReplaceReadGroups	Processed   148,000,000 records.  Elapsed time: 00:23:22s.  Time for last 1,000,000:    9s.  Last read position: 4:47,402,862
INFO	2020-05-19 19:25:05	AddOrReplaceReadGroups	Processed   149,000,000 records.  Elapsed time: 00:23:32s.  Time for last 1,000,000:    9s.  Last read position: 4:80,837,604
INFO	2020-05-19 19:25:14	AddOrReplaceReadGroups	Processed   150,000,000 records.  Elapsed time: 00:23:41s.  Time for last 1,000,000:    9s.  Last read position: 4:101,157,920
INFO	2020-05-19 19:25:24	AddOrReplaceReadGroups	Processed   151,000,000 records.  Elapsed time: 00:23:51s.  Time for last 1,000,000:    9s.  Last read position: 4:117,198,097
INFO	2020-05-19 19:25:33	AddOrReplaceReadGroups	Processed   152,000,000 records.  Elapsed time: 00:24:01s.  Time for last 1,000,000:    9s.  Last read position: 4:127,122,891
INFO	2020-05-19 19:25:43	AddOrReplaceReadGroups	Processed   153,000,000 records.  Elapsed time: 00:24:10s.  Time for last 1,000,000:    9s.  Last read position: 4:135,921,008
INFO	2020-05-19 19:25:53	AddOrReplaceReadGroups	Processed   154,000,000 records.  Elapsed time: 00:24:20s.  Time for last 1,000,000:    9s.  Last read position: 4:141,074,999
INFO	2020-05-19 19:26:03	AddOrReplaceReadGroups	Processed   155,000,000 records.  Elapsed time: 00:24:30s.  Time for last 1,000,000:    9s.  Last read position: 4:150,245,163
INFO	2020-05-19 19:26:13	AddOrReplaceReadGroups	Processed   156,000,000 records.  Elapsed time: 00:24:40s.  Time for last 1,000,000:    9s.  Last read position: 4:155,991,970
INFO	2020-05-19 19:26:22	AddOrReplaceReadGroups	Processed   157,000,000 records.  Elapsed time: 00:24:49s.  Time for last 1,000,000:    9s.  Last read position: 5:24,842,249
INFO	2020-05-19 19:26:32	AddOrReplaceReadGroups	Processed   158,000,000 records.  Elapsed time: 00:24:59s.  Time for last 1,000,000:    9s.  Last read position: 5:36,465,166
INFO	2020-05-19 19:26:42	AddOrReplaceReadGroups	Processed   159,000,000 records.  Elapsed time: 00:25:09s.  Time for last 1,000,000:   10s.  Last read position: 5:86,997,532
INFO	2020-05-19 19:26:52	AddOrReplaceReadGroups	Processed   160,000,000 records.  Elapsed time: 00:25:19s.  Time for last 1,000,000:    9s.  Last read position: 5:113,754,233
INFO	2020-05-19 19:27:02	AddOrReplaceReadGroups	Processed   161,000,000 records.  Elapsed time: 00:25:29s.  Time for last 1,000,000:    9s.  Last read position: 5:115,597,418
INFO	2020-05-19 19:27:11	AddOrReplaceReadGroups	Processed   162,000,000 records.  Elapsed time: 00:25:38s.  Time for last 1,000,000:    9s.  Last read position: 5:121,208,534
INFO	2020-05-19 19:27:21	AddOrReplaceReadGroups	Processed   163,000,000 records.  Elapsed time: 00:25:48s.  Time for last 1,000,000:    9s.  Last read position: 5:125,386,261
INFO	2020-05-19 19:27:28	AddOrReplaceReadGroups	Processed   164,000,000 records.  Elapsed time: 00:25:55s.  Time for last 1,000,000:    7s.  Last read position: 5:128,985,525
INFO	2020-05-19 19:27:38	AddOrReplaceReadGroups	Processed   165,000,000 records.  Elapsed time: 00:26:05s.  Time for last 1,000,000:    9s.  Last read position: 5:136,133,400
INFO	2020-05-19 19:27:47	AddOrReplaceReadGroups	Processed   166,000,000 records.  Elapsed time: 00:26:14s.  Time for last 1,000,000:    9s.  Last read position: 5:142,903,126
INFO	2020-05-19 19:27:56	AddOrReplaceReadGroups	Processed   167,000,000 records.  Elapsed time: 00:26:24s.  Time for last 1,000,000:    9s.  Last read position: 5:144,802,961
INFO	2020-05-19 19:28:06	AddOrReplaceReadGroups	Processed   168,000,000 records.  Elapsed time: 00:26:33s.  Time for last 1,000,000:    9s.  Last read position: 6:11,907,336
INFO	2020-05-19 19:28:16	AddOrReplaceReadGroups	Processed   169,000,000 records.  Elapsed time: 00:26:43s.  Time for last 1,000,000:    9s.  Last read position: 6:34,308,982
INFO	2020-05-19 19:28:25	AddOrReplaceReadGroups	Processed   170,000,000 records.  Elapsed time: 00:26:52s.  Time for last 1,000,000:    9s.  Last read position: 6:49,036,751
INFO	2020-05-19 19:28:34	AddOrReplaceReadGroups	Processed   171,000,000 records.  Elapsed time: 00:27:01s.  Time for last 1,000,000:    9s.  Last read position: 6:52,547,011
INFO	2020-05-19 19:28:44	AddOrReplaceReadGroups	Processed   172,000,000 records.  Elapsed time: 00:27:11s.  Time for last 1,000,000:    9s.  Last read position: 6:69,516,401
INFO	2020-05-19 19:28:51	AddOrReplaceReadGroups	Processed   173,000,000 records.  Elapsed time: 00:27:19s.  Time for last 1,000,000:    7s.  Last read position: 6:71,600,124
INFO	2020-05-19 19:29:01	AddOrReplaceReadGroups	Processed   174,000,000 records.  Elapsed time: 00:27:28s.  Time for last 1,000,000:    9s.  Last read position: 6:84,619,428
INFO	2020-05-19 19:29:11	AddOrReplaceReadGroups	Processed   175,000,000 records.  Elapsed time: 00:27:38s.  Time for last 1,000,000:    9s.  Last read position: 6:88,507,179
INFO	2020-05-19 19:29:21	AddOrReplaceReadGroups	Processed   176,000,000 records.  Elapsed time: 00:27:48s.  Time for last 1,000,000:   10s.  Last read position: 6:113,515,203
INFO	2020-05-19 19:29:30	AddOrReplaceReadGroups	Processed   177,000,000 records.  Elapsed time: 00:27:58s.  Time for last 1,000,000:    9s.  Last read position: 6:121,261,095
INFO	2020-05-19 19:29:40	AddOrReplaceReadGroups	Processed   178,000,000 records.  Elapsed time: 00:28:07s.  Time for last 1,000,000:    9s.  Last read position: 6:125,162,263
INFO	2020-05-19 19:29:50	AddOrReplaceReadGroups	Processed   179,000,000 records.  Elapsed time: 00:28:17s.  Time for last 1,000,000:    9s.  Last read position: 6:134,920,855
INFO	2020-05-19 19:29:59	AddOrReplaceReadGroups	Processed   180,000,000 records.  Elapsed time: 00:28:26s.  Time for last 1,000,000:    9s.  Last read position: 7:3,706,827
INFO	2020-05-19 19:30:09	AddOrReplaceReadGroups	Processed   181,000,000 records.  Elapsed time: 00:28:36s.  Time for last 1,000,000:    9s.  Last read position: 7:15,942,842
INFO	2020-05-19 19:30:19	AddOrReplaceReadGroups	Processed   182,000,000 records.  Elapsed time: 00:28:46s.  Time for last 1,000,000:    9s.  Last read position: 7:24,620,134
INFO	2020-05-19 19:30:28	AddOrReplaceReadGroups	Processed   183,000,000 records.  Elapsed time: 00:28:55s.  Time for last 1,000,000:    9s.  Last read position: 7:28,980,521
INFO	2020-05-19 19:30:38	AddOrReplaceReadGroups	Processed   184,000,000 records.  Elapsed time: 00:29:05s.  Time for last 1,000,000:    9s.  Last read position: 7:44,849,332
INFO	2020-05-19 19:30:48	AddOrReplaceReadGroups	Processed   185,000,000 records.  Elapsed time: 00:29:15s.  Time for last 1,000,000:    9s.  Last read position: 7:45,458,265
INFO	2020-05-19 19:30:57	AddOrReplaceReadGroups	Processed   186,000,000 records.  Elapsed time: 00:29:24s.  Time for last 1,000,000:    9s.  Last read position: 7:45,825,414
INFO	2020-05-19 19:31:07	AddOrReplaceReadGroups	Processed   187,000,000 records.  Elapsed time: 00:29:34s.  Time for last 1,000,000:    9s.  Last read position: 7:80,098,267
INFO	2020-05-19 19:31:16	AddOrReplaceReadGroups	Processed   188,000,000 records.  Elapsed time: 00:29:43s.  Time for last 1,000,000:    9s.  Last read position: 7:99,348,803
INFO	2020-05-19 19:31:26	AddOrReplaceReadGroups	Processed   189,000,000 records.  Elapsed time: 00:29:53s.  Time for last 1,000,000:    9s.  Last read position: 7:109,519,917
INFO	2020-05-19 19:31:35	AddOrReplaceReadGroups	Processed   190,000,000 records.  Elapsed time: 00:30:03s.  Time for last 1,000,000:    9s.  Last read position: 7:120,643,048
INFO	2020-05-19 19:31:45	AddOrReplaceReadGroups	Processed   191,000,000 records.  Elapsed time: 00:30:12s.  Time for last 1,000,000:    9s.  Last read position: 7:126,797,657
INFO	2020-05-19 19:31:55	AddOrReplaceReadGroups	Processed   192,000,000 records.  Elapsed time: 00:30:22s.  Time for last 1,000,000:   10s.  Last read position: 7:139,425,002
INFO	2020-05-19 19:32:05	AddOrReplaceReadGroups	Processed   193,000,000 records.  Elapsed time: 00:30:32s.  Time for last 1,000,000:    9s.  Last read position: 7:142,385,550
INFO	2020-05-19 19:32:14	AddOrReplaceReadGroups	Processed   194,000,000 records.  Elapsed time: 00:30:41s.  Time for last 1,000,000:    9s.  Last read position: 8:19,493,147
INFO	2020-05-19 19:32:24	AddOrReplaceReadGroups	Processed   195,000,000 records.  Elapsed time: 00:30:51s.  Time for last 1,000,000:    9s.  Last read position: 8:45,992,136
INFO	2020-05-19 19:32:34	AddOrReplaceReadGroups	Processed   196,000,000 records.  Elapsed time: 00:31:01s.  Time for last 1,000,000:    9s.  Last read position: 8:70,527,771
INFO	2020-05-19 19:32:43	AddOrReplaceReadGroups	Processed   197,000,000 records.  Elapsed time: 00:31:10s.  Time for last 1,000,000:    9s.  Last read position: 8:75,100,301
INFO	2020-05-19 19:32:53	AddOrReplaceReadGroups	Processed   198,000,000 records.  Elapsed time: 00:31:21s.  Time for last 1,000,000:   10s.  Last read position: 8:85,095,613
INFO	2020-05-19 19:33:03	AddOrReplaceReadGroups	Processed   199,000,000 records.  Elapsed time: 00:31:30s.  Time for last 1,000,000:    9s.  Last read position: 8:104,354,532
INFO	2020-05-19 19:33:13	AddOrReplaceReadGroups	Processed   200,000,000 records.  Elapsed time: 00:31:40s.  Time for last 1,000,000:    9s.  Last read position: 8:111,037,037
INFO	2020-05-19 19:33:23	AddOrReplaceReadGroups	Processed   201,000,000 records.  Elapsed time: 00:31:50s.  Time for last 1,000,000:    9s.  Last read position: 8:121,997,165
INFO	2020-05-19 19:33:32	AddOrReplaceReadGroups	Processed   202,000,000 records.  Elapsed time: 00:31:59s.  Time for last 1,000,000:    9s.  Last read position: 8:123,427,950
INFO	2020-05-19 19:33:42	AddOrReplaceReadGroups	Processed   203,000,000 records.  Elapsed time: 00:32:09s.  Time for last 1,000,000:    9s.  Last read position: 8:127,401,443
INFO	2020-05-19 19:33:51	AddOrReplaceReadGroups	Processed   204,000,000 records.  Elapsed time: 00:32:18s.  Time for last 1,000,000:    9s.  Last read position: 9:21,411,976
INFO	2020-05-19 19:34:01	AddOrReplaceReadGroups	Processed   205,000,000 records.  Elapsed time: 00:32:28s.  Time for last 1,000,000:    9s.  Last read position: 9:40,802,888
INFO	2020-05-19 19:34:10	AddOrReplaceReadGroups	Processed   206,000,000 records.  Elapsed time: 00:32:38s.  Time for last 1,000,000:    9s.  Last read position: 9:46,281,111
INFO	2020-05-19 19:34:20	AddOrReplaceReadGroups	Processed   207,000,000 records.  Elapsed time: 00:32:47s.  Time for last 1,000,000:    9s.  Last read position: 9:59,668,619
INFO	2020-05-19 19:34:29	AddOrReplaceReadGroups	Processed   208,000,000 records.  Elapsed time: 00:32:56s.  Time for last 1,000,000:    9s.  Last read position: 9:64,175,685
INFO	2020-05-19 19:34:39	AddOrReplaceReadGroups	Processed   209,000,000 records.  Elapsed time: 00:33:06s.  Time for last 1,000,000:    9s.  Last read position: 9:75,398,382
INFO	2020-05-19 19:34:47	AddOrReplaceReadGroups	Processed   210,000,000 records.  Elapsed time: 00:33:14s.  Time for last 1,000,000:    8s.  Last read position: 9:78,175,349
INFO	2020-05-19 19:34:55	AddOrReplaceReadGroups	Processed   211,000,000 records.  Elapsed time: 00:33:22s.  Time for last 1,000,000:    7s.  Last read position: 9:78,175,377
INFO	2020-05-19 19:35:03	AddOrReplaceReadGroups	Processed   212,000,000 records.  Elapsed time: 00:33:30s.  Time for last 1,000,000:    8s.  Last read position: 9:78,175,408
INFO	2020-05-19 19:35:12	AddOrReplaceReadGroups	Processed   213,000,000 records.  Elapsed time: 00:33:39s.  Time for last 1,000,000:    8s.  Last read position: 9:78,175,440
INFO	2020-05-19 19:35:20	AddOrReplaceReadGroups	Processed   214,000,000 records.  Elapsed time: 00:33:47s.  Time for last 1,000,000:    8s.  Last read position: 9:78,175,473
INFO	2020-05-19 19:35:29	AddOrReplaceReadGroups	Processed   215,000,000 records.  Elapsed time: 00:33:56s.  Time for last 1,000,000:    8s.  Last read position: 9:78,175,503
INFO	2020-05-19 19:35:38	AddOrReplaceReadGroups	Processed   216,000,000 records.  Elapsed time: 00:34:05s.  Time for last 1,000,000:    9s.  Last read position: 9:78,175,520
INFO	2020-05-19 19:35:47	AddOrReplaceReadGroups	Processed   217,000,000 records.  Elapsed time: 00:34:14s.  Time for last 1,000,000:    9s.  Last read position: 9:78,479,903
INFO	2020-05-19 19:35:57	AddOrReplaceReadGroups	Processed   218,000,000 records.  Elapsed time: 00:34:24s.  Time for last 1,000,000:    9s.  Last read position: 9:103,183,694
INFO	2020-05-19 19:36:07	AddOrReplaceReadGroups	Processed   219,000,000 records.  Elapsed time: 00:34:34s.  Time for last 1,000,000:   10s.  Last read position: 9:108,370,912
INFO	2020-05-19 19:36:17	AddOrReplaceReadGroups	Processed   220,000,000 records.  Elapsed time: 00:34:44s.  Time for last 1,000,000:    9s.  Last read position: 9:119,070,675
INFO	2020-05-19 19:36:26	AddOrReplaceReadGroups	Processed   221,000,000 records.  Elapsed time: 00:34:53s.  Time for last 1,000,000:    9s.  Last read position: 9:123,462,077
INFO	2020-05-19 19:36:35	AddOrReplaceReadGroups	Processed   222,000,000 records.  Elapsed time: 00:35:02s.  Time for last 1,000,000:    8s.  Last read position: MT:5,400
INFO	2020-05-19 19:36:44	AddOrReplaceReadGroups	Processed   223,000,000 records.  Elapsed time: 00:35:11s.  Time for last 1,000,000:    8s.  Last read position: MT:6,441
INFO	2020-05-19 19:36:53	AddOrReplaceReadGroups	Processed   224,000,000 records.  Elapsed time: 00:35:20s.  Time for last 1,000,000:    8s.  Last read position: MT:8,969
INFO	2020-05-19 19:37:02	AddOrReplaceReadGroups	Processed   225,000,000 records.  Elapsed time: 00:35:29s.  Time for last 1,000,000:    9s.  Last read position: X:33,508,428
INFO	2020-05-19 19:37:12	AddOrReplaceReadGroups	Processed   226,000,000 records.  Elapsed time: 00:35:39s.  Time for last 1,000,000:    9s.  Last read position: X:75,106,337
INFO	2020-05-19 19:37:21	AddOrReplaceReadGroups	Processed   227,000,000 records.  Elapsed time: 00:35:48s.  Time for last 1,000,000:    9s.  Last read position: X:135,753,070
[Tue May 19 19:37:31 EDT 2020] picard.sam.AddOrReplaceReadGroups done. Elapsed time: 35.97 minutes.
Runtime.totalMemory()=536870912
