INFO	2020-05-19 19:01:32	AddOrReplaceReadGroups	

********** NOTE: Picard's command line syntax is changing.
**********
********** For more information, please see:
********** https://github.com/broadinstitute/picard/wiki/Command-Line-Syntax-Transition-For-Users-(Pre-Transition)
**********
********** The command line looks like this in the new syntax:
**********
**********    AddOrReplaceReadGroups -RGID RNA6A -RGLB RNA6A -RGPL RNA6A -RGPU RNA6A -RGSM RNA6A -VALIDATION_STRINGENCY LENIENT -I outs/STAR/bams/RNA6A.Aligned.sortedByCoord.out.bam -O outs/STAR/bams/RNA6A.Aligned.sortedByCoord.out.rgAligned.bam
**********


19:01:32.657 INFO  NativeLibraryLoader - Loading libgkl_compression.so from jar:file:/data/exploratory/Users/jeff.alvarez/omics-pipeline/.snakemake/conda/fbcb7705/share/picard-2.22.1-0/picard.jar!/com/intel/gkl/native/libgkl_compression.so
[Tue May 19 19:01:32 EDT 2020] AddOrReplaceReadGroups INPUT=outs/STAR/bams/RNA6A.Aligned.sortedByCoord.out.bam OUTPUT=outs/STAR/bams/RNA6A.Aligned.sortedByCoord.out.rgAligned.bam RGID=RNA6A RGLB=RNA6A RGPL=RNA6A RGPU=RNA6A RGSM=RNA6A VALIDATION_STRINGENCY=LENIENT    VERBOSITY=INFO QUIET=false COMPRESSION_LEVEL=5 MAX_RECORDS_IN_RAM=500000 CREATE_INDEX=false CREATE_MD5_FILE=false GA4GH_CLIENT_SECRETS=client_secrets.json USE_JDK_DEFLATER=false USE_JDK_INFLATER=false
[Tue May 19 19:01:32 EDT 2020] Executing as jeff.alvarez@BOS-RDS-P009.agios.local on Linux 4.15.0-99-generic amd64; OpenJDK 64-Bit Server VM 11.0.1-internal+0-adhoc..src; Deflater: Intel; Inflater: Intel; Provider GCS is not available; Picard version: 2.22.1
Ignoring SAM validation error: ERROR::HEADER_RECORD_MISSING_REQUIRED_TAG:File /data/exploratory/Users/jeff.alvarez/omics-pipeline/outs/STAR/bams/RNA6A.Aligned.sortedByCoord.out.bam, Error parsing SAM header. @RG line missing SM tag. Line:
@RG	ID:RNA6A
INFO	2020-05-19 19:01:32	AddOrReplaceReadGroups	Created read-group ID=RNA6A PL=RNA6A LB=RNA6A SM=RNA6A

INFO	2020-05-19 19:01:44	AddOrReplaceReadGroups	Processed     1,000,000 records.  Elapsed time: 00:00:11s.  Time for last 1,000,000:   11s.  Last read position: 1:24,613,472
INFO	2020-05-19 19:01:53	AddOrReplaceReadGroups	Processed     2,000,000 records.  Elapsed time: 00:00:21s.  Time for last 1,000,000:    9s.  Last read position: 1:30,805,678
INFO	2020-05-19 19:02:04	AddOrReplaceReadGroups	Processed     3,000,000 records.  Elapsed time: 00:00:31s.  Time for last 1,000,000:   10s.  Last read position: 1:44,091,450
INFO	2020-05-19 19:02:14	AddOrReplaceReadGroups	Processed     4,000,000 records.  Elapsed time: 00:00:41s.  Time for last 1,000,000:    9s.  Last read position: 1:58,015,013
INFO	2020-05-19 19:02:24	AddOrReplaceReadGroups	Processed     5,000,000 records.  Elapsed time: 00:00:51s.  Time for last 1,000,000:    9s.  Last read position: 1:65,255,574
INFO	2020-05-19 19:02:35	AddOrReplaceReadGroups	Processed     6,000,000 records.  Elapsed time: 00:01:02s.  Time for last 1,000,000:   10s.  Last read position: 1:84,724,497
INFO	2020-05-19 19:02:45	AddOrReplaceReadGroups	Processed     7,000,000 records.  Elapsed time: 00:01:12s.  Time for last 1,000,000:   10s.  Last read position: 1:92,439,609
INFO	2020-05-19 19:02:55	AddOrReplaceReadGroups	Processed     8,000,000 records.  Elapsed time: 00:01:22s.  Time for last 1,000,000:    9s.  Last read position: 1:127,306,668
INFO	2020-05-19 19:03:04	AddOrReplaceReadGroups	Processed     9,000,000 records.  Elapsed time: 00:01:32s.  Time for last 1,000,000:    9s.  Last read position: 1:136,019,726
INFO	2020-05-19 19:03:16	AddOrReplaceReadGroups	Processed    10,000,000 records.  Elapsed time: 00:01:43s.  Time for last 1,000,000:   11s.  Last read position: 1:160,206,107
INFO	2020-05-19 19:03:26	AddOrReplaceReadGroups	Processed    11,000,000 records.  Elapsed time: 00:01:53s.  Time for last 1,000,000:    9s.  Last read position: 1:172,151,470
INFO	2020-05-19 19:03:35	AddOrReplaceReadGroups	Processed    12,000,000 records.  Elapsed time: 00:02:03s.  Time for last 1,000,000:    9s.  Last read position: 1:185,252,095
INFO	2020-05-19 19:03:49	AddOrReplaceReadGroups	Processed    13,000,000 records.  Elapsed time: 00:02:16s.  Time for last 1,000,000:   13s.  Last read position: 10:13,127,618
INFO	2020-05-19 19:03:59	AddOrReplaceReadGroups	Processed    14,000,000 records.  Elapsed time: 00:02:26s.  Time for last 1,000,000:   10s.  Last read position: 10:40,258,519
INFO	2020-05-19 19:04:09	AddOrReplaceReadGroups	Processed    15,000,000 records.  Elapsed time: 00:02:36s.  Time for last 1,000,000:   10s.  Last read position: 10:62,455,756
INFO	2020-05-19 19:04:20	AddOrReplaceReadGroups	Processed    16,000,000 records.  Elapsed time: 00:02:47s.  Time for last 1,000,000:   11s.  Last read position: 10:79,321,091
INFO	2020-05-19 19:04:30	AddOrReplaceReadGroups	Processed    17,000,000 records.  Elapsed time: 00:02:57s.  Time for last 1,000,000:   10s.  Last read position: 10:81,177,827
INFO	2020-05-19 19:04:40	AddOrReplaceReadGroups	Processed    18,000,000 records.  Elapsed time: 00:03:07s.  Time for last 1,000,000:    9s.  Last read position: 10:83,576,051
INFO	2020-05-19 19:04:50	AddOrReplaceReadGroups	Processed    19,000,000 records.  Elapsed time: 00:03:18s.  Time for last 1,000,000:   10s.  Last read position: 10:96,077,629
INFO	2020-05-19 19:05:00	AddOrReplaceReadGroups	Processed    20,000,000 records.  Elapsed time: 00:03:28s.  Time for last 1,000,000:   10s.  Last read position: 10:127,067,054
INFO	2020-05-19 19:05:10	AddOrReplaceReadGroups	Processed    21,000,000 records.  Elapsed time: 00:03:37s.  Time for last 1,000,000:    9s.  Last read position: 10:128,548,213
INFO	2020-05-19 19:05:20	AddOrReplaceReadGroups	Processed    22,000,000 records.  Elapsed time: 00:03:47s.  Time for last 1,000,000:    9s.  Last read position: 10:128,806,222
INFO	2020-05-19 19:05:30	AddOrReplaceReadGroups	Processed    23,000,000 records.  Elapsed time: 00:03:58s.  Time for last 1,000,000:   10s.  Last read position: 11:6,352,153
INFO	2020-05-19 19:05:40	AddOrReplaceReadGroups	Processed    24,000,000 records.  Elapsed time: 00:04:07s.  Time for last 1,000,000:    9s.  Last read position: 11:22,996,321
INFO	2020-05-19 19:05:50	AddOrReplaceReadGroups	Processed    25,000,000 records.  Elapsed time: 00:04:17s.  Time for last 1,000,000:    9s.  Last read position: 11:40,748,736
INFO	2020-05-19 19:05:59	AddOrReplaceReadGroups	Processed    26,000,000 records.  Elapsed time: 00:04:27s.  Time for last 1,000,000:    9s.  Last read position: 11:50,207,168
INFO	2020-05-19 19:06:09	AddOrReplaceReadGroups	Processed    27,000,000 records.  Elapsed time: 00:04:36s.  Time for last 1,000,000:    9s.  Last read position: 11:53,261,722
INFO	2020-05-19 19:06:19	AddOrReplaceReadGroups	Processed    28,000,000 records.  Elapsed time: 00:04:46s.  Time for last 1,000,000:    9s.  Last read position: 11:58,954,031
INFO	2020-05-19 19:06:29	AddOrReplaceReadGroups	Processed    29,000,000 records.  Elapsed time: 00:04:57s.  Time for last 1,000,000:   10s.  Last read position: 11:62,552,264
INFO	2020-05-19 19:06:39	AddOrReplaceReadGroups	Processed    30,000,000 records.  Elapsed time: 00:05:06s.  Time for last 1,000,000:    9s.  Last read position: 11:69,668,100
INFO	2020-05-19 19:06:49	AddOrReplaceReadGroups	Processed    31,000,000 records.  Elapsed time: 00:05:16s.  Time for last 1,000,000:   10s.  Last read position: 11:74,819,567
INFO	2020-05-19 19:06:59	AddOrReplaceReadGroups	Processed    32,000,000 records.  Elapsed time: 00:05:26s.  Time for last 1,000,000:   10s.  Last read position: 11:78,180,991
INFO	2020-05-19 19:07:09	AddOrReplaceReadGroups	Processed    33,000,000 records.  Elapsed time: 00:05:36s.  Time for last 1,000,000:   10s.  Last read position: 11:85,503,179
INFO	2020-05-19 19:07:19	AddOrReplaceReadGroups	Processed    34,000,000 records.  Elapsed time: 00:05:46s.  Time for last 1,000,000:    9s.  Last read position: 11:90,640,356
INFO	2020-05-19 19:07:30	AddOrReplaceReadGroups	Processed    35,000,000 records.  Elapsed time: 00:05:57s.  Time for last 1,000,000:   11s.  Last read position: 11:97,837,514
INFO	2020-05-19 19:07:40	AddOrReplaceReadGroups	Processed    36,000,000 records.  Elapsed time: 00:06:07s.  Time for last 1,000,000:   10s.  Last read position: 11:101,091,357
INFO	2020-05-19 19:07:50	AddOrReplaceReadGroups	Processed    37,000,000 records.  Elapsed time: 00:06:17s.  Time for last 1,000,000:   10s.  Last read position: 11:103,397,200
INFO	2020-05-19 19:08:00	AddOrReplaceReadGroups	Processed    38,000,000 records.  Elapsed time: 00:06:27s.  Time for last 1,000,000:    9s.  Last read position: 11:109,012,000
INFO	2020-05-19 19:08:11	AddOrReplaceReadGroups	Processed    39,000,000 records.  Elapsed time: 00:06:39s.  Time for last 1,000,000:   11s.  Last read position: 11:117,354,648
INFO	2020-05-19 19:08:21	AddOrReplaceReadGroups	Processed    40,000,000 records.  Elapsed time: 00:06:48s.  Time for last 1,000,000:    9s.  Last read position: 11:120,345,693
INFO	2020-05-19 19:08:30	AddOrReplaceReadGroups	Processed    41,000,000 records.  Elapsed time: 00:06:58s.  Time for last 1,000,000:    9s.  Last read position: 11:120,808,300
INFO	2020-05-19 19:08:42	AddOrReplaceReadGroups	Processed    42,000,000 records.  Elapsed time: 00:07:09s.  Time for last 1,000,000:   11s.  Last read position: 12:11,266,161
INFO	2020-05-19 19:08:52	AddOrReplaceReadGroups	Processed    43,000,000 records.  Elapsed time: 00:07:19s.  Time for last 1,000,000:   10s.  Last read position: 12:28,635,427
INFO	2020-05-19 19:09:02	AddOrReplaceReadGroups	Processed    44,000,000 records.  Elapsed time: 00:07:29s.  Time for last 1,000,000:    9s.  Last read position: 12:55,247,274
INFO	2020-05-19 19:09:12	AddOrReplaceReadGroups	Processed    45,000,000 records.  Elapsed time: 00:07:39s.  Time for last 1,000,000:   10s.  Last read position: 12:69,159,309
INFO	2020-05-19 19:09:23	AddOrReplaceReadGroups	Processed    46,000,000 records.  Elapsed time: 00:07:50s.  Time for last 1,000,000:   10s.  Last read position: 12:69,159,341
INFO	2020-05-19 19:09:32	AddOrReplaceReadGroups	Processed    47,000,000 records.  Elapsed time: 00:07:59s.  Time for last 1,000,000:    9s.  Last read position: 12:69,159,365
INFO	2020-05-19 19:09:41	AddOrReplaceReadGroups	Processed    48,000,000 records.  Elapsed time: 00:08:08s.  Time for last 1,000,000:    8s.  Last read position: 12:69,159,393
INFO	2020-05-19 19:09:50	AddOrReplaceReadGroups	Processed    49,000,000 records.  Elapsed time: 00:08:17s.  Time for last 1,000,000:    8s.  Last read position: 12:69,159,435
INFO	2020-05-19 19:09:59	AddOrReplaceReadGroups	Processed    50,000,000 records.  Elapsed time: 00:08:26s.  Time for last 1,000,000:    9s.  Last read position: 12:69,159,467
INFO	2020-05-19 19:10:07	AddOrReplaceReadGroups	Processed    51,000,000 records.  Elapsed time: 00:08:34s.  Time for last 1,000,000:    7s.  Last read position: 12:69,159,484
INFO	2020-05-19 19:10:15	AddOrReplaceReadGroups	Processed    52,000,000 records.  Elapsed time: 00:08:42s.  Time for last 1,000,000:    8s.  Last read position: 12:69,361,208
INFO	2020-05-19 19:10:24	AddOrReplaceReadGroups	Processed    53,000,000 records.  Elapsed time: 00:08:51s.  Time for last 1,000,000:    8s.  Last read position: 12:69,361,226
INFO	2020-05-19 19:10:33	AddOrReplaceReadGroups	Processed    54,000,000 records.  Elapsed time: 00:09:00s.  Time for last 1,000,000:    8s.  Last read position: 12:69,361,272
INFO	2020-05-19 19:10:42	AddOrReplaceReadGroups	Processed    55,000,000 records.  Elapsed time: 00:09:09s.  Time for last 1,000,000:    8s.  Last read position: 12:69,361,302
INFO	2020-05-19 19:10:50	AddOrReplaceReadGroups	Processed    56,000,000 records.  Elapsed time: 00:09:18s.  Time for last 1,000,000:    8s.  Last read position: 12:69,361,321
INFO	2020-05-19 19:11:02	AddOrReplaceReadGroups	Processed    57,000,000 records.  Elapsed time: 00:09:29s.  Time for last 1,000,000:   11s.  Last read position: 12:69,361,364
INFO	2020-05-19 19:11:12	AddOrReplaceReadGroups	Processed    58,000,000 records.  Elapsed time: 00:09:39s.  Time for last 1,000,000:   10s.  Last read position: 12:69,361,375
INFO	2020-05-19 19:11:22	AddOrReplaceReadGroups	Processed    59,000,000 records.  Elapsed time: 00:09:50s.  Time for last 1,000,000:   10s.  Last read position: 12:80,634,286
INFO	2020-05-19 19:11:34	AddOrReplaceReadGroups	Processed    60,000,000 records.  Elapsed time: 00:10:01s.  Time for last 1,000,000:   11s.  Last read position: 12:99,420,849
INFO	2020-05-19 19:11:43	AddOrReplaceReadGroups	Processed    61,000,000 records.  Elapsed time: 00:10:10s.  Time for last 1,000,000:    9s.  Last read position: 12:110,621,541
INFO	2020-05-19 19:11:53	AddOrReplaceReadGroups	Processed    62,000,000 records.  Elapsed time: 00:10:20s.  Time for last 1,000,000:    9s.  Last read position: 12:111,963,276
INFO	2020-05-19 19:12:04	AddOrReplaceReadGroups	Processed    63,000,000 records.  Elapsed time: 00:10:31s.  Time for last 1,000,000:   11s.  Last read position: 13:14,184,330
INFO	2020-05-19 19:12:13	AddOrReplaceReadGroups	Processed    64,000,000 records.  Elapsed time: 00:10:40s.  Time for last 1,000,000:    9s.  Last read position: 13:23,531,345
INFO	2020-05-19 19:12:22	AddOrReplaceReadGroups	Processed    65,000,000 records.  Elapsed time: 00:10:49s.  Time for last 1,000,000:    8s.  Last read position: 13:23,585,575
INFO	2020-05-19 19:12:31	AddOrReplaceReadGroups	Processed    66,000,000 records.  Elapsed time: 00:10:58s.  Time for last 1,000,000:    9s.  Last read position: 13:23,757,066
INFO	2020-05-19 19:12:42	AddOrReplaceReadGroups	Processed    67,000,000 records.  Elapsed time: 00:11:09s.  Time for last 1,000,000:   10s.  Last read position: 13:46,816,394
INFO	2020-05-19 19:12:52	AddOrReplaceReadGroups	Processed    68,000,000 records.  Elapsed time: 00:11:19s.  Time for last 1,000,000:   10s.  Last read position: 13:58,393,320
INFO	2020-05-19 19:13:02	AddOrReplaceReadGroups	Processed    69,000,000 records.  Elapsed time: 00:11:29s.  Time for last 1,000,000:   10s.  Last read position: 13:75,954,353
INFO	2020-05-19 19:13:13	AddOrReplaceReadGroups	Processed    70,000,000 records.  Elapsed time: 00:11:41s.  Time for last 1,000,000:   11s.  Last read position: 13:100,780,038
INFO	2020-05-19 19:13:23	AddOrReplaceReadGroups	Processed    71,000,000 records.  Elapsed time: 00:11:51s.  Time for last 1,000,000:   10s.  Last read position: 14:16,422,672
INFO	2020-05-19 19:13:33	AddOrReplaceReadGroups	Processed    72,000,000 records.  Elapsed time: 00:12:00s.  Time for last 1,000,000:    9s.  Last read position: 14:31,507,095
INFO	2020-05-19 19:13:44	AddOrReplaceReadGroups	Processed    73,000,000 records.  Elapsed time: 00:12:11s.  Time for last 1,000,000:   10s.  Last read position: 14:50,807,507
INFO	2020-05-19 19:13:53	AddOrReplaceReadGroups	Processed    74,000,000 records.  Elapsed time: 00:12:20s.  Time for last 1,000,000:    9s.  Last read position: 14:55,561,171
INFO	2020-05-19 19:14:03	AddOrReplaceReadGroups	Processed    75,000,000 records.  Elapsed time: 00:12:30s.  Time for last 1,000,000:    9s.  Last read position: 14:70,183,717
INFO	2020-05-19 19:14:14	AddOrReplaceReadGroups	Processed    76,000,000 records.  Elapsed time: 00:12:41s.  Time for last 1,000,000:   10s.  Last read position: 14:118,031,141
INFO	2020-05-19 19:14:24	AddOrReplaceReadGroups	Processed    77,000,000 records.  Elapsed time: 00:12:51s.  Time for last 1,000,000:    9s.  Last read position: 15:8,093,749
INFO	2020-05-19 19:14:34	AddOrReplaceReadGroups	Processed    78,000,000 records.  Elapsed time: 00:13:01s.  Time for last 1,000,000:   10s.  Last read position: 15:34,442,694
INFO	2020-05-19 19:14:45	AddOrReplaceReadGroups	Processed    79,000,000 records.  Elapsed time: 00:13:12s.  Time for last 1,000,000:   10s.  Last read position: 15:55,639,101
INFO	2020-05-19 19:14:55	AddOrReplaceReadGroups	Processed    80,000,000 records.  Elapsed time: 00:13:22s.  Time for last 1,000,000:   10s.  Last read position: 15:76,049,055
INFO	2020-05-19 19:15:05	AddOrReplaceReadGroups	Processed    81,000,000 records.  Elapsed time: 00:13:32s.  Time for last 1,000,000:    9s.  Last read position: 15:77,962,503
INFO	2020-05-19 19:15:16	AddOrReplaceReadGroups	Processed    82,000,000 records.  Elapsed time: 00:13:43s.  Time for last 1,000,000:   10s.  Last read position: 15:80,260,728
INFO	2020-05-19 19:15:26	AddOrReplaceReadGroups	Processed    83,000,000 records.  Elapsed time: 00:13:53s.  Time for last 1,000,000:    9s.  Last read position: 15:84,923,628
INFO	2020-05-19 19:15:36	AddOrReplaceReadGroups	Processed    84,000,000 records.  Elapsed time: 00:14:03s.  Time for last 1,000,000:    9s.  Last read position: 15:93,234,397
INFO	2020-05-19 19:15:45	AddOrReplaceReadGroups	Processed    85,000,000 records.  Elapsed time: 00:14:12s.  Time for last 1,000,000:    9s.  Last read position: 15:96,434,981
INFO	2020-05-19 19:15:55	AddOrReplaceReadGroups	Processed    86,000,000 records.  Elapsed time: 00:14:22s.  Time for last 1,000,000:    9s.  Last read position: 15:99,034,211
INFO	2020-05-19 19:16:04	AddOrReplaceReadGroups	Processed    87,000,000 records.  Elapsed time: 00:14:32s.  Time for last 1,000,000:    9s.  Last read position: 15:102,431,264
INFO	2020-05-19 19:16:15	AddOrReplaceReadGroups	Processed    88,000,000 records.  Elapsed time: 00:14:42s.  Time for last 1,000,000:   10s.  Last read position: 16:13,656,917
INFO	2020-05-19 19:16:25	AddOrReplaceReadGroups	Processed    89,000,000 records.  Elapsed time: 00:14:52s.  Time for last 1,000,000:   10s.  Last read position: 16:20,657,976
INFO	2020-05-19 19:16:35	AddOrReplaceReadGroups	Processed    90,000,000 records.  Elapsed time: 00:15:02s.  Time for last 1,000,000:    9s.  Last read position: 16:32,905,839
INFO	2020-05-19 19:16:45	AddOrReplaceReadGroups	Processed    91,000,000 records.  Elapsed time: 00:15:13s.  Time for last 1,000,000:   10s.  Last read position: 16:55,966,404
INFO	2020-05-19 19:16:55	AddOrReplaceReadGroups	Processed    92,000,000 records.  Elapsed time: 00:15:23s.  Time for last 1,000,000:   10s.  Last read position: 16:87,729,868
INFO	2020-05-19 19:17:05	AddOrReplaceReadGroups	Processed    93,000,000 records.  Elapsed time: 00:15:32s.  Time for last 1,000,000:    9s.  Last read position: 17:5,816,185
INFO	2020-05-19 19:17:15	AddOrReplaceReadGroups	Processed    94,000,000 records.  Elapsed time: 00:15:42s.  Time for last 1,000,000:    9s.  Last read position: 17:17,383,289
INFO	2020-05-19 19:17:25	AddOrReplaceReadGroups	Processed    95,000,000 records.  Elapsed time: 00:15:52s.  Time for last 1,000,000:   10s.  Last read position: 17:25,080,259
INFO	2020-05-19 19:17:35	AddOrReplaceReadGroups	Processed    96,000,000 records.  Elapsed time: 00:16:02s.  Time for last 1,000,000:    9s.  Last read position: 17:29,041,974
INFO	2020-05-19 19:17:45	AddOrReplaceReadGroups	Processed    97,000,000 records.  Elapsed time: 00:16:12s.  Time for last 1,000,000:   10s.  Last read position: 17:34,626,897
INFO	2020-05-19 19:17:55	AddOrReplaceReadGroups	Processed    98,000,000 records.  Elapsed time: 00:16:23s.  Time for last 1,000,000:   10s.  Last read position: 17:36,038,619
INFO	2020-05-19 19:18:05	AddOrReplaceReadGroups	Processed    99,000,000 records.  Elapsed time: 00:16:32s.  Time for last 1,000,000:    9s.  Last read position: 17:39,843,375
INFO	2020-05-19 19:18:14	AddOrReplaceReadGroups	Processed   100,000,000 records.  Elapsed time: 00:16:41s.  Time for last 1,000,000:    9s.  Last read position: 17:39,843,876
INFO	2020-05-19 19:18:24	AddOrReplaceReadGroups	Processed   101,000,000 records.  Elapsed time: 00:16:51s.  Time for last 1,000,000:    9s.  Last read position: 17:39,844,831
INFO	2020-05-19 19:18:33	AddOrReplaceReadGroups	Processed   102,000,000 records.  Elapsed time: 00:17:00s.  Time for last 1,000,000:    9s.  Last read position: 17:39,848,491
INFO	2020-05-19 19:18:42	AddOrReplaceReadGroups	Processed   103,000,000 records.  Elapsed time: 00:17:10s.  Time for last 1,000,000:    9s.  Last read position: 17:45,570,782
INFO	2020-05-19 19:18:53	AddOrReplaceReadGroups	Processed   104,000,000 records.  Elapsed time: 00:17:20s.  Time for last 1,000,000:   10s.  Last read position: 17:56,286,474
INFO	2020-05-19 19:19:03	AddOrReplaceReadGroups	Processed   105,000,000 records.  Elapsed time: 00:17:30s.  Time for last 1,000,000:    9s.  Last read position: 17:72,940,103
INFO	2020-05-19 19:19:12	AddOrReplaceReadGroups	Processed   106,000,000 records.  Elapsed time: 00:17:40s.  Time for last 1,000,000:    9s.  Last read position: 18:6,201,150
INFO	2020-05-19 19:19:22	AddOrReplaceReadGroups	Processed   107,000,000 records.  Elapsed time: 00:17:50s.  Time for last 1,000,000:    9s.  Last read position: 18:34,907,103
INFO	2020-05-19 19:19:33	AddOrReplaceReadGroups	Processed   108,000,000 records.  Elapsed time: 00:18:00s.  Time for last 1,000,000:   10s.  Last read position: 18:50,012,473
INFO	2020-05-19 19:19:43	AddOrReplaceReadGroups	Processed   109,000,000 records.  Elapsed time: 00:18:10s.  Time for last 1,000,000:   10s.  Last read position: 18:73,639,945
INFO	2020-05-19 19:19:53	AddOrReplaceReadGroups	Processed   110,000,000 records.  Elapsed time: 00:18:20s.  Time for last 1,000,000:    9s.  Last read position: 19:4,192,213
INFO	2020-05-19 19:20:03	AddOrReplaceReadGroups	Processed   111,000,000 records.  Elapsed time: 00:18:30s.  Time for last 1,000,000:   10s.  Last read position: 19:6,053,241
INFO	2020-05-19 19:20:13	AddOrReplaceReadGroups	Processed   112,000,000 records.  Elapsed time: 00:18:40s.  Time for last 1,000,000:   10s.  Last read position: 19:10,194,593
INFO	2020-05-19 19:20:23	AddOrReplaceReadGroups	Processed   113,000,000 records.  Elapsed time: 00:18:50s.  Time for last 1,000,000:    9s.  Last read position: 19:29,810,069
INFO	2020-05-19 19:20:33	AddOrReplaceReadGroups	Processed   114,000,000 records.  Elapsed time: 00:19:01s.  Time for last 1,000,000:   10s.  Last read position: 19:40,623,825
INFO	2020-05-19 19:20:44	AddOrReplaceReadGroups	Processed   115,000,000 records.  Elapsed time: 00:19:11s.  Time for last 1,000,000:   10s.  Last read position: 19:46,040,590
INFO	2020-05-19 19:20:55	AddOrReplaceReadGroups	Processed   116,000,000 records.  Elapsed time: 00:19:22s.  Time for last 1,000,000:   10s.  Last read position: 2:4,899,502
INFO	2020-05-19 19:21:03	AddOrReplaceReadGroups	Processed   117,000,000 records.  Elapsed time: 00:19:31s.  Time for last 1,000,000:    8s.  Last read position: 2:7,076,286
INFO	2020-05-19 19:21:13	AddOrReplaceReadGroups	Processed   118,000,000 records.  Elapsed time: 00:19:40s.  Time for last 1,000,000:    9s.  Last read position: 2:20,899,924
INFO	2020-05-19 19:21:23	AddOrReplaceReadGroups	Processed   119,000,000 records.  Elapsed time: 00:19:51s.  Time for last 1,000,000:   10s.  Last read position: 2:26,959,875
INFO	2020-05-19 19:21:34	AddOrReplaceReadGroups	Processed   120,000,000 records.  Elapsed time: 00:20:02s.  Time for last 1,000,000:   11s.  Last read position: 2:31,950,544
INFO	2020-05-19 19:21:44	AddOrReplaceReadGroups	Processed   121,000,000 records.  Elapsed time: 00:20:12s.  Time for last 1,000,000:   10s.  Last read position: 2:38,590,723
INFO	2020-05-19 19:21:54	AddOrReplaceReadGroups	Processed   122,000,000 records.  Elapsed time: 00:20:22s.  Time for last 1,000,000:    9s.  Last read position: 2:70,270,444
INFO	2020-05-19 19:22:05	AddOrReplaceReadGroups	Processed   123,000,000 records.  Elapsed time: 00:20:33s.  Time for last 1,000,000:   10s.  Last read position: 2:80,838,580
INFO	2020-05-19 19:22:16	AddOrReplaceReadGroups	Processed   124,000,000 records.  Elapsed time: 00:20:43s.  Time for last 1,000,000:   10s.  Last read position: 2:98,666,905
INFO	2020-05-19 19:22:26	AddOrReplaceReadGroups	Processed   125,000,000 records.  Elapsed time: 00:20:53s.  Time for last 1,000,000:   10s.  Last read position: 2:119,445,555
INFO	2020-05-19 19:22:37	AddOrReplaceReadGroups	Processed   126,000,000 records.  Elapsed time: 00:21:04s.  Time for last 1,000,000:   10s.  Last read position: 2:127,080,613
INFO	2020-05-19 19:22:47	AddOrReplaceReadGroups	Processed   127,000,000 records.  Elapsed time: 00:21:14s.  Time for last 1,000,000:   10s.  Last read position: 2:143,943,200
INFO	2020-05-19 19:22:57	AddOrReplaceReadGroups	Processed   128,000,000 records.  Elapsed time: 00:21:24s.  Time for last 1,000,000:   10s.  Last read position: 2:155,060,038
INFO	2020-05-19 19:23:07	AddOrReplaceReadGroups	Processed   129,000,000 records.  Elapsed time: 00:21:35s.  Time for last 1,000,000:   10s.  Last read position: 2:164,152,655
INFO	2020-05-19 19:23:18	AddOrReplaceReadGroups	Processed   130,000,000 records.  Elapsed time: 00:21:45s.  Time for last 1,000,000:   10s.  Last read position: 2:175,309,466
INFO	2020-05-19 19:23:28	AddOrReplaceReadGroups	Processed   131,000,000 records.  Elapsed time: 00:21:55s.  Time for last 1,000,000:   10s.  Last read position: 3:10,344,265
INFO	2020-05-19 19:23:38	AddOrReplaceReadGroups	Processed   132,000,000 records.  Elapsed time: 00:22:06s.  Time for last 1,000,000:   10s.  Last read position: 3:36,570,956
INFO	2020-05-19 19:23:48	AddOrReplaceReadGroups	Processed   133,000,000 records.  Elapsed time: 00:22:16s.  Time for last 1,000,000:    9s.  Last read position: 3:62,468,574
INFO	2020-05-19 19:23:58	AddOrReplaceReadGroups	Processed   134,000,000 records.  Elapsed time: 00:22:25s.  Time for last 1,000,000:    9s.  Last read position: 3:85,784,056
INFO	2020-05-19 19:24:09	AddOrReplaceReadGroups	Processed   135,000,000 records.  Elapsed time: 00:22:36s.  Time for last 1,000,000:   10s.  Last read position: 3:88,629,907
INFO	2020-05-19 19:24:19	AddOrReplaceReadGroups	Processed   136,000,000 records.  Elapsed time: 00:22:46s.  Time for last 1,000,000:   10s.  Last read position: 3:94,499,584
INFO	2020-05-19 19:24:28	AddOrReplaceReadGroups	Processed   137,000,000 records.  Elapsed time: 00:22:55s.  Time for last 1,000,000:    9s.  Last read position: 3:96,239,879
INFO	2020-05-19 19:24:38	AddOrReplaceReadGroups	Processed   138,000,000 records.  Elapsed time: 00:23:05s.  Time for last 1,000,000:    9s.  Last read position: 3:96,269,023
INFO	2020-05-19 19:24:47	AddOrReplaceReadGroups	Processed   139,000,000 records.  Elapsed time: 00:23:15s.  Time for last 1,000,000:    9s.  Last read position: 3:103,043,162
INFO	2020-05-19 19:24:57	AddOrReplaceReadGroups	Processed   140,000,000 records.  Elapsed time: 00:23:24s.  Time for last 1,000,000:    9s.  Last read position: 3:108,674,709
INFO	2020-05-19 19:25:09	AddOrReplaceReadGroups	Processed   141,000,000 records.  Elapsed time: 00:23:36s.  Time for last 1,000,000:   11s.  Last read position: 3:137,866,524
INFO	2020-05-19 19:25:19	AddOrReplaceReadGroups	Processed   142,000,000 records.  Elapsed time: 00:23:46s.  Time for last 1,000,000:   10s.  Last read position: 4:3,834,969
INFO	2020-05-19 19:25:29	AddOrReplaceReadGroups	Processed   143,000,000 records.  Elapsed time: 00:23:56s.  Time for last 1,000,000:   10s.  Last read position: 4:40,223,942
INFO	2020-05-19 19:25:38	AddOrReplaceReadGroups	Processed   144,000,000 records.  Elapsed time: 00:24:05s.  Time for last 1,000,000:    9s.  Last read position: 4:43,492,933
INFO	2020-05-19 19:25:49	AddOrReplaceReadGroups	Processed   145,000,000 records.  Elapsed time: 00:24:16s.  Time for last 1,000,000:   10s.  Last read position: 4:56,799,979
INFO	2020-05-19 19:25:59	AddOrReplaceReadGroups	Processed   146,000,000 records.  Elapsed time: 00:24:26s.  Time for last 1,000,000:    9s.  Last read position: 4:80,837,516
INFO	2020-05-19 19:26:08	AddOrReplaceReadGroups	Processed   147,000,000 records.  Elapsed time: 00:24:35s.  Time for last 1,000,000:    9s.  Last read position: 4:86,856,011
INFO	2020-05-19 19:26:19	AddOrReplaceReadGroups	Processed   148,000,000 records.  Elapsed time: 00:24:46s.  Time for last 1,000,000:   10s.  Last read position: 4:108,272,264
INFO	2020-05-19 19:26:28	AddOrReplaceReadGroups	Processed   149,000,000 records.  Elapsed time: 00:24:56s.  Time for last 1,000,000:    9s.  Last read position: 4:119,136,977
INFO	2020-05-19 19:26:39	AddOrReplaceReadGroups	Processed   150,000,000 records.  Elapsed time: 00:25:06s.  Time for last 1,000,000:   10s.  Last read position: 4:129,607,786
INFO	2020-05-19 19:26:49	AddOrReplaceReadGroups	Processed   151,000,000 records.  Elapsed time: 00:25:17s.  Time for last 1,000,000:   10s.  Last read position: 4:137,320,532
INFO	2020-05-19 19:27:00	AddOrReplaceReadGroups	Processed   152,000,000 records.  Elapsed time: 00:25:27s.  Time for last 1,000,000:   10s.  Last read position: 4:145,729,923
INFO	2020-05-19 19:27:10	AddOrReplaceReadGroups	Processed   153,000,000 records.  Elapsed time: 00:25:37s.  Time for last 1,000,000:   10s.  Last read position: 4:150,247,906
INFO	2020-05-19 19:27:20	AddOrReplaceReadGroups	Processed   154,000,000 records.  Elapsed time: 00:25:47s.  Time for last 1,000,000:   10s.  Last read position: 5:4,082,860
INFO	2020-05-19 19:27:30	AddOrReplaceReadGroups	Processed   155,000,000 records.  Elapsed time: 00:25:57s.  Time for last 1,000,000:    9s.  Last read position: 5:28,071,407
INFO	2020-05-19 19:27:40	AddOrReplaceReadGroups	Processed   156,000,000 records.  Elapsed time: 00:26:07s.  Time for last 1,000,000:   10s.  Last read position: 5:34,762,236
INFO	2020-05-19 19:27:50	AddOrReplaceReadGroups	Processed   157,000,000 records.  Elapsed time: 00:26:18s.  Time for last 1,000,000:   10s.  Last read position: 5:65,644,084
INFO	2020-05-19 19:28:01	AddOrReplaceReadGroups	Processed   158,000,000 records.  Elapsed time: 00:26:28s.  Time for last 1,000,000:   10s.  Last read position: 5:99,966,176
INFO	2020-05-19 19:28:11	AddOrReplaceReadGroups	Processed   159,000,000 records.  Elapsed time: 00:26:38s.  Time for last 1,000,000:   10s.  Last read position: 5:115,272,644
INFO	2020-05-19 19:28:21	AddOrReplaceReadGroups	Processed   160,000,000 records.  Elapsed time: 00:26:48s.  Time for last 1,000,000:   10s.  Last read position: 5:121,206,681
INFO	2020-05-19 19:28:31	AddOrReplaceReadGroups	Processed   161,000,000 records.  Elapsed time: 00:26:58s.  Time for last 1,000,000:    9s.  Last read position: 5:125,018,093
INFO	2020-05-19 19:28:40	AddOrReplaceReadGroups	Processed   162,000,000 records.  Elapsed time: 00:27:07s.  Time for last 1,000,000:    8s.  Last read position: 5:129,793,728
INFO	2020-05-19 19:28:51	AddOrReplaceReadGroups	Processed   163,000,000 records.  Elapsed time: 00:27:18s.  Time for last 1,000,000:   10s.  Last read position: 5:137,529,762
INFO	2020-05-19 19:29:00	AddOrReplaceReadGroups	Processed   164,000,000 records.  Elapsed time: 00:27:28s.  Time for last 1,000,000:    9s.  Last read position: 5:142,904,499
INFO	2020-05-19 19:29:10	AddOrReplaceReadGroups	Processed   165,000,000 records.  Elapsed time: 00:27:37s.  Time for last 1,000,000:    9s.  Last read position: 5:146,835,678
INFO	2020-05-19 19:29:21	AddOrReplaceReadGroups	Processed   166,000,000 records.  Elapsed time: 00:27:48s.  Time for last 1,000,000:   10s.  Last read position: 6:14,087,145
INFO	2020-05-19 19:29:31	AddOrReplaceReadGroups	Processed   167,000,000 records.  Elapsed time: 00:27:58s.  Time for last 1,000,000:   10s.  Last read position: 6:30,810,338
INFO	2020-05-19 19:29:41	AddOrReplaceReadGroups	Processed   168,000,000 records.  Elapsed time: 00:28:08s.  Time for last 1,000,000:    9s.  Last read position: 6:44,793,126
INFO	2020-05-19 19:29:51	AddOrReplaceReadGroups	Processed   169,000,000 records.  Elapsed time: 00:28:18s.  Time for last 1,000,000:    9s.  Last read position: 6:49,056,476
INFO	2020-05-19 19:30:00	AddOrReplaceReadGroups	Processed   170,000,000 records.  Elapsed time: 00:28:28s.  Time for last 1,000,000:    9s.  Last read position: 6:60,731,847
INFO	2020-05-19 19:30:09	AddOrReplaceReadGroups	Processed   171,000,000 records.  Elapsed time: 00:28:36s.  Time for last 1,000,000:    8s.  Last read position: 6:69,516,441
INFO	2020-05-19 19:30:19	AddOrReplaceReadGroups	Processed   172,000,000 records.  Elapsed time: 00:28:46s.  Time for last 1,000,000:    9s.  Last read position: 6:83,309,496
INFO	2020-05-19 19:30:30	AddOrReplaceReadGroups	Processed   173,000,000 records.  Elapsed time: 00:28:57s.  Time for last 1,000,000:   10s.  Last read position: 6:87,907,872
INFO	2020-05-19 19:30:39	AddOrReplaceReadGroups	Processed   174,000,000 records.  Elapsed time: 00:29:07s.  Time for last 1,000,000:    9s.  Last read position: 6:97,185,498
INFO	2020-05-19 19:30:50	AddOrReplaceReadGroups	Processed   175,000,000 records.  Elapsed time: 00:29:17s.  Time for last 1,000,000:   10s.  Last read position: 6:115,807,093
INFO	2020-05-19 19:31:01	AddOrReplaceReadGroups	Processed   176,000,000 records.  Elapsed time: 00:29:28s.  Time for last 1,000,000:   10s.  Last read position: 6:124,716,654
INFO	2020-05-19 19:31:10	AddOrReplaceReadGroups	Processed   177,000,000 records.  Elapsed time: 00:29:37s.  Time for last 1,000,000:    9s.  Last read position: 6:125,163,398
INFO	2020-05-19 19:31:20	AddOrReplaceReadGroups	Processed   178,000,000 records.  Elapsed time: 00:29:47s.  Time for last 1,000,000:    9s.  Last read position: 6:137,478,846
INFO	2020-05-19 19:31:31	AddOrReplaceReadGroups	Processed   179,000,000 records.  Elapsed time: 00:29:58s.  Time for last 1,000,000:   10s.  Last read position: 7:4,485,390
INFO	2020-05-19 19:31:41	AddOrReplaceReadGroups	Processed   180,000,000 records.  Elapsed time: 00:30:08s.  Time for last 1,000,000:   10s.  Last read position: 7:18,856,177
INFO	2020-05-19 19:31:51	AddOrReplaceReadGroups	Processed   181,000,000 records.  Elapsed time: 00:30:18s.  Time for last 1,000,000:    9s.  Last read position: 7:28,048,829
INFO	2020-05-19 19:32:02	AddOrReplaceReadGroups	Processed   182,000,000 records.  Elapsed time: 00:30:29s.  Time for last 1,000,000:   11s.  Last read position: 7:35,048,744
INFO	2020-05-19 19:32:11	AddOrReplaceReadGroups	Processed   183,000,000 records.  Elapsed time: 00:30:39s.  Time for last 1,000,000:    9s.  Last read position: 7:45,458,144
INFO	2020-05-19 19:32:21	AddOrReplaceReadGroups	Processed   184,000,000 records.  Elapsed time: 00:30:48s.  Time for last 1,000,000:    9s.  Last read position: 7:46,850,348
INFO	2020-05-19 19:32:33	AddOrReplaceReadGroups	Processed   185,000,000 records.  Elapsed time: 00:31:00s.  Time for last 1,000,000:   11s.  Last read position: 7:80,300,335
INFO	2020-05-19 19:32:43	AddOrReplaceReadGroups	Processed   186,000,000 records.  Elapsed time: 00:31:10s.  Time for last 1,000,000:   10s.  Last read position: 7:98,098,915
INFO	2020-05-19 19:32:52	AddOrReplaceReadGroups	Processed   187,000,000 records.  Elapsed time: 00:31:20s.  Time for last 1,000,000:    9s.  Last read position: 7:105,704,269
INFO	2020-05-19 19:33:03	AddOrReplaceReadGroups	Processed   188,000,000 records.  Elapsed time: 00:31:30s.  Time for last 1,000,000:   10s.  Last read position: 7:115,662,117
INFO	2020-05-19 19:33:13	AddOrReplaceReadGroups	Processed   189,000,000 records.  Elapsed time: 00:31:40s.  Time for last 1,000,000:    9s.  Last read position: 7:126,558,910
INFO	2020-05-19 19:33:23	AddOrReplaceReadGroups	Processed   190,000,000 records.  Elapsed time: 00:31:50s.  Time for last 1,000,000:   10s.  Last read position: 7:132,559,786
INFO	2020-05-19 19:33:33	AddOrReplaceReadGroups	Processed   191,000,000 records.  Elapsed time: 00:32:01s.  Time for last 1,000,000:   10s.  Last read position: 7:142,376,534
INFO	2020-05-19 19:33:43	AddOrReplaceReadGroups	Processed   192,000,000 records.  Elapsed time: 00:32:10s.  Time for last 1,000,000:    9s.  Last read position: 8:13,377,485
INFO	2020-05-19 19:33:53	AddOrReplaceReadGroups	Processed   193,000,000 records.  Elapsed time: 00:32:21s.  Time for last 1,000,000:   10s.  Last read position: 8:33,621,056
INFO	2020-05-19 19:34:04	AddOrReplaceReadGroups	Processed   194,000,000 records.  Elapsed time: 00:32:31s.  Time for last 1,000,000:   10s.  Last read position: 8:69,107,598
INFO	2020-05-19 19:34:14	AddOrReplaceReadGroups	Processed   195,000,000 records.  Elapsed time: 00:32:41s.  Time for last 1,000,000:    9s.  Last read position: 8:72,245,146
INFO	2020-05-19 19:34:24	AddOrReplaceReadGroups	Processed   196,000,000 records.  Elapsed time: 00:32:51s.  Time for last 1,000,000:    9s.  Last read position: 8:84,846,042
INFO	2020-05-19 19:34:34	AddOrReplaceReadGroups	Processed   197,000,000 records.  Elapsed time: 00:33:02s.  Time for last 1,000,000:   10s.  Last read position: 8:95,726,115
INFO	2020-05-19 19:34:45	AddOrReplaceReadGroups	Processed   198,000,000 records.  Elapsed time: 00:33:12s.  Time for last 1,000,000:   10s.  Last read position: 8:110,816,308
INFO	2020-05-19 19:34:55	AddOrReplaceReadGroups	Processed   199,000,000 records.  Elapsed time: 00:33:22s.  Time for last 1,000,000:   10s.  Last read position: 8:122,571,975
INFO	2020-05-19 19:35:05	AddOrReplaceReadGroups	Processed   200,000,000 records.  Elapsed time: 00:33:32s.  Time for last 1,000,000:   10s.  Last read position: 8:123,430,919
INFO	2020-05-19 19:35:15	AddOrReplaceReadGroups	Processed   201,000,000 records.  Elapsed time: 00:33:42s.  Time for last 1,000,000:    9s.  Last read position: 9:7,206,788
INFO	2020-05-19 19:35:25	AddOrReplaceReadGroups	Processed   202,000,000 records.  Elapsed time: 00:33:52s.  Time for last 1,000,000:   10s.  Last read position: 9:21,702,997
INFO	2020-05-19 19:35:35	AddOrReplaceReadGroups	Processed   203,000,000 records.  Elapsed time: 00:34:02s.  Time for last 1,000,000:   10s.  Last read position: 9:40,802,076
INFO	2020-05-19 19:35:45	AddOrReplaceReadGroups	Processed   204,000,000 records.  Elapsed time: 00:34:12s.  Time for last 1,000,000:    9s.  Last read position: 9:44,478,086
INFO	2020-05-19 19:35:55	AddOrReplaceReadGroups	Processed   205,000,000 records.  Elapsed time: 00:34:22s.  Time for last 1,000,000:    9s.  Last read position: 9:56,058,149
INFO	2020-05-19 19:36:06	AddOrReplaceReadGroups	Processed   206,000,000 records.  Elapsed time: 00:34:33s.  Time for last 1,000,000:   10s.  Last read position: 9:59,679,130
INFO	2020-05-19 19:36:15	AddOrReplaceReadGroups	Processed   207,000,000 records.  Elapsed time: 00:34:42s.  Time for last 1,000,000:    9s.  Last read position: 9:66,098,373
INFO	2020-05-19 19:36:25	AddOrReplaceReadGroups	Processed   208,000,000 records.  Elapsed time: 00:34:52s.  Time for last 1,000,000:    9s.  Last read position: 9:75,387,713
INFO	2020-05-19 19:36:34	AddOrReplaceReadGroups	Processed   209,000,000 records.  Elapsed time: 00:35:01s.  Time for last 1,000,000:    8s.  Last read position: 9:78,175,405
INFO	2020-05-19 19:36:43	AddOrReplaceReadGroups	Processed   210,000,000 records.  Elapsed time: 00:35:10s.  Time for last 1,000,000:    9s.  Last read position: 9:78,175,497
INFO	2020-05-19 19:36:53	AddOrReplaceReadGroups	Processed   211,000,000 records.  Elapsed time: 00:35:20s.  Time for last 1,000,000:    9s.  Last read position: 9:78,479,376
INFO	2020-05-19 19:37:03	AddOrReplaceReadGroups	Processed   212,000,000 records.  Elapsed time: 00:35:30s.  Time for last 1,000,000:   10s.  Last read position: 9:90,092,034
INFO	2020-05-19 19:37:13	AddOrReplaceReadGroups	Processed   213,000,000 records.  Elapsed time: 00:35:41s.  Time for last 1,000,000:   10s.  Last read position: 9:106,184,739
INFO	2020-05-19 19:37:24	AddOrReplaceReadGroups	Processed   214,000,000 records.  Elapsed time: 00:35:51s.  Time for last 1,000,000:   10s.  Last read position: 9:109,092,152
INFO	2020-05-19 19:37:34	AddOrReplaceReadGroups	Processed   215,000,000 records.  Elapsed time: 00:36:01s.  Time for last 1,000,000:    9s.  Last read position: 9:120,574,279
INFO	2020-05-19 19:37:44	AddOrReplaceReadGroups	Processed   216,000,000 records.  Elapsed time: 00:36:11s.  Time for last 1,000,000:    9s.  Last read position: MT:1,453
INFO	2020-05-19 19:37:53	AddOrReplaceReadGroups	Processed   217,000,000 records.  Elapsed time: 00:36:20s.  Time for last 1,000,000:    8s.  Last read position: MT:6,191
INFO	2020-05-19 19:38:02	AddOrReplaceReadGroups	Processed   218,000,000 records.  Elapsed time: 00:36:29s.  Time for last 1,000,000:    8s.  Last read position: MT:8,643
INFO	2020-05-19 19:38:11	AddOrReplaceReadGroups	Processed   219,000,000 records.  Elapsed time: 00:36:39s.  Time for last 1,000,000:    9s.  Last read position: X:13,288,633
INFO	2020-05-19 19:38:21	AddOrReplaceReadGroups	Processed   220,000,000 records.  Elapsed time: 00:36:48s.  Time for last 1,000,000:    9s.  Last read position: X:57,391,284
INFO	2020-05-19 19:38:31	AddOrReplaceReadGroups	Processed   221,000,000 records.  Elapsed time: 00:36:58s.  Time for last 1,000,000:   10s.  Last read position: X:94,190,182
INFO	2020-05-19 19:38:42	AddOrReplaceReadGroups	Processed   222,000,000 records.  Elapsed time: 00:37:09s.  Time for last 1,000,000:   10s.  Last read position: X:106,019,592
INFO	2020-05-19 19:38:52	AddOrReplaceReadGroups	Processed   223,000,000 records.  Elapsed time: 00:37:19s.  Time for last 1,000,000:    9s.  Last read position: X:151,914,189
[Tue May 19 19:39:01 EDT 2020] picard.sam.AddOrReplaceReadGroups done. Elapsed time: 37.48 minutes.
Runtime.totalMemory()=536870912
