INFO	2020-05-19 19:01:31	AddOrReplaceReadGroups	

********** NOTE: Picard's command line syntax is changing.
**********
********** For more information, please see:
********** https://github.com/broadinstitute/picard/wiki/Command-Line-Syntax-Transition-For-Users-(Pre-Transition)
**********
********** The command line looks like this in the new syntax:
**********
**********    AddOrReplaceReadGroups -RGID RNA7A -RGLB RNA7A -RGPL RNA7A -RGPU RNA7A -RGSM RNA7A -VALIDATION_STRINGENCY LENIENT -I outs/STAR/bams/RNA7A.Aligned.sortedByCoord.out.bam -O outs/STAR/bams/RNA7A.Aligned.sortedByCoord.out.rgAligned.bam
**********


19:01:32.615 INFO  NativeLibraryLoader - Loading libgkl_compression.so from jar:file:/data/exploratory/Users/jeff.alvarez/omics-pipeline/.snakemake/conda/fbcb7705/share/picard-2.22.1-0/picard.jar!/com/intel/gkl/native/libgkl_compression.so
[Tue May 19 19:01:32 EDT 2020] AddOrReplaceReadGroups INPUT=outs/STAR/bams/RNA7A.Aligned.sortedByCoord.out.bam OUTPUT=outs/STAR/bams/RNA7A.Aligned.sortedByCoord.out.rgAligned.bam RGID=RNA7A RGLB=RNA7A RGPL=RNA7A RGPU=RNA7A RGSM=RNA7A VALIDATION_STRINGENCY=LENIENT    VERBOSITY=INFO QUIET=false COMPRESSION_LEVEL=5 MAX_RECORDS_IN_RAM=500000 CREATE_INDEX=false CREATE_MD5_FILE=false GA4GH_CLIENT_SECRETS=client_secrets.json USE_JDK_DEFLATER=false USE_JDK_INFLATER=false
[Tue May 19 19:01:32 EDT 2020] Executing as jeff.alvarez@BOS-RDS-P009.agios.local on Linux 4.15.0-99-generic amd64; OpenJDK 64-Bit Server VM 11.0.1-internal+0-adhoc..src; Deflater: Intel; Inflater: Intel; Provider GCS is not available; Picard version: 2.22.1
Ignoring SAM validation error: ERROR::HEADER_RECORD_MISSING_REQUIRED_TAG:File /data/exploratory/Users/jeff.alvarez/omics-pipeline/outs/STAR/bams/RNA7A.Aligned.sortedByCoord.out.bam, Error parsing SAM header. @RG line missing SM tag. Line:
@RG	ID:RNA7A
INFO	2020-05-19 19:01:32	AddOrReplaceReadGroups	Created read-group ID=RNA7A PL=RNA7A LB=RNA7A SM=RNA7A

INFO	2020-05-19 19:01:45	AddOrReplaceReadGroups	Processed     1,000,000 records.  Elapsed time: 00:00:12s.  Time for last 1,000,000:   12s.  Last read position: 1:24,613,399
INFO	2020-05-19 19:01:54	AddOrReplaceReadGroups	Processed     2,000,000 records.  Elapsed time: 00:00:22s.  Time for last 1,000,000:    9s.  Last read position: 1:25,592,028
INFO	2020-05-19 19:02:05	AddOrReplaceReadGroups	Processed     3,000,000 records.  Elapsed time: 00:00:32s.  Time for last 1,000,000:   10s.  Last read position: 1:43,949,386
INFO	2020-05-19 19:02:16	AddOrReplaceReadGroups	Processed     4,000,000 records.  Elapsed time: 00:00:43s.  Time for last 1,000,000:   10s.  Last read position: 1:58,420,208
INFO	2020-05-19 19:02:26	AddOrReplaceReadGroups	Processed     5,000,000 records.  Elapsed time: 00:00:53s.  Time for last 1,000,000:   10s.  Last read position: 1:71,576,124
INFO	2020-05-19 19:02:37	AddOrReplaceReadGroups	Processed     6,000,000 records.  Elapsed time: 00:01:04s.  Time for last 1,000,000:   11s.  Last read position: 1:86,133,713
INFO	2020-05-19 19:02:47	AddOrReplaceReadGroups	Processed     7,000,000 records.  Elapsed time: 00:01:15s.  Time for last 1,000,000:   10s.  Last read position: 1:93,438,303
INFO	2020-05-19 19:02:58	AddOrReplaceReadGroups	Processed     8,000,000 records.  Elapsed time: 00:01:25s.  Time for last 1,000,000:   10s.  Last read position: 1:128,329,745
INFO	2020-05-19 19:03:09	AddOrReplaceReadGroups	Processed     9,000,000 records.  Elapsed time: 00:01:36s.  Time for last 1,000,000:   11s.  Last read position: 1:142,588,757
INFO	2020-05-19 19:03:19	AddOrReplaceReadGroups	Processed    10,000,000 records.  Elapsed time: 00:01:47s.  Time for last 1,000,000:   10s.  Last read position: 1:162,717,068
INFO	2020-05-19 19:03:30	AddOrReplaceReadGroups	Processed    11,000,000 records.  Elapsed time: 00:01:57s.  Time for last 1,000,000:   10s.  Last read position: 1:178,331,414
INFO	2020-05-19 19:03:42	AddOrReplaceReadGroups	Processed    12,000,000 records.  Elapsed time: 00:02:10s.  Time for last 1,000,000:   12s.  Last read position: 1:189,798,626
INFO	2020-05-19 19:03:53	AddOrReplaceReadGroups	Processed    13,000,000 records.  Elapsed time: 00:02:20s.  Time for last 1,000,000:   10s.  Last read position: 10:20,981,354
INFO	2020-05-19 19:04:03	AddOrReplaceReadGroups	Processed    14,000,000 records.  Elapsed time: 00:02:31s.  Time for last 1,000,000:   10s.  Last read position: 10:49,419,717
INFO	2020-05-19 19:04:15	AddOrReplaceReadGroups	Processed    15,000,000 records.  Elapsed time: 00:02:42s.  Time for last 1,000,000:   11s.  Last read position: 10:75,061,048
INFO	2020-05-19 19:04:26	AddOrReplaceReadGroups	Processed    16,000,000 records.  Elapsed time: 00:02:53s.  Time for last 1,000,000:   10s.  Last read position: 10:80,292,858
INFO	2020-05-19 19:04:36	AddOrReplaceReadGroups	Processed    17,000,000 records.  Elapsed time: 00:03:03s.  Time for last 1,000,000:   10s.  Last read position: 10:81,181,914
INFO	2020-05-19 19:04:46	AddOrReplaceReadGroups	Processed    18,000,000 records.  Elapsed time: 00:03:13s.  Time for last 1,000,000:   10s.  Last read position: 10:90,327,424
INFO	2020-05-19 19:04:57	AddOrReplaceReadGroups	Processed    19,000,000 records.  Elapsed time: 00:03:24s.  Time for last 1,000,000:   10s.  Last read position: 10:117,060,680
INFO	2020-05-19 19:05:07	AddOrReplaceReadGroups	Processed    20,000,000 records.  Elapsed time: 00:03:34s.  Time for last 1,000,000:   10s.  Last read position: 10:128,086,053
INFO	2020-05-19 19:05:17	AddOrReplaceReadGroups	Processed    21,000,000 records.  Elapsed time: 00:03:44s.  Time for last 1,000,000:    9s.  Last read position: 10:128,716,048
INFO	2020-05-19 19:05:27	AddOrReplaceReadGroups	Processed    22,000,000 records.  Elapsed time: 00:03:54s.  Time for last 1,000,000:   10s.  Last read position: 11:4,919,763
INFO	2020-05-19 19:05:37	AddOrReplaceReadGroups	Processed    23,000,000 records.  Elapsed time: 00:04:05s.  Time for last 1,000,000:   10s.  Last read position: 11:20,064,516
INFO	2020-05-19 19:05:48	AddOrReplaceReadGroups	Processed    24,000,000 records.  Elapsed time: 00:04:15s.  Time for last 1,000,000:   10s.  Last read position: 11:32,425,372
INFO	2020-05-19 19:05:58	AddOrReplaceReadGroups	Processed    25,000,000 records.  Elapsed time: 00:04:25s.  Time for last 1,000,000:   10s.  Last read position: 11:49,671,843
INFO	2020-05-19 19:06:08	AddOrReplaceReadGroups	Processed    26,000,000 records.  Elapsed time: 00:04:35s.  Time for last 1,000,000:    9s.  Last read position: 11:51,668,568
INFO	2020-05-19 19:06:18	AddOrReplaceReadGroups	Processed    27,000,000 records.  Elapsed time: 00:04:45s.  Time for last 1,000,000:   10s.  Last read position: 11:57,530,263
INFO	2020-05-19 19:06:28	AddOrReplaceReadGroups	Processed    28,000,000 records.  Elapsed time: 00:04:56s.  Time for last 1,000,000:   10s.  Last read position: 11:62,552,194
INFO	2020-05-19 19:06:38	AddOrReplaceReadGroups	Processed    29,000,000 records.  Elapsed time: 00:05:06s.  Time for last 1,000,000:    9s.  Last read position: 11:69,680,537
INFO	2020-05-19 19:06:49	AddOrReplaceReadGroups	Processed    30,000,000 records.  Elapsed time: 00:05:16s.  Time for last 1,000,000:   10s.  Last read position: 11:75,500,904
INFO	2020-05-19 19:06:59	AddOrReplaceReadGroups	Processed    31,000,000 records.  Elapsed time: 00:05:26s.  Time for last 1,000,000:   10s.  Last read position: 11:78,616,734
INFO	2020-05-19 19:07:10	AddOrReplaceReadGroups	Processed    32,000,000 records.  Elapsed time: 00:05:37s.  Time for last 1,000,000:   10s.  Last read position: 11:86,769,897
INFO	2020-05-19 19:07:20	AddOrReplaceReadGroups	Processed    33,000,000 records.  Elapsed time: 00:05:47s.  Time for last 1,000,000:   10s.  Last read position: 11:95,958,099
INFO	2020-05-19 19:07:31	AddOrReplaceReadGroups	Processed    34,000,000 records.  Elapsed time: 00:05:58s.  Time for last 1,000,000:   11s.  Last read position: 11:99,713,207
INFO	2020-05-19 19:07:41	AddOrReplaceReadGroups	Processed    35,000,000 records.  Elapsed time: 00:06:08s.  Time for last 1,000,000:    9s.  Last read position: 11:102,163,054
INFO	2020-05-19 19:07:51	AddOrReplaceReadGroups	Processed    36,000,000 records.  Elapsed time: 00:06:18s.  Time for last 1,000,000:   10s.  Last read position: 11:106,991,464
INFO	2020-05-19 19:08:02	AddOrReplaceReadGroups	Processed    37,000,000 records.  Elapsed time: 00:06:29s.  Time for last 1,000,000:   10s.  Last read position: 11:116,850,638
INFO	2020-05-19 19:08:13	AddOrReplaceReadGroups	Processed    38,000,000 records.  Elapsed time: 00:06:40s.  Time for last 1,000,000:   11s.  Last read position: 11:120,381,397
INFO	2020-05-19 19:08:23	AddOrReplaceReadGroups	Processed    39,000,000 records.  Elapsed time: 00:06:50s.  Time for last 1,000,000:   10s.  Last read position: 11:121,072,818
INFO	2020-05-19 19:08:33	AddOrReplaceReadGroups	Processed    40,000,000 records.  Elapsed time: 00:07:00s.  Time for last 1,000,000:   10s.  Last read position: 12:17,368,323
INFO	2020-05-19 19:08:45	AddOrReplaceReadGroups	Processed    41,000,000 records.  Elapsed time: 00:07:12s.  Time for last 1,000,000:   11s.  Last read position: 12:44,570,229
INFO	2020-05-19 19:08:55	AddOrReplaceReadGroups	Processed    42,000,000 records.  Elapsed time: 00:07:22s.  Time for last 1,000,000:   10s.  Last read position: 12:69,159,304
INFO	2020-05-19 19:09:05	AddOrReplaceReadGroups	Processed    43,000,000 records.  Elapsed time: 00:07:33s.  Time for last 1,000,000:   10s.  Last read position: 12:69,159,316
INFO	2020-05-19 19:09:17	AddOrReplaceReadGroups	Processed    44,000,000 records.  Elapsed time: 00:07:44s.  Time for last 1,000,000:   11s.  Last read position: 12:69,159,356
INFO	2020-05-19 19:09:26	AddOrReplaceReadGroups	Processed    45,000,000 records.  Elapsed time: 00:07:53s.  Time for last 1,000,000:    9s.  Last read position: 12:69,159,373
INFO	2020-05-19 19:09:35	AddOrReplaceReadGroups	Processed    46,000,000 records.  Elapsed time: 00:08:02s.  Time for last 1,000,000:    9s.  Last read position: 12:69,159,397
INFO	2020-05-19 19:09:44	AddOrReplaceReadGroups	Processed    47,000,000 records.  Elapsed time: 00:08:12s.  Time for last 1,000,000:    9s.  Last read position: 12:69,159,441
INFO	2020-05-19 19:09:54	AddOrReplaceReadGroups	Processed    48,000,000 records.  Elapsed time: 00:08:21s.  Time for last 1,000,000:    9s.  Last read position: 12:69,159,468
INFO	2020-05-19 19:10:02	AddOrReplaceReadGroups	Processed    49,000,000 records.  Elapsed time: 00:08:29s.  Time for last 1,000,000:    8s.  Last read position: 12:69,159,482
INFO	2020-05-19 19:10:11	AddOrReplaceReadGroups	Processed    50,000,000 records.  Elapsed time: 00:08:38s.  Time for last 1,000,000:    8s.  Last read position: 12:69,361,207
INFO	2020-05-19 19:10:19	AddOrReplaceReadGroups	Processed    51,000,000 records.  Elapsed time: 00:08:46s.  Time for last 1,000,000:    8s.  Last read position: 12:69,361,214
INFO	2020-05-19 19:10:29	AddOrReplaceReadGroups	Processed    52,000,000 records.  Elapsed time: 00:08:56s.  Time for last 1,000,000:   10s.  Last read position: 12:69,361,262
INFO	2020-05-19 19:10:38	AddOrReplaceReadGroups	Processed    53,000,000 records.  Elapsed time: 00:09:06s.  Time for last 1,000,000:    9s.  Last read position: 12:69,361,294
INFO	2020-05-19 19:10:47	AddOrReplaceReadGroups	Processed    54,000,000 records.  Elapsed time: 00:09:15s.  Time for last 1,000,000:    9s.  Last read position: 12:69,361,313
INFO	2020-05-19 19:10:59	AddOrReplaceReadGroups	Processed    55,000,000 records.  Elapsed time: 00:09:26s.  Time for last 1,000,000:   11s.  Last read position: 12:69,361,338
INFO	2020-05-19 19:11:09	AddOrReplaceReadGroups	Processed    56,000,000 records.  Elapsed time: 00:09:37s.  Time for last 1,000,000:   10s.  Last read position: 12:69,361,368
INFO	2020-05-19 19:11:20	AddOrReplaceReadGroups	Processed    57,000,000 records.  Elapsed time: 00:09:47s.  Time for last 1,000,000:   10s.  Last read position: 12:75,925,993
INFO	2020-05-19 19:11:30	AddOrReplaceReadGroups	Processed    58,000,000 records.  Elapsed time: 00:09:58s.  Time for last 1,000,000:   10s.  Last read position: 12:86,021,703
INFO	2020-05-19 19:11:42	AddOrReplaceReadGroups	Processed    59,000,000 records.  Elapsed time: 00:10:09s.  Time for last 1,000,000:   11s.  Last read position: 12:105,698,786
INFO	2020-05-19 19:11:52	AddOrReplaceReadGroups	Processed    60,000,000 records.  Elapsed time: 00:10:19s.  Time for last 1,000,000:    9s.  Last read position: 12:111,296,243
INFO	2020-05-19 19:12:02	AddOrReplaceReadGroups	Processed    61,000,000 records.  Elapsed time: 00:10:29s.  Time for last 1,000,000:   10s.  Last read position: 13:9,171,464
INFO	2020-05-19 19:12:12	AddOrReplaceReadGroups	Processed    62,000,000 records.  Elapsed time: 00:10:40s.  Time for last 1,000,000:   10s.  Last read position: 13:22,035,985
INFO	2020-05-19 19:12:21	AddOrReplaceReadGroups	Processed    63,000,000 records.  Elapsed time: 00:10:49s.  Time for last 1,000,000:    9s.  Last read position: 13:23,571,588
INFO	2020-05-19 19:12:31	AddOrReplaceReadGroups	Processed    64,000,000 records.  Elapsed time: 00:10:58s.  Time for last 1,000,000:    9s.  Last read position: 13:23,746,862
INFO	2020-05-19 19:12:41	AddOrReplaceReadGroups	Processed    65,000,000 records.  Elapsed time: 00:11:08s.  Time for last 1,000,000:   10s.  Last read position: 13:38,627,901
INFO	2020-05-19 19:12:51	AddOrReplaceReadGroups	Processed    66,000,000 records.  Elapsed time: 00:11:19s.  Time for last 1,000,000:   10s.  Last read position: 13:55,460,472
INFO	2020-05-19 19:13:02	AddOrReplaceReadGroups	Processed    67,000,000 records.  Elapsed time: 00:11:29s.  Time for last 1,000,000:   10s.  Last read position: 13:74,323,141
INFO	2020-05-19 19:13:13	AddOrReplaceReadGroups	Processed    68,000,000 records.  Elapsed time: 00:11:40s.  Time for last 1,000,000:   11s.  Last read position: 13:98,312,607
INFO	2020-05-19 19:13:23	AddOrReplaceReadGroups	Processed    69,000,000 records.  Elapsed time: 00:11:50s.  Time for last 1,000,000:   10s.  Last read position: 13:119,701,143
INFO	2020-05-19 19:13:34	AddOrReplaceReadGroups	Processed    70,000,000 records.  Elapsed time: 00:12:01s.  Time for last 1,000,000:   10s.  Last read position: 14:30,525,389
INFO	2020-05-19 19:13:45	AddOrReplaceReadGroups	Processed    71,000,000 records.  Elapsed time: 00:12:12s.  Time for last 1,000,000:   11s.  Last read position: 14:50,807,455
INFO	2020-05-19 19:13:54	AddOrReplaceReadGroups	Processed    72,000,000 records.  Elapsed time: 00:12:21s.  Time for last 1,000,000:    9s.  Last read position: 14:54,533,807
INFO	2020-05-19 19:14:05	AddOrReplaceReadGroups	Processed    73,000,000 records.  Elapsed time: 00:12:32s.  Time for last 1,000,000:   10s.  Last read position: 14:70,156,180
INFO	2020-05-19 19:14:16	AddOrReplaceReadGroups	Processed    74,000,000 records.  Elapsed time: 00:12:43s.  Time for last 1,000,000:   11s.  Last read position: 14:118,030,225
INFO	2020-05-19 19:14:26	AddOrReplaceReadGroups	Processed    75,000,000 records.  Elapsed time: 00:12:53s.  Time for last 1,000,000:   10s.  Last read position: 15:6,713,809
INFO	2020-05-19 19:14:37	AddOrReplaceReadGroups	Processed    76,000,000 records.  Elapsed time: 00:13:04s.  Time for last 1,000,000:   10s.  Last read position: 15:34,273,298
INFO	2020-05-19 19:14:48	AddOrReplaceReadGroups	Processed    77,000,000 records.  Elapsed time: 00:13:15s.  Time for last 1,000,000:   11s.  Last read position: 15:55,036,612
INFO	2020-05-19 19:14:58	AddOrReplaceReadGroups	Processed    78,000,000 records.  Elapsed time: 00:13:25s.  Time for last 1,000,000:   10s.  Last read position: 15:73,127,033
INFO	2020-05-19 19:15:08	AddOrReplaceReadGroups	Processed    79,000,000 records.  Elapsed time: 00:13:36s.  Time for last 1,000,000:   10s.  Last read position: 15:77,959,522
INFO	2020-05-19 19:15:19	AddOrReplaceReadGroups	Processed    80,000,000 records.  Elapsed time: 00:13:46s.  Time for last 1,000,000:   10s.  Last read position: 15:80,261,346
INFO	2020-05-19 19:15:29	AddOrReplaceReadGroups	Processed    81,000,000 records.  Elapsed time: 00:13:57s.  Time for last 1,000,000:   10s.  Last read position: 15:84,948,692
INFO	2020-05-19 19:15:39	AddOrReplaceReadGroups	Processed    82,000,000 records.  Elapsed time: 00:14:07s.  Time for last 1,000,000:   10s.  Last read position: 15:93,234,412
INFO	2020-05-19 19:15:49	AddOrReplaceReadGroups	Processed    83,000,000 records.  Elapsed time: 00:14:17s.  Time for last 1,000,000:    9s.  Last read position: 15:96,624,098
INFO	2020-05-19 19:15:59	AddOrReplaceReadGroups	Processed    84,000,000 records.  Elapsed time: 00:14:26s.  Time for last 1,000,000:    9s.  Last read position: 15:99,034,451
INFO	2020-05-19 19:16:09	AddOrReplaceReadGroups	Processed    85,000,000 records.  Elapsed time: 00:14:37s.  Time for last 1,000,000:   10s.  Last read position: 15:102,520,018
INFO	2020-05-19 19:16:20	AddOrReplaceReadGroups	Processed    86,000,000 records.  Elapsed time: 00:14:48s.  Time for last 1,000,000:   11s.  Last read position: 16:14,423,238
INFO	2020-05-19 19:16:31	AddOrReplaceReadGroups	Processed    87,000,000 records.  Elapsed time: 00:14:58s.  Time for last 1,000,000:   10s.  Last read position: 16:20,686,254
INFO	2020-05-19 19:16:41	AddOrReplaceReadGroups	Processed    88,000,000 records.  Elapsed time: 00:15:08s.  Time for last 1,000,000:   10s.  Last read position: 16:35,349,158
INFO	2020-05-19 19:16:52	AddOrReplaceReadGroups	Processed    89,000,000 records.  Elapsed time: 00:15:20s.  Time for last 1,000,000:   11s.  Last read position: 16:58,679,205
INFO	2020-05-19 19:17:02	AddOrReplaceReadGroups	Processed    90,000,000 records.  Elapsed time: 00:15:30s.  Time for last 1,000,000:   10s.  Last read position: 16:91,659,946
INFO	2020-05-19 19:17:13	AddOrReplaceReadGroups	Processed    91,000,000 records.  Elapsed time: 00:15:40s.  Time for last 1,000,000:   10s.  Last read position: 17:6,739,273
INFO	2020-05-19 19:17:24	AddOrReplaceReadGroups	Processed    92,000,000 records.  Elapsed time: 00:15:51s.  Time for last 1,000,000:   11s.  Last read position: 17:24,164,105
INFO	2020-05-19 19:17:34	AddOrReplaceReadGroups	Processed    93,000,000 records.  Elapsed time: 00:16:01s.  Time for last 1,000,000:   10s.  Last read position: 17:26,938,922
INFO	2020-05-19 19:17:44	AddOrReplaceReadGroups	Processed    94,000,000 records.  Elapsed time: 00:16:11s.  Time for last 1,000,000:   10s.  Last read position: 17:33,017,231
INFO	2020-05-19 19:17:55	AddOrReplaceReadGroups	Processed    95,000,000 records.  Elapsed time: 00:16:22s.  Time for last 1,000,000:   10s.  Last read position: 17:35,835,480
INFO	2020-05-19 19:18:05	AddOrReplaceReadGroups	Processed    96,000,000 records.  Elapsed time: 00:16:32s.  Time for last 1,000,000:    9s.  Last read position: 17:39,843,372
INFO	2020-05-19 19:18:15	AddOrReplaceReadGroups	Processed    97,000,000 records.  Elapsed time: 00:16:42s.  Time for last 1,000,000:    9s.  Last read position: 17:39,844,249
INFO	2020-05-19 19:18:25	AddOrReplaceReadGroups	Processed    98,000,000 records.  Elapsed time: 00:16:52s.  Time for last 1,000,000:   10s.  Last read position: 17:39,845,609
INFO	2020-05-19 19:18:35	AddOrReplaceReadGroups	Processed    99,000,000 records.  Elapsed time: 00:17:02s.  Time for last 1,000,000:    9s.  Last read position: 17:39,848,745
INFO	2020-05-19 19:18:44	AddOrReplaceReadGroups	Processed   100,000,000 records.  Elapsed time: 00:17:12s.  Time for last 1,000,000:    9s.  Last read position: 17:46,681,808
INFO	2020-05-19 19:18:55	AddOrReplaceReadGroups	Processed   101,000,000 records.  Elapsed time: 00:17:23s.  Time for last 1,000,000:   11s.  Last read position: 17:57,242,822
INFO	2020-05-19 19:19:06	AddOrReplaceReadGroups	Processed   102,000,000 records.  Elapsed time: 00:17:33s.  Time for last 1,000,000:   10s.  Last read position: 17:83,414,176
INFO	2020-05-19 19:19:16	AddOrReplaceReadGroups	Processed   103,000,000 records.  Elapsed time: 00:17:44s.  Time for last 1,000,000:   10s.  Last read position: 18:23,890,933
INFO	2020-05-19 19:19:27	AddOrReplaceReadGroups	Processed   104,000,000 records.  Elapsed time: 00:17:55s.  Time for last 1,000,000:   10s.  Last read position: 18:38,470,104
INFO	2020-05-19 19:19:38	AddOrReplaceReadGroups	Processed   105,000,000 records.  Elapsed time: 00:18:05s.  Time for last 1,000,000:   10s.  Last read position: 18:62,525,191
INFO	2020-05-19 19:19:48	AddOrReplaceReadGroups	Processed   106,000,000 records.  Elapsed time: 00:18:15s.  Time for last 1,000,000:   10s.  Last read position: 18:84,871,558
INFO	2020-05-19 19:19:58	AddOrReplaceReadGroups	Processed   107,000,000 records.  Elapsed time: 00:18:26s.  Time for last 1,000,000:   10s.  Last read position: 19:5,797,258
INFO	2020-05-19 19:20:08	AddOrReplaceReadGroups	Processed   108,000,000 records.  Elapsed time: 00:18:36s.  Time for last 1,000,000:   10s.  Last read position: 19:8,977,430
INFO	2020-05-19 19:20:19	AddOrReplaceReadGroups	Processed   109,000,000 records.  Elapsed time: 00:18:46s.  Time for last 1,000,000:   10s.  Last read position: 19:24,876,361
INFO	2020-05-19 19:20:30	AddOrReplaceReadGroups	Processed   110,000,000 records.  Elapsed time: 00:18:57s.  Time for last 1,000,000:   11s.  Last read position: 19:40,585,523
INFO	2020-05-19 19:20:40	AddOrReplaceReadGroups	Processed   111,000,000 records.  Elapsed time: 00:19:07s.  Time for last 1,000,000:   10s.  Last read position: 19:44,935,254
INFO	2020-05-19 19:20:50	AddOrReplaceReadGroups	Processed   112,000,000 records.  Elapsed time: 00:19:18s.  Time for last 1,000,000:   10s.  Last read position: 19:60,930,431
INFO	2020-05-19 19:21:00	AddOrReplaceReadGroups	Processed   113,000,000 records.  Elapsed time: 00:19:27s.  Time for last 1,000,000:    9s.  Last read position: 2:7,076,269
INFO	2020-05-19 19:21:10	AddOrReplaceReadGroups	Processed   114,000,000 records.  Elapsed time: 00:19:37s.  Time for last 1,000,000:    9s.  Last read position: 2:20,385,075
INFO	2020-05-19 19:21:20	AddOrReplaceReadGroups	Processed   115,000,000 records.  Elapsed time: 00:19:47s.  Time for last 1,000,000:   10s.  Last read position: 2:27,003,378
INFO	2020-05-19 19:21:31	AddOrReplaceReadGroups	Processed   116,000,000 records.  Elapsed time: 00:19:59s.  Time for last 1,000,000:   11s.  Last read position: 2:32,051,776
INFO	2020-05-19 19:21:42	AddOrReplaceReadGroups	Processed   117,000,000 records.  Elapsed time: 00:20:09s.  Time for last 1,000,000:   10s.  Last read position: 2:39,001,622
INFO	2020-05-19 19:21:52	AddOrReplaceReadGroups	Processed   118,000,000 records.  Elapsed time: 00:20:19s.  Time for last 1,000,000:   10s.  Last read position: 2:70,765,541
INFO	2020-05-19 19:22:03	AddOrReplaceReadGroups	Processed   119,000,000 records.  Elapsed time: 00:20:31s.  Time for last 1,000,000:   11s.  Last read position: 2:80,838,495
INFO	2020-05-19 19:22:14	AddOrReplaceReadGroups	Processed   120,000,000 records.  Elapsed time: 00:20:41s.  Time for last 1,000,000:   10s.  Last read position: 2:98,666,706
INFO	2020-05-19 19:22:24	AddOrReplaceReadGroups	Processed   121,000,000 records.  Elapsed time: 00:20:51s.  Time for last 1,000,000:   10s.  Last read position: 2:118,635,233
INFO	2020-05-19 19:22:35	AddOrReplaceReadGroups	Processed   122,000,000 records.  Elapsed time: 00:21:02s.  Time for last 1,000,000:   11s.  Last read position: 2:127,214,830
INFO	2020-05-19 19:22:46	AddOrReplaceReadGroups	Processed   123,000,000 records.  Elapsed time: 00:21:13s.  Time for last 1,000,000:   10s.  Last read position: 2:144,265,119
INFO	2020-05-19 19:22:56	AddOrReplaceReadGroups	Processed   124,000,000 records.  Elapsed time: 00:21:23s.  Time for last 1,000,000:   10s.  Last read position: 2:155,702,556
INFO	2020-05-19 19:23:07	AddOrReplaceReadGroups	Processed   125,000,000 records.  Elapsed time: 00:21:34s.  Time for last 1,000,000:   11s.  Last read position: 2:165,828,218
INFO	2020-05-19 19:23:18	AddOrReplaceReadGroups	Processed   126,000,000 records.  Elapsed time: 00:21:45s.  Time for last 1,000,000:   10s.  Last read position: 2:177,899,961
INFO	2020-05-19 19:23:28	AddOrReplaceReadGroups	Processed   127,000,000 records.  Elapsed time: 00:21:55s.  Time for last 1,000,000:   10s.  Last read position: 3:27,115,517
INFO	2020-05-19 19:23:39	AddOrReplaceReadGroups	Processed   128,000,000 records.  Elapsed time: 00:22:07s.  Time for last 1,000,000:   11s.  Last read position: 3:55,124,804
INFO	2020-05-19 19:23:49	AddOrReplaceReadGroups	Processed   129,000,000 records.  Elapsed time: 00:22:17s.  Time for last 1,000,000:   10s.  Last read position: 3:69,089,932
INFO	2020-05-19 19:24:00	AddOrReplaceReadGroups	Processed   130,000,000 records.  Elapsed time: 00:22:27s.  Time for last 1,000,000:   10s.  Last read position: 3:87,915,558
INFO	2020-05-19 19:24:11	AddOrReplaceReadGroups	Processed   131,000,000 records.  Elapsed time: 00:22:38s.  Time for last 1,000,000:   11s.  Last read position: 3:89,779,503
INFO	2020-05-19 19:24:21	AddOrReplaceReadGroups	Processed   132,000,000 records.  Elapsed time: 00:22:48s.  Time for last 1,000,000:   10s.  Last read position: 3:96,172,985
INFO	2020-05-19 19:24:30	AddOrReplaceReadGroups	Processed   133,000,000 records.  Elapsed time: 00:22:58s.  Time for last 1,000,000:    9s.  Last read position: 3:96,247,169
INFO	2020-05-19 19:24:41	AddOrReplaceReadGroups	Processed   134,000,000 records.  Elapsed time: 00:23:08s.  Time for last 1,000,000:   10s.  Last read position: 3:101,579,641
INFO	2020-05-19 19:24:51	AddOrReplaceReadGroups	Processed   135,000,000 records.  Elapsed time: 00:23:18s.  Time for last 1,000,000:   10s.  Last read position: 3:108,268,901
INFO	2020-05-19 19:25:01	AddOrReplaceReadGroups	Processed   136,000,000 records.  Elapsed time: 00:23:28s.  Time for last 1,000,000:   10s.  Last read position: 3:133,468,155
INFO	2020-05-19 19:25:13	AddOrReplaceReadGroups	Processed   137,000,000 records.  Elapsed time: 00:23:40s.  Time for last 1,000,000:   11s.  Last read position: 3:157,541,801
INFO	2020-05-19 19:25:23	AddOrReplaceReadGroups	Processed   138,000,000 records.  Elapsed time: 00:23:50s.  Time for last 1,000,000:   10s.  Last read position: 4:33,039,382
INFO	2020-05-19 19:25:33	AddOrReplaceReadGroups	Processed   139,000,000 records.  Elapsed time: 00:24:00s.  Time for last 1,000,000:    9s.  Last read position: 4:43,492,922
INFO	2020-05-19 19:25:43	AddOrReplaceReadGroups	Processed   140,000,000 records.  Elapsed time: 00:24:10s.  Time for last 1,000,000:   10s.  Last read position: 4:52,461,166
INFO	2020-05-19 19:25:53	AddOrReplaceReadGroups	Processed   141,000,000 records.  Elapsed time: 00:24:21s.  Time for last 1,000,000:   10s.  Last read position: 4:80,835,110
INFO	2020-05-19 19:26:03	AddOrReplaceReadGroups	Processed   142,000,000 records.  Elapsed time: 00:24:30s.  Time for last 1,000,000:    9s.  Last read position: 4:80,851,299
INFO	2020-05-19 19:26:13	AddOrReplaceReadGroups	Processed   143,000,000 records.  Elapsed time: 00:24:40s.  Time for last 1,000,000:   10s.  Last read position: 4:101,234,843
INFO	2020-05-19 19:26:24	AddOrReplaceReadGroups	Processed   144,000,000 records.  Elapsed time: 00:24:51s.  Time for last 1,000,000:   10s.  Last read position: 4:116,691,887
INFO	2020-05-19 19:26:34	AddOrReplaceReadGroups	Processed   145,000,000 records.  Elapsed time: 00:25:01s.  Time for last 1,000,000:   10s.  Last read position: 4:125,504,101
INFO	2020-05-19 19:26:44	AddOrReplaceReadGroups	Processed   146,000,000 records.  Elapsed time: 00:25:12s.  Time for last 1,000,000:   10s.  Last read position: 4:133,534,346
INFO	2020-05-19 19:26:55	AddOrReplaceReadGroups	Processed   147,000,000 records.  Elapsed time: 00:25:22s.  Time for last 1,000,000:   10s.  Last read position: 4:140,972,928
INFO	2020-05-19 19:27:05	AddOrReplaceReadGroups	Processed   148,000,000 records.  Elapsed time: 00:25:33s.  Time for last 1,000,000:   10s.  Last read position: 4:150,244,010
INFO	2020-05-19 19:27:16	AddOrReplaceReadGroups	Processed   149,000,000 records.  Elapsed time: 00:25:43s.  Time for last 1,000,000:   10s.  Last read position: 4:155,159,785
INFO	2020-05-19 19:27:26	AddOrReplaceReadGroups	Processed   150,000,000 records.  Elapsed time: 00:25:53s.  Time for last 1,000,000:   10s.  Last read position: 5:23,526,358
INFO	2020-05-19 19:27:36	AddOrReplaceReadGroups	Processed   151,000,000 records.  Elapsed time: 00:26:03s.  Time for last 1,000,000:   10s.  Last read position: 5:32,461,403
INFO	2020-05-19 19:27:46	AddOrReplaceReadGroups	Processed   152,000,000 records.  Elapsed time: 00:26:14s.  Time for last 1,000,000:   10s.  Last read position: 5:52,154,212
INFO	2020-05-19 19:27:57	AddOrReplaceReadGroups	Processed   153,000,000 records.  Elapsed time: 00:26:24s.  Time for last 1,000,000:   10s.  Last read position: 5:86,012,278
INFO	2020-05-19 19:28:07	AddOrReplaceReadGroups	Processed   154,000,000 records.  Elapsed time: 00:26:34s.  Time for last 1,000,000:   10s.  Last read position: 5:110,651,715
INFO	2020-05-19 19:28:17	AddOrReplaceReadGroups	Processed   155,000,000 records.  Elapsed time: 00:26:44s.  Time for last 1,000,000:   10s.  Last read position: 5:120,132,167
INFO	2020-05-19 19:28:28	AddOrReplaceReadGroups	Processed   156,000,000 records.  Elapsed time: 00:26:55s.  Time for last 1,000,000:   10s.  Last read position: 5:124,400,737
INFO	2020-05-19 19:28:37	AddOrReplaceReadGroups	Processed   157,000,000 records.  Elapsed time: 00:27:05s.  Time for last 1,000,000:    9s.  Last read position: 5:129,899,222
INFO	2020-05-19 19:28:48	AddOrReplaceReadGroups	Processed   158,000,000 records.  Elapsed time: 00:27:15s.  Time for last 1,000,000:   10s.  Last read position: 5:138,456,527
INFO	2020-05-19 19:28:58	AddOrReplaceReadGroups	Processed   159,000,000 records.  Elapsed time: 00:27:25s.  Time for last 1,000,000:   10s.  Last read position: 5:142,904,724
INFO	2020-05-19 19:29:08	AddOrReplaceReadGroups	Processed   160,000,000 records.  Elapsed time: 00:27:35s.  Time for last 1,000,000:   10s.  Last read position: 5:148,506,173
INFO	2020-05-19 19:29:19	AddOrReplaceReadGroups	Processed   161,000,000 records.  Elapsed time: 00:27:46s.  Time for last 1,000,000:   10s.  Last read position: 6:17,535,877
INFO	2020-05-19 19:29:29	AddOrReplaceReadGroups	Processed   162,000,000 records.  Elapsed time: 00:27:56s.  Time for last 1,000,000:   10s.  Last read position: 6:31,468,335
INFO	2020-05-19 19:29:39	AddOrReplaceReadGroups	Processed   163,000,000 records.  Elapsed time: 00:28:07s.  Time for last 1,000,000:   10s.  Last read position: 6:47,821,097
INFO	2020-05-19 19:29:49	AddOrReplaceReadGroups	Processed   164,000,000 records.  Elapsed time: 00:28:17s.  Time for last 1,000,000:    9s.  Last read position: 6:51,483,387
INFO	2020-05-19 19:30:00	AddOrReplaceReadGroups	Processed   165,000,000 records.  Elapsed time: 00:28:27s.  Time for last 1,000,000:   10s.  Last read position: 6:69,516,399
INFO	2020-05-19 19:30:09	AddOrReplaceReadGroups	Processed   166,000,000 records.  Elapsed time: 00:28:36s.  Time for last 1,000,000:    8s.  Last read position: 6:71,929,750
INFO	2020-05-19 19:30:19	AddOrReplaceReadGroups	Processed   167,000,000 records.  Elapsed time: 00:28:46s.  Time for last 1,000,000:   10s.  Last read position: 6:85,466,711
INFO	2020-05-19 19:30:29	AddOrReplaceReadGroups	Processed   168,000,000 records.  Elapsed time: 00:28:57s.  Time for last 1,000,000:   10s.  Last read position: 6:89,318,058
INFO	2020-05-19 19:30:40	AddOrReplaceReadGroups	Processed   169,000,000 records.  Elapsed time: 00:29:07s.  Time for last 1,000,000:   10s.  Last read position: 6:108,821,577
INFO	2020-05-19 19:30:50	AddOrReplaceReadGroups	Processed   170,000,000 records.  Elapsed time: 00:29:18s.  Time for last 1,000,000:   10s.  Last read position: 6:118,541,417
INFO	2020-05-19 19:31:01	AddOrReplaceReadGroups	Processed   171,000,000 records.  Elapsed time: 00:29:29s.  Time for last 1,000,000:   11s.  Last read position: 6:125,137,448
INFO	2020-05-19 19:31:11	AddOrReplaceReadGroups	Processed   172,000,000 records.  Elapsed time: 00:29:39s.  Time for last 1,000,000:    9s.  Last read position: 6:128,434,432
INFO	2020-05-19 19:31:22	AddOrReplaceReadGroups	Processed   173,000,000 records.  Elapsed time: 00:29:49s.  Time for last 1,000,000:   10s.  Last read position: 6:147,534,185
INFO	2020-05-19 19:31:32	AddOrReplaceReadGroups	Processed   174,000,000 records.  Elapsed time: 00:30:00s.  Time for last 1,000,000:   10s.  Last read position: 7:13,291,254
INFO	2020-05-19 19:31:43	AddOrReplaceReadGroups	Processed   175,000,000 records.  Elapsed time: 00:30:10s.  Time for last 1,000,000:   10s.  Last read position: 7:25,317,166
INFO	2020-05-19 19:31:54	AddOrReplaceReadGroups	Processed   176,000,000 records.  Elapsed time: 00:30:21s.  Time for last 1,000,000:   10s.  Last read position: 7:34,193,099
INFO	2020-05-19 19:32:04	AddOrReplaceReadGroups	Processed   177,000,000 records.  Elapsed time: 00:30:31s.  Time for last 1,000,000:   10s.  Last read position: 7:45,457,993
INFO	2020-05-19 19:32:13	AddOrReplaceReadGroups	Processed   178,000,000 records.  Elapsed time: 00:30:41s.  Time for last 1,000,000:    9s.  Last read position: 7:45,459,713
INFO	2020-05-19 19:32:24	AddOrReplaceReadGroups	Processed   179,000,000 records.  Elapsed time: 00:30:51s.  Time for last 1,000,000:   10s.  Last read position: 7:64,219,170
INFO	2020-05-19 19:32:34	AddOrReplaceReadGroups	Processed   180,000,000 records.  Elapsed time: 00:31:02s.  Time for last 1,000,000:   10s.  Last read position: 7:88,465,208
INFO	2020-05-19 19:32:45	AddOrReplaceReadGroups	Processed   181,000,000 records.  Elapsed time: 00:31:12s.  Time for last 1,000,000:   10s.  Last read position: 7:100,327,449
INFO	2020-05-19 19:32:55	AddOrReplaceReadGroups	Processed   182,000,000 records.  Elapsed time: 00:31:22s.  Time for last 1,000,000:   10s.  Last read position: 7:111,075,127
INFO	2020-05-19 19:33:05	AddOrReplaceReadGroups	Processed   183,000,000 records.  Elapsed time: 00:31:32s.  Time for last 1,000,000:   10s.  Last read position: 7:121,705,667
INFO	2020-05-19 19:33:16	AddOrReplaceReadGroups	Processed   184,000,000 records.  Elapsed time: 00:31:43s.  Time for last 1,000,000:   10s.  Last read position: 7:127,707,924
INFO	2020-05-19 19:33:26	AddOrReplaceReadGroups	Processed   185,000,000 records.  Elapsed time: 00:31:53s.  Time for last 1,000,000:   10s.  Last read position: 7:141,447,956
INFO	2020-05-19 19:33:37	AddOrReplaceReadGroups	Processed   186,000,000 records.  Elapsed time: 00:32:04s.  Time for last 1,000,000:   10s.  Last read position: 8:12,822,613
INFO	2020-05-19 19:33:47	AddOrReplaceReadGroups	Processed   187,000,000 records.  Elapsed time: 00:32:14s.  Time for last 1,000,000:   10s.  Last read position: 8:25,839,845
INFO	2020-05-19 19:33:58	AddOrReplaceReadGroups	Processed   188,000,000 records.  Elapsed time: 00:32:26s.  Time for last 1,000,000:   11s.  Last read position: 8:57,514,181
INFO	2020-05-19 19:34:09	AddOrReplaceReadGroups	Processed   189,000,000 records.  Elapsed time: 00:32:37s.  Time for last 1,000,000:   11s.  Last read position: 8:72,222,527
INFO	2020-05-19 19:34:20	AddOrReplaceReadGroups	Processed   190,000,000 records.  Elapsed time: 00:32:47s.  Time for last 1,000,000:   10s.  Last read position: 8:84,845,886
INFO	2020-05-19 19:34:30	AddOrReplaceReadGroups	Processed   191,000,000 records.  Elapsed time: 00:32:57s.  Time for last 1,000,000:   10s.  Last read position: 8:95,748,885
INFO	2020-05-19 19:34:41	AddOrReplaceReadGroups	Processed   192,000,000 records.  Elapsed time: 00:33:08s.  Time for last 1,000,000:   10s.  Last read position: 8:111,040,201
INFO	2020-05-19 19:34:51	AddOrReplaceReadGroups	Processed   193,000,000 records.  Elapsed time: 00:33:19s.  Time for last 1,000,000:   10s.  Last read position: 8:123,103,187
INFO	2020-05-19 19:35:01	AddOrReplaceReadGroups	Processed   194,000,000 records.  Elapsed time: 00:33:28s.  Time for last 1,000,000:    9s.  Last read position: 8:123,431,161
INFO	2020-05-19 19:35:12	AddOrReplaceReadGroups	Processed   195,000,000 records.  Elapsed time: 00:33:39s.  Time for last 1,000,000:   10s.  Last read position: 9:3,017,984
INFO	2020-05-19 19:35:22	AddOrReplaceReadGroups	Processed   196,000,000 records.  Elapsed time: 00:33:49s.  Time for last 1,000,000:   10s.  Last read position: 9:21,279,081
INFO	2020-05-19 19:35:32	AddOrReplaceReadGroups	Processed   197,000,000 records.  Elapsed time: 00:34:00s.  Time for last 1,000,000:   10s.  Last read position: 9:36,746,597
INFO	2020-05-19 19:35:42	AddOrReplaceReadGroups	Processed   198,000,000 records.  Elapsed time: 00:34:09s.  Time for last 1,000,000:    9s.  Last read position: 9:44,334,804
INFO	2020-05-19 19:35:52	AddOrReplaceReadGroups	Processed   199,000,000 records.  Elapsed time: 00:34:20s.  Time for last 1,000,000:   10s.  Last read position: 9:54,381,917
INFO	2020-05-19 19:36:03	AddOrReplaceReadGroups	Processed   200,000,000 records.  Elapsed time: 00:34:30s.  Time for last 1,000,000:   10s.  Last read position: 9:59,675,714
INFO	2020-05-19 19:36:13	AddOrReplaceReadGroups	Processed   201,000,000 records.  Elapsed time: 00:34:40s.  Time for last 1,000,000:   10s.  Last read position: 9:65,890,781
INFO	2020-05-19 19:36:23	AddOrReplaceReadGroups	Processed   202,000,000 records.  Elapsed time: 00:34:51s.  Time for last 1,000,000:   10s.  Last read position: 9:72,748,600
INFO	2020-05-19 19:36:32	AddOrReplaceReadGroups	Processed   203,000,000 records.  Elapsed time: 00:35:00s.  Time for last 1,000,000:    9s.  Last read position: 9:78,175,379
INFO	2020-05-19 19:36:42	AddOrReplaceReadGroups	Processed   204,000,000 records.  Elapsed time: 00:35:09s.  Time for last 1,000,000:    9s.  Last read position: 9:78,175,475
INFO	2020-05-19 19:36:51	AddOrReplaceReadGroups	Processed   205,000,000 records.  Elapsed time: 00:35:18s.  Time for last 1,000,000:    9s.  Last read position: 9:78,478,845
INFO	2020-05-19 19:37:01	AddOrReplaceReadGroups	Processed   206,000,000 records.  Elapsed time: 00:35:28s.  Time for last 1,000,000:    9s.  Last read position: 9:78,480,309
INFO	2020-05-19 19:37:11	AddOrReplaceReadGroups	Processed   207,000,000 records.  Elapsed time: 00:35:38s.  Time for last 1,000,000:   10s.  Last read position: 9:96,895,870
INFO	2020-05-19 19:37:21	AddOrReplaceReadGroups	Processed   208,000,000 records.  Elapsed time: 00:35:49s.  Time for last 1,000,000:   10s.  Last read position: 9:107,592,876
INFO	2020-05-19 19:37:32	AddOrReplaceReadGroups	Processed   209,000,000 records.  Elapsed time: 00:35:59s.  Time for last 1,000,000:   10s.  Last read position: 9:115,280,424
INFO	2020-05-19 19:37:42	AddOrReplaceReadGroups	Processed   210,000,000 records.  Elapsed time: 00:36:10s.  Time for last 1,000,000:   10s.  Last read position: 9:122,405,146
INFO	2020-05-19 19:37:52	AddOrReplaceReadGroups	Processed   211,000,000 records.  Elapsed time: 00:36:19s.  Time for last 1,000,000:    9s.  Last read position: MT:5,371
INFO	2020-05-19 19:38:01	AddOrReplaceReadGroups	Processed   212,000,000 records.  Elapsed time: 00:36:28s.  Time for last 1,000,000:    9s.  Last read position: MT:6,629
INFO	2020-05-19 19:38:10	AddOrReplaceReadGroups	Processed   213,000,000 records.  Elapsed time: 00:36:38s.  Time for last 1,000,000:    9s.  Last read position: MT:11,789
INFO	2020-05-19 19:38:21	AddOrReplaceReadGroups	Processed   214,000,000 records.  Elapsed time: 00:36:48s.  Time for last 1,000,000:   10s.  Last read position: X:29,661,233
INFO	2020-05-19 19:38:31	AddOrReplaceReadGroups	Processed   215,000,000 records.  Elapsed time: 00:36:59s.  Time for last 1,000,000:   10s.  Last read position: X:74,229,885
INFO	2020-05-19 19:38:42	AddOrReplaceReadGroups	Processed   216,000,000 records.  Elapsed time: 00:37:09s.  Time for last 1,000,000:   10s.  Last read position: X:101,439,531
INFO	2020-05-19 19:38:52	AddOrReplaceReadGroups	Processed   217,000,000 records.  Elapsed time: 00:37:19s.  Time for last 1,000,000:   10s.  Last read position: X:113,910,701
INFO	2020-05-19 19:39:02	AddOrReplaceReadGroups	Processed   218,000,000 records.  Elapsed time: 00:37:29s.  Time for last 1,000,000:   10s.  Last read position: X:160,574,672
[Tue May 19 19:39:08 EDT 2020] picard.sam.AddOrReplaceReadGroups done. Elapsed time: 37.60 minutes.
Runtime.totalMemory()=536870912
