INFO	2020-05-19 19:01:32	AddOrReplaceReadGroups	

********** NOTE: Picard's command line syntax is changing.
**********
********** For more information, please see:
********** https://github.com/broadinstitute/picard/wiki/Command-Line-Syntax-Transition-For-Users-(Pre-Transition)
**********
********** The command line looks like this in the new syntax:
**********
**********    AddOrReplaceReadGroups -RGID RNA8A -RGLB RNA8A -RGPL RNA8A -RGPU RNA8A -RGSM RNA8A -VALIDATION_STRINGENCY LENIENT -I outs/STAR/bams/RNA8A.Aligned.sortedByCoord.out.bam -O outs/STAR/bams/RNA8A.Aligned.sortedByCoord.out.rgAligned.bam
**********


19:01:32.947 INFO  NativeLibraryLoader - Loading libgkl_compression.so from jar:file:/data/exploratory/Users/jeff.alvarez/omics-pipeline/.snakemake/conda/fbcb7705/share/picard-2.22.1-0/picard.jar!/com/intel/gkl/native/libgkl_compression.so
[Tue May 19 19:01:32 EDT 2020] AddOrReplaceReadGroups INPUT=outs/STAR/bams/RNA8A.Aligned.sortedByCoord.out.bam OUTPUT=outs/STAR/bams/RNA8A.Aligned.sortedByCoord.out.rgAligned.bam RGID=RNA8A RGLB=RNA8A RGPL=RNA8A RGPU=RNA8A RGSM=RNA8A VALIDATION_STRINGENCY=LENIENT    VERBOSITY=INFO QUIET=false COMPRESSION_LEVEL=5 MAX_RECORDS_IN_RAM=500000 CREATE_INDEX=false CREATE_MD5_FILE=false GA4GH_CLIENT_SECRETS=client_secrets.json USE_JDK_DEFLATER=false USE_JDK_INFLATER=false
[Tue May 19 19:01:32 EDT 2020] Executing as jeff.alvarez@BOS-RDS-P009.agios.local on Linux 4.15.0-99-generic amd64; OpenJDK 64-Bit Server VM 11.0.1-internal+0-adhoc..src; Deflater: Intel; Inflater: Intel; Provider GCS is not available; Picard version: 2.22.1
Ignoring SAM validation error: ERROR::HEADER_RECORD_MISSING_REQUIRED_TAG:File /data/exploratory/Users/jeff.alvarez/omics-pipeline/outs/STAR/bams/RNA8A.Aligned.sortedByCoord.out.bam, Error parsing SAM header. @RG line missing SM tag. Line:
@RG	ID:RNA8A
INFO	2020-05-19 19:01:33	AddOrReplaceReadGroups	Created read-group ID=RNA8A PL=RNA8A LB=RNA8A SM=RNA8A

INFO	2020-05-19 19:01:44	AddOrReplaceReadGroups	Processed     1,000,000 records.  Elapsed time: 00:00:11s.  Time for last 1,000,000:   11s.  Last read position: 1:24,615,448
INFO	2020-05-19 19:01:53	AddOrReplaceReadGroups	Processed     2,000,000 records.  Elapsed time: 00:00:20s.  Time for last 1,000,000:    8s.  Last read position: 1:37,358,007
INFO	2020-05-19 19:02:03	AddOrReplaceReadGroups	Processed     3,000,000 records.  Elapsed time: 00:00:29s.  Time for last 1,000,000:    9s.  Last read position: 1:59,698,139
INFO	2020-05-19 19:02:13	AddOrReplaceReadGroups	Processed     4,000,000 records.  Elapsed time: 00:00:40s.  Time for last 1,000,000:   10s.  Last read position: 1:75,442,008
INFO	2020-05-19 19:02:22	AddOrReplaceReadGroups	Processed     5,000,000 records.  Elapsed time: 00:00:49s.  Time for last 1,000,000:    9s.  Last read position: 1:92,439,595
INFO	2020-05-19 19:02:32	AddOrReplaceReadGroups	Processed     6,000,000 records.  Elapsed time: 00:00:59s.  Time for last 1,000,000:    9s.  Last read position: 1:132,025,124
INFO	2020-05-19 19:02:43	AddOrReplaceReadGroups	Processed     7,000,000 records.  Elapsed time: 00:01:10s.  Time for last 1,000,000:   10s.  Last read position: 1:155,901,659
INFO	2020-05-19 19:02:52	AddOrReplaceReadGroups	Processed     8,000,000 records.  Elapsed time: 00:01:19s.  Time for last 1,000,000:    9s.  Last read position: 1:172,119,369
INFO	2020-05-19 19:03:02	AddOrReplaceReadGroups	Processed     9,000,000 records.  Elapsed time: 00:01:29s.  Time for last 1,000,000:    9s.  Last read position: 1:191,170,473
INFO	2020-05-19 19:03:13	AddOrReplaceReadGroups	Processed    10,000,000 records.  Elapsed time: 00:01:40s.  Time for last 1,000,000:   11s.  Last read position: 10:39,491,086
INFO	2020-05-19 19:03:23	AddOrReplaceReadGroups	Processed    11,000,000 records.  Elapsed time: 00:01:50s.  Time for last 1,000,000:    9s.  Last read position: 10:75,859,361
INFO	2020-05-19 19:03:32	AddOrReplaceReadGroups	Processed    12,000,000 records.  Elapsed time: 00:01:59s.  Time for last 1,000,000:    9s.  Last read position: 10:80,056,324
INFO	2020-05-19 19:03:44	AddOrReplaceReadGroups	Processed    13,000,000 records.  Elapsed time: 00:02:11s.  Time for last 1,000,000:   11s.  Last read position: 10:81,178,869
INFO	2020-05-19 19:03:53	AddOrReplaceReadGroups	Processed    14,000,000 records.  Elapsed time: 00:02:20s.  Time for last 1,000,000:    8s.  Last read position: 10:81,264,828
INFO	2020-05-19 19:04:02	AddOrReplaceReadGroups	Processed    15,000,000 records.  Elapsed time: 00:02:29s.  Time for last 1,000,000:    9s.  Last read position: 10:103,025,307
INFO	2020-05-19 19:04:12	AddOrReplaceReadGroups	Processed    16,000,000 records.  Elapsed time: 00:02:39s.  Time for last 1,000,000:    9s.  Last read position: 10:127,519,632
INFO	2020-05-19 19:04:24	AddOrReplaceReadGroups	Processed    17,000,000 records.  Elapsed time: 00:02:51s.  Time for last 1,000,000:   11s.  Last read position: 10:128,698,142
INFO	2020-05-19 19:04:33	AddOrReplaceReadGroups	Processed    18,000,000 records.  Elapsed time: 00:03:00s.  Time for last 1,000,000:    9s.  Last read position: 10:128,912,477
INFO	2020-05-19 19:04:43	AddOrReplaceReadGroups	Processed    19,000,000 records.  Elapsed time: 00:03:10s.  Time for last 1,000,000:    9s.  Last read position: 11:6,317,023
INFO	2020-05-19 19:04:52	AddOrReplaceReadGroups	Processed    20,000,000 records.  Elapsed time: 00:03:19s.  Time for last 1,000,000:    9s.  Last read position: 11:32,711,793
INFO	2020-05-19 19:05:02	AddOrReplaceReadGroups	Processed    21,000,000 records.  Elapsed time: 00:03:29s.  Time for last 1,000,000:    9s.  Last read position: 11:49,058,517
INFO	2020-05-19 19:05:11	AddOrReplaceReadGroups	Processed    22,000,000 records.  Elapsed time: 00:03:38s.  Time for last 1,000,000:    9s.  Last read position: 11:51,623,105
INFO	2020-05-19 19:05:20	AddOrReplaceReadGroups	Processed    23,000,000 records.  Elapsed time: 00:03:47s.  Time for last 1,000,000:    9s.  Last read position: 11:58,308,901
INFO	2020-05-19 19:05:30	AddOrReplaceReadGroups	Processed    24,000,000 records.  Elapsed time: 00:03:57s.  Time for last 1,000,000:    9s.  Last read position: 11:62,551,546
INFO	2020-05-19 19:05:39	AddOrReplaceReadGroups	Processed    25,000,000 records.  Elapsed time: 00:04:05s.  Time for last 1,000,000:    8s.  Last read position: 11:62,552,944
INFO	2020-05-19 19:05:48	AddOrReplaceReadGroups	Processed    26,000,000 records.  Elapsed time: 00:04:15s.  Time for last 1,000,000:    9s.  Last read position: 11:70,395,083
INFO	2020-05-19 19:05:58	AddOrReplaceReadGroups	Processed    27,000,000 records.  Elapsed time: 00:04:25s.  Time for last 1,000,000:    9s.  Last read position: 11:75,672,797
INFO	2020-05-19 19:06:07	AddOrReplaceReadGroups	Processed    28,000,000 records.  Elapsed time: 00:04:34s.  Time for last 1,000,000:    9s.  Last read position: 11:83,953,306
INFO	2020-05-19 19:06:16	AddOrReplaceReadGroups	Processed    29,000,000 records.  Elapsed time: 00:04:43s.  Time for last 1,000,000:    9s.  Last read position: 11:94,641,320
INFO	2020-05-19 19:06:26	AddOrReplaceReadGroups	Processed    30,000,000 records.  Elapsed time: 00:04:53s.  Time for last 1,000,000:    9s.  Last read position: 11:98,832,818
INFO	2020-05-19 19:06:36	AddOrReplaceReadGroups	Processed    31,000,000 records.  Elapsed time: 00:05:03s.  Time for last 1,000,000:   10s.  Last read position: 11:101,575,015
INFO	2020-05-19 19:06:45	AddOrReplaceReadGroups	Processed    32,000,000 records.  Elapsed time: 00:05:12s.  Time for last 1,000,000:    9s.  Last read position: 11:106,261,647
INFO	2020-05-19 19:06:54	AddOrReplaceReadGroups	Processed    33,000,000 records.  Elapsed time: 00:05:21s.  Time for last 1,000,000:    9s.  Last read position: 11:113,656,604
INFO	2020-05-19 19:07:04	AddOrReplaceReadGroups	Processed    34,000,000 records.  Elapsed time: 00:05:31s.  Time for last 1,000,000:    9s.  Last read position: 11:117,986,985
INFO	2020-05-19 19:07:13	AddOrReplaceReadGroups	Processed    35,000,000 records.  Elapsed time: 00:05:40s.  Time for last 1,000,000:    9s.  Last read position: 11:120,346,694
INFO	2020-05-19 19:07:22	AddOrReplaceReadGroups	Processed    36,000,000 records.  Elapsed time: 00:05:49s.  Time for last 1,000,000:    9s.  Last read position: 11:121,069,054
INFO	2020-05-19 19:07:32	AddOrReplaceReadGroups	Processed    37,000,000 records.  Elapsed time: 00:05:59s.  Time for last 1,000,000:   10s.  Last read position: 12:26,445,152
INFO	2020-05-19 19:07:42	AddOrReplaceReadGroups	Processed    38,000,000 records.  Elapsed time: 00:06:09s.  Time for last 1,000,000:    9s.  Last read position: 12:69,159,303
INFO	2020-05-19 19:07:51	AddOrReplaceReadGroups	Processed    39,000,000 records.  Elapsed time: 00:06:18s.  Time for last 1,000,000:    9s.  Last read position: 12:69,159,309
INFO	2020-05-19 19:08:00	AddOrReplaceReadGroups	Processed    40,000,000 records.  Elapsed time: 00:06:27s.  Time for last 1,000,000:    9s.  Last read position: 12:69,159,321
INFO	2020-05-19 19:08:11	AddOrReplaceReadGroups	Processed    41,000,000 records.  Elapsed time: 00:06:38s.  Time for last 1,000,000:   10s.  Last read position: 12:69,159,351
INFO	2020-05-19 19:08:19	AddOrReplaceReadGroups	Processed    42,000,000 records.  Elapsed time: 00:06:46s.  Time for last 1,000,000:    8s.  Last read position: 12:69,159,364
INFO	2020-05-19 19:08:28	AddOrReplaceReadGroups	Processed    43,000,000 records.  Elapsed time: 00:06:54s.  Time for last 1,000,000:    8s.  Last read position: 12:69,159,374
INFO	2020-05-19 19:08:36	AddOrReplaceReadGroups	Processed    44,000,000 records.  Elapsed time: 00:07:03s.  Time for last 1,000,000:    8s.  Last read position: 12:69,159,393
INFO	2020-05-19 19:08:46	AddOrReplaceReadGroups	Processed    45,000,000 records.  Elapsed time: 00:07:13s.  Time for last 1,000,000:    9s.  Last read position: 12:69,159,412
INFO	2020-05-19 19:08:54	AddOrReplaceReadGroups	Processed    46,000,000 records.  Elapsed time: 00:07:21s.  Time for last 1,000,000:    8s.  Last read position: 12:69,159,440
INFO	2020-05-19 19:09:02	AddOrReplaceReadGroups	Processed    47,000,000 records.  Elapsed time: 00:07:29s.  Time for last 1,000,000:    8s.  Last read position: 12:69,159,465
INFO	2020-05-19 19:09:10	AddOrReplaceReadGroups	Processed    48,000,000 records.  Elapsed time: 00:07:37s.  Time for last 1,000,000:    7s.  Last read position: 12:69,159,469
INFO	2020-05-19 19:09:19	AddOrReplaceReadGroups	Processed    49,000,000 records.  Elapsed time: 00:07:46s.  Time for last 1,000,000:    8s.  Last read position: 12:69,159,481
INFO	2020-05-19 19:09:27	AddOrReplaceReadGroups	Processed    50,000,000 records.  Elapsed time: 00:07:54s.  Time for last 1,000,000:    8s.  Last read position: 12:69,361,196
INFO	2020-05-19 19:09:35	AddOrReplaceReadGroups	Processed    51,000,000 records.  Elapsed time: 00:08:02s.  Time for last 1,000,000:    7s.  Last read position: 12:69,361,208
INFO	2020-05-19 19:09:43	AddOrReplaceReadGroups	Processed    52,000,000 records.  Elapsed time: 00:08:10s.  Time for last 1,000,000:    7s.  Last read position: 12:69,361,211
INFO	2020-05-19 19:09:50	AddOrReplaceReadGroups	Processed    53,000,000 records.  Elapsed time: 00:08:17s.  Time for last 1,000,000:    7s.  Last read position: 12:69,361,234
INFO	2020-05-19 19:10:00	AddOrReplaceReadGroups	Processed    54,000,000 records.  Elapsed time: 00:08:27s.  Time for last 1,000,000:    9s.  Last read position: 12:69,361,263
INFO	2020-05-19 19:10:08	AddOrReplaceReadGroups	Processed    55,000,000 records.  Elapsed time: 00:08:35s.  Time for last 1,000,000:    8s.  Last read position: 12:69,361,282
INFO	2020-05-19 19:10:16	AddOrReplaceReadGroups	Processed    56,000,000 records.  Elapsed time: 00:08:43s.  Time for last 1,000,000:    8s.  Last read position: 12:69,361,301
INFO	2020-05-19 19:10:25	AddOrReplaceReadGroups	Processed    57,000,000 records.  Elapsed time: 00:08:52s.  Time for last 1,000,000:    9s.  Last read position: 12:69,361,312
INFO	2020-05-19 19:10:34	AddOrReplaceReadGroups	Processed    58,000,000 records.  Elapsed time: 00:09:01s.  Time for last 1,000,000:    8s.  Last read position: 12:69,361,324
INFO	2020-05-19 19:10:43	AddOrReplaceReadGroups	Processed    59,000,000 records.  Elapsed time: 00:09:10s.  Time for last 1,000,000:    9s.  Last read position: 12:69,361,351
INFO	2020-05-19 19:10:52	AddOrReplaceReadGroups	Processed    60,000,000 records.  Elapsed time: 00:09:19s.  Time for last 1,000,000:    9s.  Last read position: 12:69,361,368
INFO	2020-05-19 19:11:03	AddOrReplaceReadGroups	Processed    61,000,000 records.  Elapsed time: 00:09:30s.  Time for last 1,000,000:   11s.  Last read position: 12:69,361,373
INFO	2020-05-19 19:11:13	AddOrReplaceReadGroups	Processed    62,000,000 records.  Elapsed time: 00:09:40s.  Time for last 1,000,000:    9s.  Last read position: 12:80,673,279
INFO	2020-05-19 19:11:23	AddOrReplaceReadGroups	Processed    63,000,000 records.  Elapsed time: 00:09:50s.  Time for last 1,000,000:    9s.  Last read position: 12:102,744,088
INFO	2020-05-19 19:11:33	AddOrReplaceReadGroups	Processed    64,000,000 records.  Elapsed time: 00:10:00s.  Time for last 1,000,000:    9s.  Last read position: 12:110,738,145
INFO	2020-05-19 19:11:42	AddOrReplaceReadGroups	Processed    65,000,000 records.  Elapsed time: 00:10:09s.  Time for last 1,000,000:    9s.  Last read position: 13:13,891,066
INFO	2020-05-19 19:11:50	AddOrReplaceReadGroups	Processed    66,000,000 records.  Elapsed time: 00:10:17s.  Time for last 1,000,000:    8s.  Last read position: 13:22,043,221
INFO	2020-05-19 19:11:58	AddOrReplaceReadGroups	Processed    67,000,000 records.  Elapsed time: 00:10:25s.  Time for last 1,000,000:    8s.  Last read position: 13:23,551,368
INFO	2020-05-19 19:12:08	AddOrReplaceReadGroups	Processed    68,000,000 records.  Elapsed time: 00:10:35s.  Time for last 1,000,000:    9s.  Last read position: 13:23,581,782
INFO	2020-05-19 19:12:16	AddOrReplaceReadGroups	Processed    69,000,000 records.  Elapsed time: 00:10:43s.  Time for last 1,000,000:    8s.  Last read position: 13:23,739,140
INFO	2020-05-19 19:12:24	AddOrReplaceReadGroups	Processed    70,000,000 records.  Elapsed time: 00:10:51s.  Time for last 1,000,000:    8s.  Last read position: 13:23,762,116
INFO	2020-05-19 19:12:34	AddOrReplaceReadGroups	Processed    71,000,000 records.  Elapsed time: 00:11:01s.  Time for last 1,000,000:   10s.  Last read position: 13:54,461,722
INFO	2020-05-19 19:12:44	AddOrReplaceReadGroups	Processed    72,000,000 records.  Elapsed time: 00:11:11s.  Time for last 1,000,000:    9s.  Last read position: 13:74,406,417
INFO	2020-05-19 19:12:53	AddOrReplaceReadGroups	Processed    73,000,000 records.  Elapsed time: 00:11:20s.  Time for last 1,000,000:    9s.  Last read position: 13:112,494,674
INFO	2020-05-19 19:13:03	AddOrReplaceReadGroups	Processed    74,000,000 records.  Elapsed time: 00:11:29s.  Time for last 1,000,000:    9s.  Last read position: 14:30,690,620
INFO	2020-05-19 19:13:13	AddOrReplaceReadGroups	Processed    75,000,000 records.  Elapsed time: 00:11:40s.  Time for last 1,000,000:   10s.  Last read position: 14:50,807,463
INFO	2020-05-19 19:13:21	AddOrReplaceReadGroups	Processed    76,000,000 records.  Elapsed time: 00:11:48s.  Time for last 1,000,000:    7s.  Last read position: 14:50,807,612
INFO	2020-05-19 19:13:30	AddOrReplaceReadGroups	Processed    77,000,000 records.  Elapsed time: 00:11:57s.  Time for last 1,000,000:    8s.  Last read position: 14:55,102,696
INFO	2020-05-19 19:13:40	AddOrReplaceReadGroups	Processed    78,000,000 records.  Elapsed time: 00:12:07s.  Time for last 1,000,000:   10s.  Last read position: 14:74,732,596
INFO	2020-05-19 19:13:49	AddOrReplaceReadGroups	Processed    79,000,000 records.  Elapsed time: 00:12:16s.  Time for last 1,000,000:    9s.  Last read position: 14:122,982,520
INFO	2020-05-19 19:13:58	AddOrReplaceReadGroups	Processed    80,000,000 records.  Elapsed time: 00:12:25s.  Time for last 1,000,000:    9s.  Last read position: 15:36,790,752
INFO	2020-05-19 19:14:08	AddOrReplaceReadGroups	Processed    81,000,000 records.  Elapsed time: 00:12:35s.  Time for last 1,000,000:    9s.  Last read position: 15:73,751,941
INFO	2020-05-19 19:14:18	AddOrReplaceReadGroups	Processed    82,000,000 records.  Elapsed time: 00:12:45s.  Time for last 1,000,000:   10s.  Last read position: 15:76,904,544
INFO	2020-05-19 19:14:27	AddOrReplaceReadGroups	Processed    83,000,000 records.  Elapsed time: 00:12:54s.  Time for last 1,000,000:    9s.  Last read position: 15:78,937,135
INFO	2020-05-19 19:14:36	AddOrReplaceReadGroups	Processed    84,000,000 records.  Elapsed time: 00:13:03s.  Time for last 1,000,000:    9s.  Last read position: 15:80,257,081
INFO	2020-05-19 19:14:46	AddOrReplaceReadGroups	Processed    85,000,000 records.  Elapsed time: 00:13:13s.  Time for last 1,000,000:   10s.  Last read position: 15:84,939,765
INFO	2020-05-19 19:14:56	AddOrReplaceReadGroups	Processed    86,000,000 records.  Elapsed time: 00:13:23s.  Time for last 1,000,000:    9s.  Last read position: 15:93,234,375
INFO	2020-05-19 19:15:04	AddOrReplaceReadGroups	Processed    87,000,000 records.  Elapsed time: 00:13:31s.  Time for last 1,000,000:    8s.  Last read position: 15:93,234,408
INFO	2020-05-19 19:15:13	AddOrReplaceReadGroups	Processed    88,000,000 records.  Elapsed time: 00:13:40s.  Time for last 1,000,000:    8s.  Last read position: 15:93,234,440
INFO	2020-05-19 19:15:21	AddOrReplaceReadGroups	Processed    89,000,000 records.  Elapsed time: 00:13:48s.  Time for last 1,000,000:    8s.  Last read position: 15:93,234,485
INFO	2020-05-19 19:15:29	AddOrReplaceReadGroups	Processed    90,000,000 records.  Elapsed time: 00:13:56s.  Time for last 1,000,000:    8s.  Last read position: 15:98,650,633
INFO	2020-05-19 19:15:38	AddOrReplaceReadGroups	Processed    91,000,000 records.  Elapsed time: 00:14:05s.  Time for last 1,000,000:    9s.  Last read position: 15:102,089,011
INFO	2020-05-19 19:15:49	AddOrReplaceReadGroups	Processed    92,000,000 records.  Elapsed time: 00:14:16s.  Time for last 1,000,000:   10s.  Last read position: 16:13,133,050
INFO	2020-05-19 19:15:58	AddOrReplaceReadGroups	Processed    93,000,000 records.  Elapsed time: 00:14:25s.  Time for last 1,000,000:    9s.  Last read position: 16:20,681,438
INFO	2020-05-19 19:16:07	AddOrReplaceReadGroups	Processed    94,000,000 records.  Elapsed time: 00:14:34s.  Time for last 1,000,000:    9s.  Last read position: 16:38,602,127
INFO	2020-05-19 19:16:18	AddOrReplaceReadGroups	Processed    95,000,000 records.  Elapsed time: 00:14:45s.  Time for last 1,000,000:   10s.  Last read position: 16:87,462,440
INFO	2020-05-19 19:16:27	AddOrReplaceReadGroups	Processed    96,000,000 records.  Elapsed time: 00:14:54s.  Time for last 1,000,000:    9s.  Last read position: 17:3,190,268
INFO	2020-05-19 19:16:36	AddOrReplaceReadGroups	Processed    97,000,000 records.  Elapsed time: 00:15:03s.  Time for last 1,000,000:    9s.  Last read position: 17:23,815,709
INFO	2020-05-19 19:16:45	AddOrReplaceReadGroups	Processed    98,000,000 records.  Elapsed time: 00:15:12s.  Time for last 1,000,000:    9s.  Last read position: 17:25,113,222
INFO	2020-05-19 19:16:55	AddOrReplaceReadGroups	Processed    99,000,000 records.  Elapsed time: 00:15:22s.  Time for last 1,000,000:   10s.  Last read position: 17:28,618,526
INFO	2020-05-19 19:17:05	AddOrReplaceReadGroups	Processed   100,000,000 records.  Elapsed time: 00:15:32s.  Time for last 1,000,000:    9s.  Last read position: 17:33,952,557
INFO	2020-05-19 19:17:14	AddOrReplaceReadGroups	Processed   101,000,000 records.  Elapsed time: 00:15:41s.  Time for last 1,000,000:    9s.  Last read position: 17:35,156,651
INFO	2020-05-19 19:17:24	AddOrReplaceReadGroups	Processed   102,000,000 records.  Elapsed time: 00:15:51s.  Time for last 1,000,000:    9s.  Last read position: 17:39,843,044
INFO	2020-05-19 19:17:33	AddOrReplaceReadGroups	Processed   103,000,000 records.  Elapsed time: 00:16:00s.  Time for last 1,000,000:    8s.  Last read position: 17:39,843,263
INFO	2020-05-19 19:17:42	AddOrReplaceReadGroups	Processed   104,000,000 records.  Elapsed time: 00:16:09s.  Time for last 1,000,000:    9s.  Last read position: 17:39,843,464
INFO	2020-05-19 19:17:52	AddOrReplaceReadGroups	Processed   105,000,000 records.  Elapsed time: 00:16:19s.  Time for last 1,000,000:    9s.  Last read position: 17:39,843,715
INFO	2020-05-19 19:18:00	AddOrReplaceReadGroups	Processed   106,000,000 records.  Elapsed time: 00:16:27s.  Time for last 1,000,000:    8s.  Last read position: 17:39,844,102
INFO	2020-05-19 19:18:09	AddOrReplaceReadGroups	Processed   107,000,000 records.  Elapsed time: 00:16:36s.  Time for last 1,000,000:    8s.  Last read position: 17:39,844,640
INFO	2020-05-19 19:18:17	AddOrReplaceReadGroups	Processed   108,000,000 records.  Elapsed time: 00:16:44s.  Time for last 1,000,000:    8s.  Last read position: 17:39,845,618
INFO	2020-05-19 19:18:27	AddOrReplaceReadGroups	Processed   109,000,000 records.  Elapsed time: 00:16:54s.  Time for last 1,000,000:    9s.  Last read position: 17:39,847,668
INFO	2020-05-19 19:18:36	AddOrReplaceReadGroups	Processed   110,000,000 records.  Elapsed time: 00:17:03s.  Time for last 1,000,000:    8s.  Last read position: 17:45,567,881
INFO	2020-05-19 19:18:45	AddOrReplaceReadGroups	Processed   111,000,000 records.  Elapsed time: 00:17:12s.  Time for last 1,000,000:    9s.  Last read position: 17:47,601,324
INFO	2020-05-19 19:18:55	AddOrReplaceReadGroups	Processed   112,000,000 records.  Elapsed time: 00:17:22s.  Time for last 1,000,000:   10s.  Last read position: 17:65,613,221
INFO	2020-05-19 19:19:05	AddOrReplaceReadGroups	Processed   113,000,000 records.  Elapsed time: 00:17:32s.  Time for last 1,000,000:    9s.  Last read position: 18:12,136,952
INFO	2020-05-19 19:19:14	AddOrReplaceReadGroups	Processed   114,000,000 records.  Elapsed time: 00:17:41s.  Time for last 1,000,000:    9s.  Last read position: 18:48,047,236
INFO	2020-05-19 19:19:24	AddOrReplaceReadGroups	Processed   115,000,000 records.  Elapsed time: 00:17:51s.  Time for last 1,000,000:   10s.  Last read position: 18:68,692,216
INFO	2020-05-19 19:19:34	AddOrReplaceReadGroups	Processed   116,000,000 records.  Elapsed time: 00:18:01s.  Time for last 1,000,000:    9s.  Last read position: 19:4,322,428
INFO	2020-05-19 19:19:43	AddOrReplaceReadGroups	Processed   117,000,000 records.  Elapsed time: 00:18:10s.  Time for last 1,000,000:    9s.  Last read position: 19:7,199,978
INFO	2020-05-19 19:19:52	AddOrReplaceReadGroups	Processed   118,000,000 records.  Elapsed time: 00:18:19s.  Time for last 1,000,000:    9s.  Last read position: 19:10,622,477
INFO	2020-05-19 19:20:02	AddOrReplaceReadGroups	Processed   119,000,000 records.  Elapsed time: 00:18:29s.  Time for last 1,000,000:   10s.  Last read position: 19:37,221,529
INFO	2020-05-19 19:20:12	AddOrReplaceReadGroups	Processed   120,000,000 records.  Elapsed time: 00:18:39s.  Time for last 1,000,000:    9s.  Last read position: 19:46,084,075
INFO	2020-05-19 19:20:21	AddOrReplaceReadGroups	Processed   121,000,000 records.  Elapsed time: 00:18:48s.  Time for last 1,000,000:    9s.  Last read position: 2:7,076,182
INFO	2020-05-19 19:20:29	AddOrReplaceReadGroups	Processed   122,000,000 records.  Elapsed time: 00:18:56s.  Time for last 1,000,000:    8s.  Last read position: 2:7,076,223
INFO	2020-05-19 19:20:37	AddOrReplaceReadGroups	Processed   123,000,000 records.  Elapsed time: 00:19:04s.  Time for last 1,000,000:    7s.  Last read position: 2:7,076,257
INFO	2020-05-19 19:20:46	AddOrReplaceReadGroups	Processed   124,000,000 records.  Elapsed time: 00:19:13s.  Time for last 1,000,000:    8s.  Last read position: 2:7,076,297
INFO	2020-05-19 19:20:55	AddOrReplaceReadGroups	Processed   125,000,000 records.  Elapsed time: 00:19:22s.  Time for last 1,000,000:    9s.  Last read position: 2:20,899,865
INFO	2020-05-19 19:21:05	AddOrReplaceReadGroups	Processed   126,000,000 records.  Elapsed time: 00:19:32s.  Time for last 1,000,000:   10s.  Last read position: 2:26,912,747
INFO	2020-05-19 19:21:15	AddOrReplaceReadGroups	Processed   127,000,000 records.  Elapsed time: 00:19:42s.  Time for last 1,000,000:    9s.  Last read position: 2:31,689,726
INFO	2020-05-19 19:21:24	AddOrReplaceReadGroups	Processed   128,000,000 records.  Elapsed time: 00:19:51s.  Time for last 1,000,000:    9s.  Last read position: 2:41,987,552
INFO	2020-05-19 19:21:35	AddOrReplaceReadGroups	Processed   129,000,000 records.  Elapsed time: 00:20:02s.  Time for last 1,000,000:   10s.  Last read position: 2:84,650,428
INFO	2020-05-19 19:21:45	AddOrReplaceReadGroups	Processed   130,000,000 records.  Elapsed time: 00:20:12s.  Time for last 1,000,000:    9s.  Last read position: 2:112,262,474
INFO	2020-05-19 19:21:55	AddOrReplaceReadGroups	Processed   131,000,000 records.  Elapsed time: 00:20:22s.  Time for last 1,000,000:    9s.  Last read position: 2:127,298,602
INFO	2020-05-19 19:22:05	AddOrReplaceReadGroups	Processed   132,000,000 records.  Elapsed time: 00:20:32s.  Time for last 1,000,000:   10s.  Last read position: 2:151,561,321
INFO	2020-05-19 19:22:15	AddOrReplaceReadGroups	Processed   133,000,000 records.  Elapsed time: 00:20:42s.  Time for last 1,000,000:    9s.  Last read position: 2:157,294,158
INFO	2020-05-19 19:22:24	AddOrReplaceReadGroups	Processed   134,000,000 records.  Elapsed time: 00:20:51s.  Time for last 1,000,000:    9s.  Last read position: 2:168,184,171
INFO	2020-05-19 19:22:35	AddOrReplaceReadGroups	Processed   135,000,000 records.  Elapsed time: 00:21:02s.  Time for last 1,000,000:   10s.  Last read position: 3:5,860,319
INFO	2020-05-19 19:22:44	AddOrReplaceReadGroups	Processed   136,000,000 records.  Elapsed time: 00:21:11s.  Time for last 1,000,000:    9s.  Last read position: 3:41,068,319
INFO	2020-05-19 19:22:53	AddOrReplaceReadGroups	Processed   137,000,000 records.  Elapsed time: 00:21:20s.  Time for last 1,000,000:    9s.  Last read position: 3:83,056,815
INFO	2020-05-19 19:23:04	AddOrReplaceReadGroups	Processed   138,000,000 records.  Elapsed time: 00:21:31s.  Time for last 1,000,000:   10s.  Last read position: 3:88,588,247
INFO	2020-05-19 19:23:13	AddOrReplaceReadGroups	Processed   139,000,000 records.  Elapsed time: 00:21:40s.  Time for last 1,000,000:    9s.  Last read position: 3:94,874,781
INFO	2020-05-19 19:23:22	AddOrReplaceReadGroups	Processed   140,000,000 records.  Elapsed time: 00:21:49s.  Time for last 1,000,000:    8s.  Last read position: 3:96,239,807
INFO	2020-05-19 19:23:31	AddOrReplaceReadGroups	Processed   141,000,000 records.  Elapsed time: 00:21:58s.  Time for last 1,000,000:    8s.  Last read position: 3:96,262,972
INFO	2020-05-19 19:23:40	AddOrReplaceReadGroups	Processed   142,000,000 records.  Elapsed time: 00:22:07s.  Time for last 1,000,000:    9s.  Last read position: 3:98,124,241
INFO	2020-05-19 19:23:49	AddOrReplaceReadGroups	Processed   143,000,000 records.  Elapsed time: 00:22:16s.  Time for last 1,000,000:    9s.  Last read position: 3:107,493,137
INFO	2020-05-19 19:23:59	AddOrReplaceReadGroups	Processed   144,000,000 records.  Elapsed time: 00:22:26s.  Time for last 1,000,000:    9s.  Last read position: 3:135,439,757
INFO	2020-05-19 19:24:09	AddOrReplaceReadGroups	Processed   145,000,000 records.  Elapsed time: 00:22:36s.  Time for last 1,000,000:   10s.  Last read position: 4:21,781,809
INFO	2020-05-19 19:24:19	AddOrReplaceReadGroups	Processed   146,000,000 records.  Elapsed time: 00:22:46s.  Time for last 1,000,000:    9s.  Last read position: 4:43,492,814
INFO	2020-05-19 19:24:27	AddOrReplaceReadGroups	Processed   147,000,000 records.  Elapsed time: 00:22:54s.  Time for last 1,000,000:    8s.  Last read position: 4:46,502,557
INFO	2020-05-19 19:24:38	AddOrReplaceReadGroups	Processed   148,000,000 records.  Elapsed time: 00:23:05s.  Time for last 1,000,000:   10s.  Last read position: 4:80,840,707
INFO	2020-05-19 19:24:47	AddOrReplaceReadGroups	Processed   149,000,000 records.  Elapsed time: 00:23:14s.  Time for last 1,000,000:    9s.  Last read position: 4:106,409,696
INFO	2020-05-19 19:24:57	AddOrReplaceReadGroups	Processed   150,000,000 records.  Elapsed time: 00:23:24s.  Time for last 1,000,000:    9s.  Last read position: 4:119,294,233
INFO	2020-05-19 19:25:06	AddOrReplaceReadGroups	Processed   151,000,000 records.  Elapsed time: 00:23:33s.  Time for last 1,000,000:    9s.  Last read position: 4:132,308,886
INFO	2020-05-19 19:25:17	AddOrReplaceReadGroups	Processed   152,000,000 records.  Elapsed time: 00:23:44s.  Time for last 1,000,000:   11s.  Last read position: 4:139,458,136
INFO	2020-05-19 19:25:27	AddOrReplaceReadGroups	Processed   153,000,000 records.  Elapsed time: 00:23:54s.  Time for last 1,000,000:    9s.  Last read position: 4:148,153,194
INFO	2020-05-19 19:25:36	AddOrReplaceReadGroups	Processed   154,000,000 records.  Elapsed time: 00:24:03s.  Time for last 1,000,000:    9s.  Last read position: 4:152,267,577
INFO	2020-05-19 19:25:46	AddOrReplaceReadGroups	Processed   155,000,000 records.  Elapsed time: 00:24:13s.  Time for last 1,000,000:   10s.  Last read position: 5:23,702,197
INFO	2020-05-19 19:25:56	AddOrReplaceReadGroups	Processed   156,000,000 records.  Elapsed time: 00:24:23s.  Time for last 1,000,000:    9s.  Last read position: 5:33,782,605
INFO	2020-05-19 19:26:06	AddOrReplaceReadGroups	Processed   157,000,000 records.  Elapsed time: 00:24:33s.  Time for last 1,000,000:    9s.  Last read position: 5:76,966,295
INFO	2020-05-19 19:26:16	AddOrReplaceReadGroups	Processed   158,000,000 records.  Elapsed time: 00:24:43s.  Time for last 1,000,000:   10s.  Last read position: 5:113,843,553
INFO	2020-05-19 19:26:26	AddOrReplaceReadGroups	Processed   159,000,000 records.  Elapsed time: 00:24:53s.  Time for last 1,000,000:    9s.  Last read position: 5:115,637,756
INFO	2020-05-19 19:26:35	AddOrReplaceReadGroups	Processed   160,000,000 records.  Elapsed time: 00:25:02s.  Time for last 1,000,000:    9s.  Last read position: 5:121,547,289
INFO	2020-05-19 19:26:44	AddOrReplaceReadGroups	Processed   161,000,000 records.  Elapsed time: 00:25:11s.  Time for last 1,000,000:    8s.  Last read position: 5:125,386,687
INFO	2020-05-19 19:26:52	AddOrReplaceReadGroups	Processed   162,000,000 records.  Elapsed time: 00:25:19s.  Time for last 1,000,000:    8s.  Last read position: 5:129,023,132
INFO	2020-05-19 19:27:01	AddOrReplaceReadGroups	Processed   163,000,000 records.  Elapsed time: 00:25:28s.  Time for last 1,000,000:    9s.  Last read position: 5:137,310,398
INFO	2020-05-19 19:27:11	AddOrReplaceReadGroups	Processed   164,000,000 records.  Elapsed time: 00:25:38s.  Time for last 1,000,000:    9s.  Last read position: 5:142,904,093
INFO	2020-05-19 19:27:20	AddOrReplaceReadGroups	Processed   165,000,000 records.  Elapsed time: 00:25:47s.  Time for last 1,000,000:    9s.  Last read position: 5:146,261,012
INFO	2020-05-19 19:27:29	AddOrReplaceReadGroups	Processed   166,000,000 records.  Elapsed time: 00:25:56s.  Time for last 1,000,000:    9s.  Last read position: 6:17,549,077
INFO	2020-05-19 19:27:38	AddOrReplaceReadGroups	Processed   167,000,000 records.  Elapsed time: 00:26:05s.  Time for last 1,000,000:    9s.  Last read position: 6:37,806,466
INFO	2020-05-19 19:27:47	AddOrReplaceReadGroups	Processed   168,000,000 records.  Elapsed time: 00:26:14s.  Time for last 1,000,000:    8s.  Last read position: 6:49,047,896
INFO	2020-05-19 19:27:56	AddOrReplaceReadGroups	Processed   169,000,000 records.  Elapsed time: 00:26:23s.  Time for last 1,000,000:    9s.  Last read position: 6:56,759,048
INFO	2020-05-19 19:28:05	AddOrReplaceReadGroups	Processed   170,000,000 records.  Elapsed time: 00:26:32s.  Time for last 1,000,000:    8s.  Last read position: 6:69,516,409
INFO	2020-05-19 19:28:13	AddOrReplaceReadGroups	Processed   171,000,000 records.  Elapsed time: 00:26:40s.  Time for last 1,000,000:    7s.  Last read position: 6:71,881,534
INFO	2020-05-19 19:28:22	AddOrReplaceReadGroups	Processed   172,000,000 records.  Elapsed time: 00:26:49s.  Time for last 1,000,000:    9s.  Last read position: 6:85,461,109
INFO	2020-05-19 19:28:32	AddOrReplaceReadGroups	Processed   173,000,000 records.  Elapsed time: 00:26:59s.  Time for last 1,000,000:    9s.  Last read position: 6:89,651,597
INFO	2020-05-19 19:28:41	AddOrReplaceReadGroups	Processed   174,000,000 records.  Elapsed time: 00:27:08s.  Time for last 1,000,000:    9s.  Last read position: 6:115,805,603
INFO	2020-05-19 19:28:51	AddOrReplaceReadGroups	Processed   175,000,000 records.  Elapsed time: 00:27:18s.  Time for last 1,000,000:    9s.  Last read position: 6:124,809,323
INFO	2020-05-19 19:29:00	AddOrReplaceReadGroups	Processed   176,000,000 records.  Elapsed time: 00:27:27s.  Time for last 1,000,000:    9s.  Last read position: 6:125,186,569
INFO	2020-05-19 19:29:10	AddOrReplaceReadGroups	Processed   177,000,000 records.  Elapsed time: 00:27:37s.  Time for last 1,000,000:    9s.  Last read position: 6:142,767,828
INFO	2020-05-19 19:29:19	AddOrReplaceReadGroups	Processed   178,000,000 records.  Elapsed time: 00:27:46s.  Time for last 1,000,000:    9s.  Last read position: 7:7,527,238
INFO	2020-05-19 19:29:29	AddOrReplaceReadGroups	Processed   179,000,000 records.  Elapsed time: 00:27:56s.  Time for last 1,000,000:    9s.  Last read position: 7:19,052,505
INFO	2020-05-19 19:29:39	AddOrReplaceReadGroups	Processed   180,000,000 records.  Elapsed time: 00:28:06s.  Time for last 1,000,000:    9s.  Last read position: 7:27,854,147
INFO	2020-05-19 19:29:48	AddOrReplaceReadGroups	Processed   181,000,000 records.  Elapsed time: 00:28:15s.  Time for last 1,000,000:    9s.  Last read position: 7:34,228,986
INFO	2020-05-19 19:29:58	AddOrReplaceReadGroups	Processed   182,000,000 records.  Elapsed time: 00:28:25s.  Time for last 1,000,000:    9s.  Last read position: 7:45,457,959
INFO	2020-05-19 19:30:07	AddOrReplaceReadGroups	Processed   183,000,000 records.  Elapsed time: 00:28:34s.  Time for last 1,000,000:    8s.  Last read position: 7:45,459,708
INFO	2020-05-19 19:30:16	AddOrReplaceReadGroups	Processed   184,000,000 records.  Elapsed time: 00:28:43s.  Time for last 1,000,000:    9s.  Last read position: 7:70,758,189
INFO	2020-05-19 19:30:26	AddOrReplaceReadGroups	Processed   185,000,000 records.  Elapsed time: 00:28:53s.  Time for last 1,000,000:   10s.  Last read position: 7:98,093,135
INFO	2020-05-19 19:30:35	AddOrReplaceReadGroups	Processed   186,000,000 records.  Elapsed time: 00:29:02s.  Time for last 1,000,000:    9s.  Last read position: 7:105,747,030
INFO	2020-05-19 19:30:45	AddOrReplaceReadGroups	Processed   187,000,000 records.  Elapsed time: 00:29:12s.  Time for last 1,000,000:    9s.  Last read position: 7:120,649,346
INFO	2020-05-19 19:30:54	AddOrReplaceReadGroups	Processed   188,000,000 records.  Elapsed time: 00:29:21s.  Time for last 1,000,000:    9s.  Last read position: 7:126,852,510
INFO	2020-05-19 19:31:04	AddOrReplaceReadGroups	Processed   189,000,000 records.  Elapsed time: 00:29:31s.  Time for last 1,000,000:   10s.  Last read position: 7:140,859,218
INFO	2020-05-19 19:31:13	AddOrReplaceReadGroups	Processed   190,000,000 records.  Elapsed time: 00:29:40s.  Time for last 1,000,000:    9s.  Last read position: 7:143,570,611
INFO	2020-05-19 19:31:23	AddOrReplaceReadGroups	Processed   191,000,000 records.  Elapsed time: 00:29:50s.  Time for last 1,000,000:    9s.  Last read position: 8:20,271,397
INFO	2020-05-19 19:31:33	AddOrReplaceReadGroups	Processed   192,000,000 records.  Elapsed time: 00:30:00s.  Time for last 1,000,000:   10s.  Last read position: 8:61,381,046
INFO	2020-05-19 19:31:42	AddOrReplaceReadGroups	Processed   193,000,000 records.  Elapsed time: 00:30:09s.  Time for last 1,000,000:    9s.  Last read position: 8:70,912,583
INFO	2020-05-19 19:31:52	AddOrReplaceReadGroups	Processed   194,000,000 records.  Elapsed time: 00:30:19s.  Time for last 1,000,000:    9s.  Last read position: 8:83,721,017
INFO	2020-05-19 19:32:02	AddOrReplaceReadGroups	Processed   195,000,000 records.  Elapsed time: 00:30:29s.  Time for last 1,000,000:   10s.  Last read position: 8:94,019,697
INFO	2020-05-19 19:32:11	AddOrReplaceReadGroups	Processed   196,000,000 records.  Elapsed time: 00:30:38s.  Time for last 1,000,000:    9s.  Last read position: 8:106,884,810
INFO	2020-05-19 19:32:20	AddOrReplaceReadGroups	Processed   197,000,000 records.  Elapsed time: 00:30:47s.  Time for last 1,000,000:    9s.  Last read position: 8:112,002,510
INFO	2020-05-19 19:32:31	AddOrReplaceReadGroups	Processed   198,000,000 records.  Elapsed time: 00:30:58s.  Time for last 1,000,000:   10s.  Last read position: 8:123,393,196
INFO	2020-05-19 19:32:40	AddOrReplaceReadGroups	Processed   199,000,000 records.  Elapsed time: 00:31:07s.  Time for last 1,000,000:    9s.  Last read position: 8:123,434,253
INFO	2020-05-19 19:32:49	AddOrReplaceReadGroups	Processed   200,000,000 records.  Elapsed time: 00:31:16s.  Time for last 1,000,000:    9s.  Last read position: 9:15,316,506
INFO	2020-05-19 19:32:58	AddOrReplaceReadGroups	Processed   201,000,000 records.  Elapsed time: 00:31:25s.  Time for last 1,000,000:    9s.  Last read position: 9:35,210,832
INFO	2020-05-19 19:33:08	AddOrReplaceReadGroups	Processed   202,000,000 records.  Elapsed time: 00:31:35s.  Time for last 1,000,000:    9s.  Last read position: 9:44,694,426
INFO	2020-05-19 19:33:18	AddOrReplaceReadGroups	Processed   203,000,000 records.  Elapsed time: 00:31:45s.  Time for last 1,000,000:    9s.  Last read position: 9:59,560,930
INFO	2020-05-19 19:33:27	AddOrReplaceReadGroups	Processed   204,000,000 records.  Elapsed time: 00:31:54s.  Time for last 1,000,000:    9s.  Last read position: 9:62,795,368
INFO	2020-05-19 19:33:37	AddOrReplaceReadGroups	Processed   205,000,000 records.  Elapsed time: 00:32:04s.  Time for last 1,000,000:    9s.  Last read position: 9:77,773,662
INFO	2020-05-19 19:33:45	AddOrReplaceReadGroups	Processed   206,000,000 records.  Elapsed time: 00:32:12s.  Time for last 1,000,000:    8s.  Last read position: 9:78,175,347
INFO	2020-05-19 19:33:54	AddOrReplaceReadGroups	Processed   207,000,000 records.  Elapsed time: 00:32:20s.  Time for last 1,000,000:    8s.  Last read position: 9:78,175,372
INFO	2020-05-19 19:34:01	AddOrReplaceReadGroups	Processed   208,000,000 records.  Elapsed time: 00:32:28s.  Time for last 1,000,000:    7s.  Last read position: 9:78,175,401
INFO	2020-05-19 19:34:10	AddOrReplaceReadGroups	Processed   209,000,000 records.  Elapsed time: 00:32:37s.  Time for last 1,000,000:    8s.  Last read position: 9:78,175,425
INFO	2020-05-19 19:34:19	AddOrReplaceReadGroups	Processed   210,000,000 records.  Elapsed time: 00:32:46s.  Time for last 1,000,000:    8s.  Last read position: 9:78,175,455
INFO	2020-05-19 19:34:27	AddOrReplaceReadGroups	Processed   211,000,000 records.  Elapsed time: 00:32:54s.  Time for last 1,000,000:    8s.  Last read position: 9:78,175,476
INFO	2020-05-19 19:34:36	AddOrReplaceReadGroups	Processed   212,000,000 records.  Elapsed time: 00:33:03s.  Time for last 1,000,000:    9s.  Last read position: 9:78,175,505
INFO	2020-05-19 19:34:45	AddOrReplaceReadGroups	Processed   213,000,000 records.  Elapsed time: 00:33:12s.  Time for last 1,000,000:    9s.  Last read position: 9:78,175,525
INFO	2020-05-19 19:34:54	AddOrReplaceReadGroups	Processed   214,000,000 records.  Elapsed time: 00:33:21s.  Time for last 1,000,000:    9s.  Last read position: 9:88,553,244
INFO	2020-05-19 19:35:04	AddOrReplaceReadGroups	Processed   215,000,000 records.  Elapsed time: 00:33:31s.  Time for last 1,000,000:    9s.  Last read position: 9:107,578,234
INFO	2020-05-19 19:35:13	AddOrReplaceReadGroups	Processed   216,000,000 records.  Elapsed time: 00:33:40s.  Time for last 1,000,000:    9s.  Last read position: 9:110,374,110
INFO	2020-05-19 19:35:23	AddOrReplaceReadGroups	Processed   217,000,000 records.  Elapsed time: 00:33:50s.  Time for last 1,000,000:    9s.  Last read position: 9:120,955,832
INFO	2020-05-19 19:35:31	AddOrReplaceReadGroups	Processed   218,000,000 records.  Elapsed time: 00:33:58s.  Time for last 1,000,000:    8s.  Last read position: MT:1,398
INFO	2020-05-19 19:35:40	AddOrReplaceReadGroups	Processed   219,000,000 records.  Elapsed time: 00:34:07s.  Time for last 1,000,000:    9s.  Last read position: MT:6,052
INFO	2020-05-19 19:35:49	AddOrReplaceReadGroups	Processed   220,000,000 records.  Elapsed time: 00:34:16s.  Time for last 1,000,000:    8s.  Last read position: MT:7,237
INFO	2020-05-19 19:35:58	AddOrReplaceReadGroups	Processed   221,000,000 records.  Elapsed time: 00:34:25s.  Time for last 1,000,000:    8s.  Last read position: X:20,663,065
INFO	2020-05-19 19:36:07	AddOrReplaceReadGroups	Processed   222,000,000 records.  Elapsed time: 00:34:34s.  Time for last 1,000,000:    9s.  Last read position: X:74,297,268
INFO	2020-05-19 19:36:17	AddOrReplaceReadGroups	Processed   223,000,000 records.  Elapsed time: 00:34:44s.  Time for last 1,000,000:   10s.  Last read position: X:135,763,902
[Tue May 19 19:36:26 EDT 2020] picard.sam.AddOrReplaceReadGroups done. Elapsed time: 34.89 minutes.
Runtime.totalMemory()=536870912
